c:\users\rben.keck-center\documents\neurogpu2\vs\neurogpulast\neurogpu6\x64\debug\allmodels.obj
c:\users\rben.keck-center\documents\neurogpu2\vs\neurogpulast\neurogpu6\x64\debug\mainc.obj
c:\users\rben.keck-center\documents\neurogpu2\vs\neurogpulast\neurogpu6\x64\debug\util.obj
c:\users\rben.keck-center\documents\neurogpu2\vs\neurogpulast\neurogpu6\x64\debug\vc110.pdb
c:\users\rben.keck-center\documents\github\neurogpu\vs\neurogpulast\neurogpu6\x64\debug\allmodels.obj
c:\users\rben.keck-center\documents\github\neurogpu\vs\neurogpulast\neurogpu6\x64\debug\mainc.obj
c:\users\rben.keck-center\documents\github\neurogpu\vs\neurogpulast\neurogpu6\x64\debug\util.obj
c:\users\rben.keck-center\documents\github\neurogpu\vs\neurogpulast\neurogpu6\x64\debug\vc110.pdb
c:\users\rben.keck-center\documents\neurogpu2\vs\neurogpulast\x64\debug\neurogpu6.ilk
c:\users\rben.keck-center\documents\neurogpu2\vs\neurogpulast\x64\debug\neurogpu6.exe
c:\users\rben.keck-center\documents\neurogpu2\vs\neurogpulast\x64\debug\neurogpu6.pdb
c:\users\rben.keck-center\documents\github\neurogpu\vs\neurogpulast\x64\debug\neurogpu6.ilk
c:\users\rben.keck-center\documents\github\neurogpu\vs\neurogpulast\x64\debug\neurogpu6.exe
c:\users\rben.keck-center\documents\github\neurogpu\vs\neurogpulast\x64\debug\neurogpu6.pdb
c:\users\bensr\documents\github\neurogpu\vs\neurogpulast7_5\neurogpu6\x64\debug\cudastuff.cu.cache
c:\users\bensr\documents\github\neurogpu\vs\neurogpulast7_5\neurogpu6\x64\debug\kernel.cu.cache
c:\users\bensr\documents\github\neurogpu\vs\neurogpulast7_5\neurogpu6\x64\debug\allmodels.obj
c:\users\bensr\documents\github\neurogpu\vs\neurogpulast7_5\neurogpu6\x64\debug\cudastuff.cu.obj
c:\users\bensr\documents\github\neurogpu\vs\neurogpulast7_5\neurogpu6\x64\debug\kernel.cu.obj
c:\users\bensr\documents\github\neurogpu\vs\neurogpulast7_5\neurogpu6\x64\debug\mainc.obj
c:\users\bensr\documents\github\neurogpu\vs\neurogpulast7_5\neurogpu6\x64\debug\util.obj
c:\users\bensr\documents\github\neurogpu\vs\neurogpulast7_5\neurogpu6\x64\debug\cl.command.1.tlog
c:\users\bensr\documents\github\neurogpu\vs\neurogpulast7_5\neurogpu6\x64\debug\cl.read.1.tlog
c:\users\bensr\documents\github\neurogpu\vs\neurogpulast7_5\neurogpu6\x64\debug\cl.write.1.tlog
c:\users\bensr\documents\github\neurogpu\vs\neurogpulast7_5\neurogpu6\x64\debug\link-cvtres.read.1.tlog
c:\users\bensr\documents\github\neurogpu\vs\neurogpulast7_5\neurogpu6\x64\debug\link-cvtres.write.1.tlog
c:\users\bensr\documents\github\neurogpu\vs\neurogpulast7_5\neurogpu6\x64\debug\link-rc.read.1.tlog
c:\users\bensr\documents\github\neurogpu\vs\neurogpulast7_5\neurogpu6\x64\debug\link-rc.write.1.tlog
c:\users\bensr\documents\github\neurogpu\vs\neurogpulast7_5\neurogpu6\x64\debug\link.command.1.tlog
c:\users\bensr\documents\github\neurogpu\vs\neurogpulast7_5\neurogpu6\x64\debug\link.read.1.tlog
c:\users\bensr\documents\github\neurogpu\vs\neurogpulast7_5\neurogpu6\x64\debug\link.write.1.tlog
c:\users\bensr\documents\github\neurogpu\vs\neurogpulast7_5\neurogpu6\x64\debug\vc110.idb
c:\users\bensr\documents\github\neurogpu\vs\neurogpulast7_5\neurogpu6\x64\debug\vc110.pdb
c:\users\bensr\documents\github\neurogpu\vs\neurogpulast7_5\x64\debug\neurogpu6.pdb
c:\users\bensr\documents\github\neurogpu\vs\neurogpulast7_5\x64\debug\neurogpu6.exe
c:\users\bensr\documents\github\neurogpu\vs\neurogpulast7_5\x64\debug\neurogpu6.ilk
