c:\users\rben.keck-center\documents\github\neurogpu\vs\neurogpulast7_5mainen\neurogpu6\x64\debug\vc120.pdb
c:\users\rben.keck-center\documents\github\neurogpu\vs\neurogpulast7_5mainen\neurogpu6\x64\debug\vc120.idb
c:\users\rben.keck-center\documents\github\neurogpu\vs\neurogpulast7_5mainen\neurogpu6\x64\debug\allmodels.obj
c:\users\rben.keck-center\documents\github\neurogpu\vs\neurogpulast7_5mainen\neurogpu6\x64\debug\mainc.obj
c:\users\rben.keck-center\documents\github\neurogpu\vs\neurogpulast7_5mainen\neurogpu6\x64\debug\util.obj
c:\users\rben.keck-center\documents\github\neurogpu\vs\neurogpulast7_5mainen\neurogpu6\x64\debug\allmodels.cu.cache
c:\users\rben.keck-center\documents\github\neurogpu\vs\neurogpulast7_5mainen\neurogpu6\x64\debug\cudastuff.cu.cache
c:\users\rben.keck-center\documents\github\neurogpu\vs\neurogpulast7_5mainen\neurogpu6\x64\debug\allmodels.cu.obj
c:\users\rben.keck-center\documents\github\neurogpu\vs\neurogpulast7_5mainen\neurogpu6\x64\debug\cudastuff.cu.obj
c:\users\rben.keck-center\documents\github\neurogpu\vs\neurogpulast7_5mainen\x64\debug\neurogpu6.pdb
c:\users\rben.keck-center\documents\github\neurogpu\vs\neurogpulast7_5mainen\neurogpu6\x64\debug\neurogpu6.tlog\cl.command.1.tlog
c:\users\rben.keck-center\documents\github\neurogpu\vs\neurogpulast7_5mainen\neurogpu6\x64\debug\neurogpu6.tlog\cl.read.1.tlog
c:\users\rben.keck-center\documents\github\neurogpu\vs\neurogpulast7_5mainen\neurogpu6\x64\debug\neurogpu6.tlog\cl.write.1.tlog
c:\users\rben.keck-center\documents\github\neurogpu\vs\neurogpulast7_5mainen\neurogpu6\x64\debug\neurogpu6.tlog\link-cvtres.read.1.tlog
c:\users\rben.keck-center\documents\github\neurogpu\vs\neurogpulast7_5mainen\neurogpu6\x64\debug\neurogpu6.tlog\link-cvtres.write.1.tlog
c:\users\rben.keck-center\documents\github\neurogpu\vs\neurogpulast7_5mainen\neurogpu6\x64\debug\neurogpu6.tlog\link-rc.read.1.tlog
c:\users\rben.keck-center\documents\github\neurogpu\vs\neurogpulast7_5mainen\neurogpu6\x64\debug\neurogpu6.tlog\link-rc.write.1.tlog
c:\users\rben.keck-center\documents\github\neurogpu\vs\neurogpulast7_5mainen\neurogpu6\x64\debug\neurogpu6.tlog\link.command.1.tlog
c:\users\rben.keck-center\documents\github\neurogpu\vs\neurogpulast7_5mainen\neurogpu6\x64\debug\neurogpu6.tlog\link.read.1.tlog
c:\users\rben.keck-center\documents\github\neurogpu\vs\neurogpulast7_5mainen\neurogpu6\x64\debug\neurogpu6.tlog\link.write.1.tlog
