Build started 7/7/2017 7:59:18 PM.
     1>Project "C:\Users\rben.KECK-CENTER\Documents\GitHub\NeuroGPU\VS\NeuroGPULast7_5Markov2st\NeuroGPU6\NeuroGPU6.vcxproj" on node 2 (Build target(s)).
     1>AddCudaCompileDeps:
         C:\Program Files (x86)\Microsoft Visual Studio 12.0\VC\bin\x86_amd64\cl.exe /E /nologo /showIncludes /TP /D__CUDACC__ /DWIN32 /DWIN64 /D_DEBUG /D_CONSOLE /D_MBCS /I"C:\Program Files\NVIDIA GPU Computing Toolkit\CUDA\v7.5\include" /I"C:\Program Files\NVIDIA GPU Computing Toolkit\CUDA\v7.5\bin" /I"C:\Program Files\NVIDIA GPU Computing Toolkit\CUDA\v7.5\include" /I. /FIcuda_runtime.h /c C:\Users\rben.KECK-CENTER\Documents\GitHub\NeuroGPU\VS\NeuroGPULast7_5Markov2st\NeuroGPU6\CudaStuff.cu 
       CudaBuild:
         Compiling CUDA source file CudaStuff.cu...
         cmd.exe /C "C:\Users\rben.KECK-CENTER\AppData\Local\Temp\tmp2da78cfd4b414d9b8b954b16ed5c356f.cmd"
         "C:\Program Files\NVIDIA GPU Computing Toolkit\CUDA\v7.5\bin\nvcc.exe" -gencode=arch=compute_35,code=\"sm_35,compute_35\" --use-local-env --cl-version 2013 -ccbin "C:\Program Files (x86)\Microsoft Visual Studio 12.0\VC\bin\x86_amd64" -rdc=true -I"C:\Program Files\NVIDIA GPU Computing Toolkit\CUDA\v7.5\include" -I"C:\Program Files\NVIDIA GPU Computing Toolkit\CUDA\v7.5\include"  -G -lineinfo  --keep-dir x64\Debug -maxrregcount=0  --machine 64 --compile -cudart static  -g  -use_fast_math -DWIN32 -DWIN64 -D_DEBUG -D_CONSOLE -D_MBCS -Xcompiler "/EHsc /W3 /nologo /O2 /Zi  /MDd " -o x64\Debug\CudaStuff.cu.obj "C:\Users\rben.KECK-CENTER\Documents\GitHub\NeuroGPU\VS\NeuroGPULast7_5Markov2st\NeuroGPU6\CudaStuff.cu"
         
         C:\Users\rben.KECK-CENTER\Documents\GitHub\NeuroGPU\VS\NeuroGPULast7_5Markov2st\NeuroGPU6>"C:\Program Files\NVIDIA GPU Computing Toolkit\CUDA\v7.5\bin\nvcc.exe" -gencode=arch=compute_35,code=\"sm_35,compute_35\" --use-local-env --cl-version 2013 -ccbin "C:\Program Files (x86)\Microsoft Visual Studio 12.0\VC\bin\x86_amd64" -rdc=true -I"C:\Program Files\NVIDIA GPU Computing Toolkit\CUDA\v7.5\include" -I"C:\Program Files\NVIDIA GPU Computing Toolkit\CUDA\v7.5\include"  -G -lineinfo  --keep-dir x64\Debug -maxrregcount=0  --machine 64 --compile -cudart static  -g  -use_fast_math -DWIN32 -DWIN64 -D_DEBUG -D_CONSOLE -D_MBCS -Xcompiler "/EHsc /W3 /nologo /O2 /Zi  /MDd " -o x64\Debug\CudaStuff.cu.obj "C:\Users\rben.KECK-CENTER\Documents\GitHub\NeuroGPU\VS\NeuroGPULast7_5Markov2st\NeuroGPU6\CudaStuff.cu" 
     1>c:\users\rben.keck-center\documents\github\neurogpu\vs\neurogpulast7_5markov2st\neurogpu6\AllModels.cu(20): warning C4005: 'celsius' : macro redefinition
     1>c:\users\rben.keck-center\documents\github\neurogpu\vs\neurogpulast7_5markov2st\neurogpu6\AllModels.cu(21): warning C4005: 'stoprun' : macro redefinition
     1>c:\users\rben.keck-center\documents\github\neurogpu\vs\neurogpulast7_5markov2st\neurogpu6\AllModels.cu(22): warning C4005: 'clamp_resist' : macro redefinition
     1>c:\users\rben.keck-center\documents\github\neurogpu\vs\neurogpulast7_5markov2st\neurogpu6\AllModels.cu(23): warning C4005: 'secondorder' : macro redefinition
     1>c:\users\rben.keck-center\documents\github\neurogpu\vs\neurogpulast7_5markov2st\neurogpu6\AllModels.cu(80): error : expression must have a constant value
     1>c:\users\rben.keck-center\documents\github\neurogpu\vs\neurogpulast7_5markov2st\neurogpu6\AllModels.cu(80): error : expression must have a constant value
     1>c:\users\rben.keck-center\documents\github\neurogpu\vs\neurogpulast7_5markov2st\neurogpu6\AllModels.cu(81): error : expression must have a constant value
     1>c:\users\rben.keck-center\documents\github\neurogpu\vs\neurogpulast7_5markov2st\neurogpu6\AllModels.cu(81): error : expression must have a constant value
     1>c:\users\rben.keck-center\documents\github\neurogpu\vs\neurogpulast7_5markov2st\neurogpu6\AllModels.cu(231): warning : variable "debug" was declared but never referenced
     1>c:\users\rben.keck-center\documents\github\neurogpu\vs\neurogpulast7_5markov2st\neurogpu6\AllModels.cu(232): warning : variable "debug2" was declared but never referenced
     1>c:\users\rben.keck-center\documents\github\neurogpu\vs\neurogpulast7_5markov2st\neurogpu6\AllModels.cu(325): warning : missing return statement at end of non-void function "CuDerivModel_CO(float, float, float, float &, float &, float, float, float, float, float)"
     1>c:\users\rben.keck-center\documents\github\neurogpu\vs\neurogpulast7_5markov2st\neurogpu6\AllModels.cu(328): warning : variable "k12" was declared but never referenced
     1>c:\users\rben.keck-center\documents\github\neurogpu\vs\neurogpulast7_5markov2st\neurogpu6\AllModels.cu(328): warning : variable "k21" was declared but never referenced
     1>c:\users\rben.keck-center\documents\github\neurogpu\vs\neurogpulast7_5markov2st\neurogpu6\AllModels.cu(329): warning : variable "sum" was declared but never referenced
     1>c:\users\rben.keck-center\documents\github\neurogpu\vs\neurogpulast7_5markov2st\neurogpu6\AllModels.cu(351): warning : variable "gk" was declared but never referenced
     1>C:/Users/rben.KECK-CENTER/Documents/GitHub/NeuroGPU/VS/NeuroGPULast7_5Markov2st/NeuroGPU6/CudaStuff.cu(184): warning : variable "CurLevel" is used before its value is set
     1>C:/Users/rben.KECK-CENTER/Documents/GitHub/NeuroGPU/VS/NeuroGPULast7_5Markov2st/NeuroGPU6/CudaStuff.cu(290): warning : variable "StimID" was declared but never referenced
     1>C:/Users/rben.KECK-CENTER/Documents/GitHub/NeuroGPU/VS/NeuroGPULast7_5Markov2st/NeuroGPU6/CudaStuff.cu(328): warning : variable "isModel_1" was declared but never referenced
     1>C:/Users/rben.KECK-CENTER/Documents/GitHub/NeuroGPU/VS/NeuroGPULast7_5Markov2st/NeuroGPU6/CudaStuff.cu(328): warning : variable "dVec_1" was declared but never referenced
     1>C:/Users/rben.KECK-CENTER/Documents/GitHub/NeuroGPU/VS/NeuroGPULast7_5Markov2st/NeuroGPU6/CudaStuff.cu(328): warning : variable "isModel_2" was declared but never referenced
     1>C:/Users/rben.KECK-CENTER/Documents/GitHub/NeuroGPU/VS/NeuroGPULast7_5Markov2st/NeuroGPU6/CudaStuff.cu(328): warning : variable "dVec_2" was declared but never referenced
     1>C:/Users/rben.KECK-CENTER/Documents/GitHub/NeuroGPU/VS/NeuroGPULast7_5Markov2st/NeuroGPU6/CudaStuff.cu(335): warning : variable "SonNo_1" was declared but never referenced
     1>C:/Users/rben.KECK-CENTER/Documents/GitHub/NeuroGPU/VS/NeuroGPULast7_5Markov2st/NeuroGPU6/CudaStuff.cu(335): warning : variable "SonNo_2" was declared but never referenced
     1>C:/Users/rben.KECK-CENTER/Documents/GitHub/NeuroGPU/VS/NeuroGPULast7_5Markov2st/NeuroGPU6/CudaStuff.cu(484): warning : variable "SMemVHot" is used before its value is set
     1>C:/Users/rben.KECK-CENTER/Documents/GitHub/NeuroGPU/VS/NeuroGPULast7_5Markov2st/NeuroGPU6/CudaStuff.cu(484): warning : variable "amps" is used before its value is set
     1>C:/Users/rben.KECK-CENTER/Documents/GitHub/NeuroGPU/VS/NeuroGPULast7_5Markov2st/NeuroGPU6/CudaStuff.cu(500): warning : variable "FileName" was declared but never referenced
     1>C:/Users/rben.KECK-CENTER/Documents/GitHub/NeuroGPU/VS/NeuroGPULast7_5Markov2st/NeuroGPU6/CudaStuff.cu(835): warning : expression has no effect
     1>C:/Users/rben.KECK-CENTER/Documents/GitHub/NeuroGPU/VS/NeuroGPULast7_5Markov2st/NeuroGPU6/CudaStuff.cu(544): warning : variable "i" was declared but never referenced
     1>C:/Users/rben.KECK-CENTER/Documents/GitHub/NeuroGPU/VS/NeuroGPULast7_5Markov2st/NeuroGPU6/CudaStuff.cu(544): warning : variable "j" was declared but never referenced
     1>C:/Users/rben.KECK-CENTER/Documents/GitHub/NeuroGPU/VS/NeuroGPULast7_5Markov2st/NeuroGPU6/CudaStuff.cu(544): warning : variable "t" was declared but never referenced
     1>C:/Users/rben.KECK-CENTER/Documents/GitHub/NeuroGPU/VS/NeuroGPULast7_5Markov2st/NeuroGPU6/CudaStuff.cu(547): warning : variable "uHPOut_d" was declared but never referenced
     1>C:/Users/rben.KECK-CENTER/Documents/GitHub/NeuroGPU/VS/NeuroGPULast7_5Markov2st/NeuroGPU6/CudaStuff.cu(547): warning : variable "bHPOut_d" was declared but never referenced
         CudaStuff.cu
     1>C:\Program Files (x86)\MSBuild\Microsoft.Cpp\v4.0\V120\BuildCustomizations\CUDA 7.5.targets(604,9): error MSB3721: The command ""C:\Program Files\NVIDIA GPU Computing Toolkit\CUDA\v7.5\bin\nvcc.exe" -gencode=arch=compute_35,code=\"sm_35,compute_35\" --use-local-env --cl-version 2013 -ccbin "C:\Program Files (x86)\Microsoft Visual Studio 12.0\VC\bin\x86_amd64" -rdc=true -I"C:\Program Files\NVIDIA GPU Computing Toolkit\CUDA\v7.5\include" -I"C:\Program Files\NVIDIA GPU Computing Toolkit\CUDA\v7.5\include"  -G -lineinfo  --keep-dir x64\Debug -maxrregcount=0  --machine 64 --compile -cudart static  -g  -use_fast_math -DWIN32 -DWIN64 -D_DEBUG -D_CONSOLE -D_MBCS -Xcompiler "/EHsc /W3 /nologo /O2 /Zi  /MDd " -o x64\Debug\CudaStuff.cu.obj "C:\Users\rben.KECK-CENTER\Documents\GitHub\NeuroGPU\VS\NeuroGPULast7_5Markov2st\NeuroGPU6\CudaStuff.cu"" exited with code 2.
     1>Done Building Project "C:\Users\rben.KECK-CENTER\Documents\GitHub\NeuroGPU\VS\NeuroGPULast7_5Markov2st\NeuroGPU6\NeuroGPU6.vcxproj" (Build target(s)) -- FAILED.

Build FAILED.

Time Elapsed 00:00:07.47
