  Compiling CUDA source file CudaStuff.cu...
  
  C:\Users\rben.KECK-CENTER\Documents\GitHub\NeuroGPU\VS\NeuroGPULast7_5Mainen\NeuroGPU6>"C:\Program Files\NVIDIA GPU Computing Toolkit\CUDA\v7.5\bin\nvcc.exe" -gencode=arch=compute_20,code=\"sm_20,compute_20\" --use-local-env --cl-version 2013 -ccbin "C:\Program Files (x86)\Microsoft Visual Studio 12.0\VC\bin"  -I"C:\Program Files\NVIDIA GPU Computing Toolkit\CUDA\v7.5\include" -I"C:\Program Files\NVIDIA GPU Computing Toolkit\CUDA\v7.5\include"  -G   --keep-dir Debug -maxrregcount=0  --machine 32 --compile -cudart static  -g   -DWIN32 -D_DEBUG -D_CONSOLE -D_MBCS -Xcompiler "/EHsc /W3 /nologo /Ox /Zi  /MDd " -o Debug\CudaStuff.cu.obj "C:\Users\rben.KECK-CENTER\Documents\GitHub\NeuroGPU\VS\NeuroGPULast7_5Mainen\NeuroGPU6\CudaStuff.cu" 
c:\users\rben.keck-center\documents\github\neurogpu\vs\neurogpulast7_5mainen\neurogpu6\AllModels.cu(16): warning C4005: 'celsius' : macro redefinition
c:\users\rben.keck-center\documents\github\neurogpu\vs\neurogpulast7_5mainen\neurogpu6\AllModels.cu(17): warning C4005: 'stoprun' : macro redefinition
c:\users\rben.keck-center\documents\github\neurogpu\vs\neurogpulast7_5mainen\neurogpu6\AllModels.cu(18): warning C4005: 'clamp_resist' : macro redefinition
c:\users\rben.keck-center\documents\github\neurogpu\vs\neurogpulast7_5mainen\neurogpu6\AllModels.cu(19): warning C4005: 'secondorder' : macro redefinition
c:\users\rben.keck-center\documents\github\neurogpu\vs\neurogpulast7_5mainen\neurogpu6\AllModels.cu(222): warning : parameter "g_pas" was set but never used
c:\users\rben.keck-center\documents\github\neurogpu\vs\neurogpulast7_5mainen\neurogpu6\AllModels.cu(222): warning : parameter "e_pas" was set but never used
c:\users\rben.keck-center\documents\github\neurogpu\vs\neurogpulast7_5mainen\neurogpu6\AllModels.cu(268): warning : expression has no effect
c:\users\rben.keck-center\documents\github\neurogpu\vs\neurogpulast7_5mainen\neurogpu6\AllModels.cu(270): warning : variable "hinf" was declared but never referenced
c:\users\rben.keck-center\documents\github\neurogpu\vs\neurogpulast7_5mainen\neurogpu6\AllModels.cu(270): warning : variable "htau" was declared but never referenced
c:\users\rben.keck-center\documents\github\neurogpu\vs\neurogpulast7_5mainen\neurogpu6\AllModels.cu(270): warning : variable "minf" was declared but never referenced
c:\users\rben.keck-center\documents\github\neurogpu\vs\neurogpulast7_5mainen\neurogpu6\AllModels.cu(270): warning : variable "mtau" was declared but never referenced
c:\users\rben.keck-center\documents\github\neurogpu\vs\neurogpulast7_5mainen\neurogpu6\AllModels.cu(277): warning : variable "gca" was declared but never referenced
c:\users\rben.keck-center\documents\github\neurogpu\vs\neurogpulast7_5mainen\neurogpu6\AllModels.cu(280): warning : variable "gca" was declared but never referenced
c:\users\rben.keck-center\documents\github\neurogpu\vs\neurogpulast7_5mainen\neurogpu6\AllModels.cu(280): warning : variable "ninf" was declared but never referenced
c:\users\rben.keck-center\documents\github\neurogpu\vs\neurogpulast7_5mainen\neurogpu6\AllModels.cu(280): warning : variable "ntau" was declared but never referenced
c:\users\rben.keck-center\documents\github\neurogpu\vs\neurogpulast7_5mainen\neurogpu6\AllModels.cu(288): warning : variable "ninf" was declared but never referenced
c:\users\rben.keck-center\documents\github\neurogpu\vs\neurogpulast7_5mainen\neurogpu6\AllModels.cu(288): warning : variable "ntau" was declared but never referenced
c:\users\rben.keck-center\documents\github\neurogpu\vs\neurogpulast7_5mainen\neurogpu6\AllModels.cu(296): warning : variable "ninf" was declared but never referenced
c:\users\rben.keck-center\documents\github\neurogpu\vs\neurogpulast7_5mainen\neurogpu6\AllModels.cu(296): warning : variable "ntau" was declared but never referenced
c:\users\rben.keck-center\documents\github\neurogpu\vs\neurogpulast7_5mainen\neurogpu6\AllModels.cu(304): warning : variable "hinf" was declared but never referenced
c:\users\rben.keck-center\documents\github\neurogpu\vs\neurogpulast7_5mainen\neurogpu6\AllModels.cu(304): warning : variable "htau" was declared but never referenced
c:\users\rben.keck-center\documents\github\neurogpu\vs\neurogpulast7_5mainen\neurogpu6\AllModels.cu(304): warning : variable "minf" was declared but never referenced
c:\users\rben.keck-center\documents\github\neurogpu\vs\neurogpulast7_5mainen\neurogpu6\AllModels.cu(304): warning : variable "mtau" was declared but never referenced
c:\users\rben.keck-center\documents\github\neurogpu\vs\neurogpulast7_5mainen\neurogpu6\AllModels.cu(312): warning : variable "gpas" was declared but never referenced
C:/Users/rben.KECK-CENTER/Documents/GitHub/NeuroGPU/VS/NeuroGPULast7_5Mainen/NeuroGPU6/CudaStuff.cu(184): warning : variable "CurLevel" is used before its value is set
C:/Users/rben.KECK-CENTER/Documents/GitHub/NeuroGPU/VS/NeuroGPULast7_5Mainen/NeuroGPU6/CudaStuff.cu(290): warning : variable "StimID" was declared but never referenced
C:/Users/rben.KECK-CENTER/Documents/GitHub/NeuroGPU/VS/NeuroGPULast7_5Mainen/NeuroGPU6/CudaStuff.cu(328): warning : variable "isModel_1" was declared but never referenced
C:/Users/rben.KECK-CENTER/Documents/GitHub/NeuroGPU/VS/NeuroGPULast7_5Mainen/NeuroGPU6/CudaStuff.cu(328): warning : variable "dVec_1" was declared but never referenced
C:/Users/rben.KECK-CENTER/Documents/GitHub/NeuroGPU/VS/NeuroGPULast7_5Mainen/NeuroGPU6/CudaStuff.cu(328): warning : variable "isModel_2" was declared but never referenced
C:/Users/rben.KECK-CENTER/Documents/GitHub/NeuroGPU/VS/NeuroGPULast7_5Mainen/NeuroGPU6/CudaStuff.cu(328): warning : variable "dVec_2" was declared but never referenced
C:/Users/rben.KECK-CENTER/Documents/GitHub/NeuroGPU/VS/NeuroGPULast7_5Mainen/NeuroGPU6/CudaStuff.cu(328): warning : variable "isModel_3" was declared but never referenced
C:/Users/rben.KECK-CENTER/Documents/GitHub/NeuroGPU/VS/NeuroGPULast7_5Mainen/NeuroGPU6/CudaStuff.cu(328): warning : variable "dVec_3" was declared but never referenced
C:/Users/rben.KECK-CENTER/Documents/GitHub/NeuroGPU/VS/NeuroGPULast7_5Mainen/NeuroGPU6/CudaStuff.cu(328): warning : variable "isModel_4" was declared but never referenced
C:/Users/rben.KECK-CENTER/Documents/GitHub/NeuroGPU/VS/NeuroGPULast7_5Mainen/NeuroGPU6/CudaStuff.cu(328): warning : variable "dVec_4" was declared but never referenced
C:/Users/rben.KECK-CENTER/Documents/GitHub/NeuroGPU/VS/NeuroGPULast7_5Mainen/NeuroGPU6/CudaStuff.cu(328): warning : variable "isModel_5" was declared but never referenced
C:/Users/rben.KECK-CENTER/Documents/GitHub/NeuroGPU/VS/NeuroGPULast7_5Mainen/NeuroGPU6/CudaStuff.cu(328): warning : variable "dVec_5" was declared but never referenced
C:/Users/rben.KECK-CENTER/Documents/GitHub/NeuroGPU/VS/NeuroGPULast7_5Mainen/NeuroGPU6/CudaStuff.cu(328): warning : variable "isModel_6" was declared but never referenced
C:/Users/rben.KECK-CENTER/Documents/GitHub/NeuroGPU/VS/NeuroGPULast7_5Mainen/NeuroGPU6/CudaStuff.cu(328): warning : variable "dVec_6" was declared but never referenced
C:/Users/rben.KECK-CENTER/Documents/GitHub/NeuroGPU/VS/NeuroGPULast7_5Mainen/NeuroGPU6/CudaStuff.cu(328): warning : variable "isModel_7" was declared but never referenced
C:/Users/rben.KECK-CENTER/Documents/GitHub/NeuroGPU/VS/NeuroGPULast7_5Mainen/NeuroGPU6/CudaStuff.cu(328): warning : variable "dVec_7" was declared but never referenced
C:/Users/rben.KECK-CENTER/Documents/GitHub/NeuroGPU/VS/NeuroGPULast7_5Mainen/NeuroGPU6/CudaStuff.cu(328): warning : variable "isModel_8" was declared but never referenced
C:/Users/rben.KECK-CENTER/Documents/GitHub/NeuroGPU/VS/NeuroGPULast7_5Mainen/NeuroGPU6/CudaStuff.cu(328): warning : variable "dVec_8" was declared but never referenced
C:/Users/rben.KECK-CENTER/Documents/GitHub/NeuroGPU/VS/NeuroGPULast7_5Mainen/NeuroGPU6/CudaStuff.cu(328): warning : variable "isModel_9" was declared but never referenced
C:/Users/rben.KECK-CENTER/Documents/GitHub/NeuroGPU/VS/NeuroGPULast7_5Mainen/NeuroGPU6/CudaStuff.cu(328): warning : variable "dVec_9" was declared but never referenced
C:/Users/rben.KECK-CENTER/Documents/GitHub/NeuroGPU/VS/NeuroGPULast7_5Mainen/NeuroGPU6/CudaStuff.cu(328): warning : variable "isModel_10" was declared but never referenced
C:/Users/rben.KECK-CENTER/Documents/GitHub/NeuroGPU/VS/NeuroGPULast7_5Mainen/NeuroGPU6/CudaStuff.cu(328): warning : variable "dVec_10" was declared but never referenced
C:/Users/rben.KECK-CENTER/Documents/GitHub/NeuroGPU/VS/NeuroGPULast7_5Mainen/NeuroGPU6/CudaStuff.cu(328): warning : variable "isModel_11" was declared but never referenced
C:/Users/rben.KECK-CENTER/Documents/GitHub/NeuroGPU/VS/NeuroGPULast7_5Mainen/NeuroGPU6/CudaStuff.cu(328): warning : variable "dVec_11" was declared but never referenced
C:/Users/rben.KECK-CENTER/Documents/GitHub/NeuroGPU/VS/NeuroGPULast7_5Mainen/NeuroGPU6/CudaStuff.cu(328): warning : variable "isModel_12" was declared but never referenced
C:/Users/rben.KECK-CENTER/Documents/GitHub/NeuroGPU/VS/NeuroGPULast7_5Mainen/NeuroGPU6/CudaStuff.cu(328): warning : variable "dVec_12" was declared but never referenced
C:/Users/rben.KECK-CENTER/Documents/GitHub/NeuroGPU/VS/NeuroGPULast7_5Mainen/NeuroGPU6/CudaStuff.cu(335): warning : variable "SonNo_1" was declared but never referenced
C:/Users/rben.KECK-CENTER/Documents/GitHub/NeuroGPU/VS/NeuroGPULast7_5Mainen/NeuroGPU6/CudaStuff.cu(335): warning : variable "SonNo_2" was declared but never referenced
C:/Users/rben.KECK-CENTER/Documents/GitHub/NeuroGPU/VS/NeuroGPULast7_5Mainen/NeuroGPU6/CudaStuff.cu(335): warning : variable "SonNo_3" was declared but never referenced
C:/Users/rben.KECK-CENTER/Documents/GitHub/NeuroGPU/VS/NeuroGPULast7_5Mainen/NeuroGPU6/CudaStuff.cu(335): warning : variable "SonNo_4" was declared but never referenced
C:/Users/rben.KECK-CENTER/Documents/GitHub/NeuroGPU/VS/NeuroGPULast7_5Mainen/NeuroGPU6/CudaStuff.cu(335): warning : variable "SonNo_5" was declared but never referenced
C:/Users/rben.KECK-CENTER/Documents/GitHub/NeuroGPU/VS/NeuroGPULast7_5Mainen/NeuroGPU6/CudaStuff.cu(335): warning : variable "SonNo_6" was declared but never referenced
C:/Users/rben.KECK-CENTER/Documents/GitHub/NeuroGPU/VS/NeuroGPULast7_5Mainen/NeuroGPU6/CudaStuff.cu(335): warning : variable "SonNo_7" was declared but never referenced
C:/Users/rben.KECK-CENTER/Documents/GitHub/NeuroGPU/VS/NeuroGPULast7_5Mainen/NeuroGPU6/CudaStuff.cu(335): warning : variable "SonNo_8" was declared but never referenced
C:/Users/rben.KECK-CENTER/Documents/GitHub/NeuroGPU/VS/NeuroGPULast7_5Mainen/NeuroGPU6/CudaStuff.cu(335): warning : variable "SonNo_9" was declared but never referenced
C:/Users/rben.KECK-CENTER/Documents/GitHub/NeuroGPU/VS/NeuroGPULast7_5Mainen/NeuroGPU6/CudaStuff.cu(335): warning : variable "SonNo_10" was declared but never referenced
C:/Users/rben.KECK-CENTER/Documents/GitHub/NeuroGPU/VS/NeuroGPULast7_5Mainen/NeuroGPU6/CudaStuff.cu(335): warning : variable "SonNo_11" was declared but never referenced
C:/Users/rben.KECK-CENTER/Documents/GitHub/NeuroGPU/VS/NeuroGPULast7_5Mainen/NeuroGPU6/CudaStuff.cu(335): warning : variable "SonNo_12" was declared but never referenced
C:/Users/rben.KECK-CENTER/Documents/GitHub/NeuroGPU/VS/NeuroGPULast7_5Mainen/NeuroGPU6/CudaStuff.cu(484): warning : variable "SMemVHot" is used before its value is set
C:/Users/rben.KECK-CENTER/Documents/GitHub/NeuroGPU/VS/NeuroGPULast7_5Mainen/NeuroGPU6/CudaStuff.cu(484): warning : variable "amps" is used before its value is set
C:/Users/rben.KECK-CENTER/Documents/GitHub/NeuroGPU/VS/NeuroGPULast7_5Mainen/NeuroGPU6/CudaStuff.cu(500): warning : variable "FileName" was declared but never referenced
C:/Users/rben.KECK-CENTER/Documents/GitHub/NeuroGPU/VS/NeuroGPULast7_5Mainen/NeuroGPU6/CudaStuff.cu(835): warning : expression has no effect
C:/Users/rben.KECK-CENTER/Documents/GitHub/NeuroGPU/VS/NeuroGPULast7_5Mainen/NeuroGPU6/CudaStuff.cu(544): warning : variable "i" was declared but never referenced
C:/Users/rben.KECK-CENTER/Documents/GitHub/NeuroGPU/VS/NeuroGPULast7_5Mainen/NeuroGPU6/CudaStuff.cu(544): warning : variable "j" was declared but never referenced
C:/Users/rben.KECK-CENTER/Documents/GitHub/NeuroGPU/VS/NeuroGPULast7_5Mainen/NeuroGPU6/CudaStuff.cu(544): warning : variable "t" was declared but never referenced
C:/Users/rben.KECK-CENTER/Documents/GitHub/NeuroGPU/VS/NeuroGPULast7_5Mainen/NeuroGPU6/CudaStuff.cu(547): warning : variable "uHPOut_d" was declared but never referenced
C:/Users/rben.KECK-CENTER/Documents/GitHub/NeuroGPU/VS/NeuroGPULast7_5Mainen/NeuroGPU6/CudaStuff.cu(547): warning : variable "bHPOut_d" was declared but never referenced
c:\users\rben.keck-center\documents\github\neurogpu\vs\neurogpulast7_5mainen\neurogpu6\AllModels.cu(16): warning C4005: 'celsius' : macro redefinition
c:\users\rben.keck-center\documents\github\neurogpu\vs\neurogpulast7_5mainen\neurogpu6\AllModels.cu(17): warning C4005: 'stoprun' : macro redefinition
c:\users\rben.keck-center\documents\github\neurogpu\vs\neurogpulast7_5mainen\neurogpu6\AllModels.cu(18): warning C4005: 'clamp_resist' : macro redefinition
c:\users\rben.keck-center\documents\github\neurogpu\vs\neurogpulast7_5mainen\neurogpu6\AllModels.cu(19): warning C4005: 'secondorder' : macro redefinition
c:\users\rben.keck-center\documents\github\neurogpu\vs\neurogpulast7_5mainen\neurogpu6\AllModels.cu(222): warning : parameter "g_pas" was set but never used
c:\users\rben.keck-center\documents\github\neurogpu\vs\neurogpulast7_5mainen\neurogpu6\AllModels.cu(222): warning : parameter "e_pas" was set but never used
c:\users\rben.keck-center\documents\github\neurogpu\vs\neurogpulast7_5mainen\neurogpu6\AllModels.cu(268): warning : expression has no effect
c:\users\rben.keck-center\documents\github\neurogpu\vs\neurogpulast7_5mainen\neurogpu6\AllModels.cu(270): warning : variable "hinf" was declared but never referenced
c:\users\rben.keck-center\documents\github\neurogpu\vs\neurogpulast7_5mainen\neurogpu6\AllModels.cu(270): warning : variable "htau" was declared but never referenced
c:\users\rben.keck-center\documents\github\neurogpu\vs\neurogpulast7_5mainen\neurogpu6\AllModels.cu(270): warning : variable "minf" was declared but never referenced
c:\users\rben.keck-center\documents\github\neurogpu\vs\neurogpulast7_5mainen\neurogpu6\AllModels.cu(270): warning : variable "mtau" was declared but never referenced
c:\users\rben.keck-center\documents\github\neurogpu\vs\neurogpulast7_5mainen\neurogpu6\AllModels.cu(277): warning : variable "gca" was declared but never referenced
c:\users\rben.keck-center\documents\github\neurogpu\vs\neurogpulast7_5mainen\neurogpu6\AllModels.cu(280): warning : variable "gca" was declared but never referenced
c:\users\rben.keck-center\documents\github\neurogpu\vs\neurogpulast7_5mainen\neurogpu6\AllModels.cu(280): warning : variable "ninf" was declared but never referenced
c:\users\rben.keck-center\documents\github\neurogpu\vs\neurogpulast7_5mainen\neurogpu6\AllModels.cu(280): warning : variable "ntau" was declared but never referenced
c:\users\rben.keck-center\documents\github\neurogpu\vs\neurogpulast7_5mainen\neurogpu6\AllModels.cu(288): warning : variable "ninf" was declared but never referenced
c:\users\rben.keck-center\documents\github\neurogpu\vs\neurogpulast7_5mainen\neurogpu6\AllModels.cu(288): warning : variable "ntau" was declared but never referenced
c:\users\rben.keck-center\documents\github\neurogpu\vs\neurogpulast7_5mainen\neurogpu6\AllModels.cu(296): warning : variable "ninf" was declared but never referenced
c:\users\rben.keck-center\documents\github\neurogpu\vs\neurogpulast7_5mainen\neurogpu6\AllModels.cu(296): warning : variable "ntau" was declared but never referenced
c:\users\rben.keck-center\documents\github\neurogpu\vs\neurogpulast7_5mainen\neurogpu6\AllModels.cu(304): warning : variable "hinf" was declared but never referenced
c:\users\rben.keck-center\documents\github\neurogpu\vs\neurogpulast7_5mainen\neurogpu6\AllModels.cu(304): warning : variable "htau" was declared but never referenced
c:\users\rben.keck-center\documents\github\neurogpu\vs\neurogpulast7_5mainen\neurogpu6\AllModels.cu(304): warning : variable "minf" was declared but never referenced
c:\users\rben.keck-center\documents\github\neurogpu\vs\neurogpulast7_5mainen\neurogpu6\AllModels.cu(304): warning : variable "mtau" was declared but never referenced
c:\users\rben.keck-center\documents\github\neurogpu\vs\neurogpulast7_5mainen\neurogpu6\AllModels.cu(312): warning : variable "gpas" was declared but never referenced
C:/Users/rben.KECK-CENTER/Documents/GitHub/NeuroGPU/VS/NeuroGPULast7_5Mainen/NeuroGPU6/CudaStuff.cu(184): warning : variable "CurLevel" is used before its value is set
C:/Users/rben.KECK-CENTER/Documents/GitHub/NeuroGPU/VS/NeuroGPULast7_5Mainen/NeuroGPU6/CudaStuff.cu(290): warning : variable "StimID" was declared but never referenced
C:/Users/rben.KECK-CENTER/Documents/GitHub/NeuroGPU/VS/NeuroGPULast7_5Mainen/NeuroGPU6/CudaStuff.cu(328): warning : variable "isModel_1" was declared but never referenced
C:/Users/rben.KECK-CENTER/Documents/GitHub/NeuroGPU/VS/NeuroGPULast7_5Mainen/NeuroGPU6/CudaStuff.cu(328): warning : variable "dVec_1" was declared but never referenced
C:/Users/rben.KECK-CENTER/Documents/GitHub/NeuroGPU/VS/NeuroGPULast7_5Mainen/NeuroGPU6/CudaStuff.cu(328): warning : variable "isModel_2" was declared but never referenced
C:/Users/rben.KECK-CENTER/Documents/GitHub/NeuroGPU/VS/NeuroGPULast7_5Mainen/NeuroGPU6/CudaStuff.cu(328): warning : variable "dVec_2" was declared but never referenced
C:/Users/rben.KECK-CENTER/Documents/GitHub/NeuroGPU/VS/NeuroGPULast7_5Mainen/NeuroGPU6/CudaStuff.cu(328): warning : variable "isModel_3" was declared but never referenced
C:/Users/rben.KECK-CENTER/Documents/GitHub/NeuroGPU/VS/NeuroGPULast7_5Mainen/NeuroGPU6/CudaStuff.cu(328): warning : variable "dVec_3" was declared but never referenced
C:/Users/rben.KECK-CENTER/Documents/GitHub/NeuroGPU/VS/NeuroGPULast7_5Mainen/NeuroGPU6/CudaStuff.cu(328): warning : variable "isModel_4" was declared but never referenced
C:/Users/rben.KECK-CENTER/Documents/GitHub/NeuroGPU/VS/NeuroGPULast7_5Mainen/NeuroGPU6/CudaStuff.cu(328): warning : variable "dVec_4" was declared but never referenced
C:/Users/rben.KECK-CENTER/Documents/GitHub/NeuroGPU/VS/NeuroGPULast7_5Mainen/NeuroGPU6/CudaStuff.cu(328): warning : variable "isModel_5" was declared but never referenced
C:/Users/rben.KECK-CENTER/Documents/GitHub/NeuroGPU/VS/NeuroGPULast7_5Mainen/NeuroGPU6/CudaStuff.cu(328): warning : variable "dVec_5" was declared but never referenced
C:/Users/rben.KECK-CENTER/Documents/GitHub/NeuroGPU/VS/NeuroGPULast7_5Mainen/NeuroGPU6/CudaStuff.cu(328): warning : variable "isModel_6" was declared but never referenced
C:/Users/rben.KECK-CENTER/Documents/GitHub/NeuroGPU/VS/NeuroGPULast7_5Mainen/NeuroGPU6/CudaStuff.cu(328): warning : variable "dVec_6" was declared but never referenced
C:/Users/rben.KECK-CENTER/Documents/GitHub/NeuroGPU/VS/NeuroGPULast7_5Mainen/NeuroGPU6/CudaStuff.cu(328): warning : variable "isModel_7" was declared but never referenced
C:/Users/rben.KECK-CENTER/Documents/GitHub/NeuroGPU/VS/NeuroGPULast7_5Mainen/NeuroGPU6/CudaStuff.cu(328): warning : variable "dVec_7" was declared but never referenced
C:/Users/rben.KECK-CENTER/Documents/GitHub/NeuroGPU/VS/NeuroGPULast7_5Mainen/NeuroGPU6/CudaStuff.cu(328): warning : variable "isModel_8" was declared but never referenced
C:/Users/rben.KECK-CENTER/Documents/GitHub/NeuroGPU/VS/NeuroGPULast7_5Mainen/NeuroGPU6/CudaStuff.cu(328): warning : variable "dVec_8" was declared but never referenced
C:/Users/rben.KECK-CENTER/Documents/GitHub/NeuroGPU/VS/NeuroGPULast7_5Mainen/NeuroGPU6/CudaStuff.cu(328): warning : variable "isModel_9" was declared but never referenced
C:/Users/rben.KECK-CENTER/Documents/GitHub/NeuroGPU/VS/NeuroGPULast7_5Mainen/NeuroGPU6/CudaStuff.cu(328): warning : variable "dVec_9" was declared but never referenced
C:/Users/rben.KECK-CENTER/Documents/GitHub/NeuroGPU/VS/NeuroGPULast7_5Mainen/NeuroGPU6/CudaStuff.cu(328): warning : variable "isModel_10" was declared but never referenced
C:/Users/rben.KECK-CENTER/Documents/GitHub/NeuroGPU/VS/NeuroGPULast7_5Mainen/NeuroGPU6/CudaStuff.cu(328): warning : variable "dVec_10" was declared but never referenced
C:/Users/rben.KECK-CENTER/Documents/GitHub/NeuroGPU/VS/NeuroGPULast7_5Mainen/NeuroGPU6/CudaStuff.cu(328): warning : variable "isModel_11" was declared but never referenced
C:/Users/rben.KECK-CENTER/Documents/GitHub/NeuroGPU/VS/NeuroGPULast7_5Mainen/NeuroGPU6/CudaStuff.cu(328): warning : variable "dVec_11" was declared but never referenced
C:/Users/rben.KECK-CENTER/Documents/GitHub/NeuroGPU/VS/NeuroGPULast7_5Mainen/NeuroGPU6/CudaStuff.cu(328): warning : variable "isModel_12" was declared but never referenced
C:/Users/rben.KECK-CENTER/Documents/GitHub/NeuroGPU/VS/NeuroGPULast7_5Mainen/NeuroGPU6/CudaStuff.cu(328): warning : variable "dVec_12" was declared but never referenced
C:/Users/rben.KECK-CENTER/Documents/GitHub/NeuroGPU/VS/NeuroGPULast7_5Mainen/NeuroGPU6/CudaStuff.cu(335): warning : variable "SonNo_1" was declared but never referenced
C:/Users/rben.KECK-CENTER/Documents/GitHub/NeuroGPU/VS/NeuroGPULast7_5Mainen/NeuroGPU6/CudaStuff.cu(335): warning : variable "SonNo_2" was declared but never referenced
C:/Users/rben.KECK-CENTER/Documents/GitHub/NeuroGPU/VS/NeuroGPULast7_5Mainen/NeuroGPU6/CudaStuff.cu(335): warning : variable "SonNo_3" was declared but never referenced
C:/Users/rben.KECK-CENTER/Documents/GitHub/NeuroGPU/VS/NeuroGPULast7_5Mainen/NeuroGPU6/CudaStuff.cu(335): warning : variable "SonNo_4" was declared but never referenced
C:/Users/rben.KECK-CENTER/Documents/GitHub/NeuroGPU/VS/NeuroGPULast7_5Mainen/NeuroGPU6/CudaStuff.cu(335): warning : variable "SonNo_5" was declared but never referenced
C:/Users/rben.KECK-CENTER/Documents/GitHub/NeuroGPU/VS/NeuroGPULast7_5Mainen/NeuroGPU6/CudaStuff.cu(335): warning : variable "SonNo_6" was declared but never referenced
C:/Users/rben.KECK-CENTER/Documents/GitHub/NeuroGPU/VS/NeuroGPULast7_5Mainen/NeuroGPU6/CudaStuff.cu(335): warning : variable "SonNo_7" was declared but never referenced
C:/Users/rben.KECK-CENTER/Documents/GitHub/NeuroGPU/VS/NeuroGPULast7_5Mainen/NeuroGPU6/CudaStuff.cu(335): warning : variable "SonNo_8" was declared but never referenced
C:/Users/rben.KECK-CENTER/Documents/GitHub/NeuroGPU/VS/NeuroGPULast7_5Mainen/NeuroGPU6/CudaStuff.cu(335): warning : variable "SonNo_9" was declared but never referenced
C:/Users/rben.KECK-CENTER/Documents/GitHub/NeuroGPU/VS/NeuroGPULast7_5Mainen/NeuroGPU6/CudaStuff.cu(335): warning : variable "SonNo_10" was declared but never referenced
C:/Users/rben.KECK-CENTER/Documents/GitHub/NeuroGPU/VS/NeuroGPULast7_5Mainen/NeuroGPU6/CudaStuff.cu(335): warning : variable "SonNo_11" was declared but never referenced
C:/Users/rben.KECK-CENTER/Documents/GitHub/NeuroGPU/VS/NeuroGPULast7_5Mainen/NeuroGPU6/CudaStuff.cu(335): warning : variable "SonNo_12" was declared but never referenced
C:/Users/rben.KECK-CENTER/Documents/GitHub/NeuroGPU/VS/NeuroGPULast7_5Mainen/NeuroGPU6/CudaStuff.cu(484): warning : variable "SMemVHot" is used before its value is set
C:/Users/rben.KECK-CENTER/Documents/GitHub/NeuroGPU/VS/NeuroGPULast7_5Mainen/NeuroGPU6/CudaStuff.cu(484): warning : variable "amps" is used before its value is set
C:/Users/rben.KECK-CENTER/Documents/GitHub/NeuroGPU/VS/NeuroGPULast7_5Mainen/NeuroGPU6/CudaStuff.cu(500): warning : variable "FileName" was declared but never referenced
C:/Users/rben.KECK-CENTER/Documents/GitHub/NeuroGPU/VS/NeuroGPULast7_5Mainen/NeuroGPU6/CudaStuff.cu(835): warning : expression has no effect
C:/Users/rben.KECK-CENTER/Documents/GitHub/NeuroGPU/VS/NeuroGPULast7_5Mainen/NeuroGPU6/CudaStuff.cu(544): warning : variable "i" was declared but never referenced
C:/Users/rben.KECK-CENTER/Documents/GitHub/NeuroGPU/VS/NeuroGPULast7_5Mainen/NeuroGPU6/CudaStuff.cu(544): warning : variable "j" was declared but never referenced
C:/Users/rben.KECK-CENTER/Documents/GitHub/NeuroGPU/VS/NeuroGPULast7_5Mainen/NeuroGPU6/CudaStuff.cu(544): warning : variable "t" was declared but never referenced
C:/Users/rben.KECK-CENTER/Documents/GitHub/NeuroGPU/VS/NeuroGPULast7_5Mainen/NeuroGPU6/CudaStuff.cu(547): warning : variable "uHPOut_d" was declared but never referenced
C:/Users/rben.KECK-CENTER/Documents/GitHub/NeuroGPU/VS/NeuroGPULast7_5Mainen/NeuroGPU6/CudaStuff.cu(547): warning : variable "bHPOut_d" was declared but never referenced
  CudaStuff.cu
c:\users\rben.keck-center\documents\github\neurogpu\vs\neurogpulast7_5mainen\neurogpu6\AllModels.cu(77): warning C4244: 'return' : conversion from 'double' to 'float', possible loss of data
C:/Users/rben.KECK-CENTER/Documents/GitHub/NeuroGPU/VS/NeuroGPULast7_5Mainen/NeuroGPU6/CudaStuff.cu(500): warning C4101: 'FileName' : unreferenced local variable
C:/Users/rben.KECK-CENTER/Documents/GitHub/NeuroGPU/VS/NeuroGPULast7_5Mainen/NeuroGPU6/CudaStuff.cu(541): warning C4244: 'initializing' : conversion from 'float' to 'unsigned short', possible loss of data
C:/Users/rben.KECK-CENTER/Documents/GitHub/NeuroGPU/VS/NeuroGPULast7_5Mainen/NeuroGPU6/CudaStuff.cu(579): warning C4244: 'argument' : conversion from 'float' to 'size_t', possible loss of data
C:/Users/rben.KECK-CENTER/Documents/GitHub/NeuroGPU/VS/NeuroGPULast7_5Mainen/NeuroGPU6/CudaStuff.cu(634): warning C4244: 'argument' : conversion from 'float' to 'size_t', possible loss of data
C:/Users/rben.KECK-CENTER/Documents/GitHub/NeuroGPU/VS/NeuroGPULast7_5Mainen/NeuroGPU6/CudaStuff.cu(780): warning C4244: 'argument' : conversion from 'double' to 'float', possible loss of data
C:/Users/rben.KECK-CENTER/Documents/GitHub/NeuroGPU/VS/NeuroGPULast7_5Mainen/NeuroGPU6/CudaStuff.cu(780): warning C4244: '=' : conversion from 'float' to 'unsigned short', possible loss of data
C:/Users/rben.KECK-CENTER/Documents/GitHub/NeuroGPU/VS/NeuroGPULast7_5Mainen/NeuroGPU6/CudaStuff.cu(835): warning C4553: '==' : operator has no effect; did you intend '='?
C:/Users/rben.KECK-CENTER/Documents/GitHub/NeuroGPU/VS/NeuroGPULast7_5Mainen/NeuroGPU6/CudaStuff.cu(547): warning C4101: 'bHPOut_d' : unreferenced local variable
C:/Users/rben.KECK-CENTER/Documents/GitHub/NeuroGPU/VS/NeuroGPULast7_5Mainen/NeuroGPU6/CudaStuff.cu(547): warning C4101: 'uHPOut_d' : unreferenced local variable
C:/Users/rben.KECK-CENTER/Documents/GitHub/NeuroGPU/VS/NeuroGPULast7_5Mainen/NeuroGPU6/CudaStuff.cu(544): warning C4101: 'i' : unreferenced local variable
C:/Users/rben.KECK-CENTER/Documents/GitHub/NeuroGPU/VS/NeuroGPULast7_5Mainen/NeuroGPU6/CudaStuff.cu(544): warning C4101: 't' : unreferenced local variable
C:/Users/rben.KECK-CENTER/Documents/GitHub/NeuroGPU/VS/NeuroGPULast7_5Mainen/NeuroGPU6/CudaStuff.cu(544): warning C4101: 'j' : unreferenced local variable
cl : Command line warning D9007: '/Gm' requires '/Zi or /ZI'; option ignored
  AllModels.cpp
AllModels.cpp(76): warning C4244: 'return' : conversion from 'double' to 'float', possible loss of data
AllModels.cpp(118): warning C4305: '=' : truncation from 'double' to 'float'
AllModels.cpp(142): warning C4305: '=' : truncation from 'double' to 'float'
AllModels.cpp(153): warning C4244: 'argument' : conversion from 'double' to 'float', possible loss of data
AllModels.cpp(153): warning C4244: '=' : conversion from 'double' to 'float', possible loss of data
AllModels.cpp(154): warning C4244: '=' : conversion from 'double' to 'float', possible loss of data
AllModels.cpp(156): warning C4244: '=' : conversion from 'double' to 'float', possible loss of data
AllModels.cpp(159): warning C4244: '=' : conversion from 'double' to 'float', possible loss of data
AllModels.cpp(160): warning C4244: '=' : conversion from 'double' to 'float', possible loss of data
AllModels.cpp(161): warning C4244: '=' : conversion from 'double' to 'float', possible loss of data
AllModels.cpp(169): warning C4244: '=' : conversion from 'double' to 'float', possible loss of data
AllModels.cpp(184): warning C4244: '=' : conversion from 'double' to 'float', possible loss of data
AllModels.cpp(198): warning C4244: '=' : conversion from 'double' to 'float', possible loss of data
AllModels.cpp(212): warning C4244: '=' : conversion from 'double' to 'float', possible loss of data
AllModels.cpp(217): warning C4244: '=' : conversion from 'double' to 'float', possible loss of data
AllModels.cpp(226): warning C4244: '=' : conversion from 'double' to 'float', possible loss of data
AllModels.cpp(227): warning C4244: '=' : conversion from 'double' to 'float', possible loss of data
AllModels.cpp(230): warning C4244: '=' : conversion from 'double' to 'float', possible loss of data
AllModels.cpp(234): warning C4244: '=' : conversion from 'double' to 'float', possible loss of data
AllModels.cpp(239): warning C4244: '=' : conversion from 'double' to 'float', possible loss of data
AllModels.cpp(243): warning C4244: '=' : conversion from 'double' to 'float', possible loss of data
AllModels.cpp(247): warning C4244: '=' : conversion from 'double' to 'float', possible loss of data
AllModels.cpp(251): warning C4244: '=' : conversion from 'double' to 'float', possible loss of data
AllModels.cpp(252): warning C4244: '=' : conversion from 'double' to 'float', possible loss of data
AllModels.cpp(260): warning C4244: '=' : conversion from 'double' to 'float', possible loss of data
AllModels.cpp(261): warning C4244: '=' : conversion from 'double' to 'float', possible loss of data
AllModels.cpp(268): warning C4244: '=' : conversion from 'double' to 'float', possible loss of data
AllModels.cpp(269): warning C4244: '=' : conversion from 'double' to 'float', possible loss of data
AllModels.cpp(274): warning C4244: '=' : conversion from 'double' to 'float', possible loss of data
AllModels.cpp(275): warning C4244: '=' : conversion from 'double' to 'float', possible loss of data
AllModels.cpp(280): warning C4244: '=' : conversion from 'double' to 'float', possible loss of data
AllModels.cpp(281): warning C4244: '=' : conversion from 'double' to 'float', possible loss of data
AllModels.cpp(286): warning C4244: '=' : conversion from 'double' to 'float', possible loss of data
AllModels.cpp(287): warning C4244: '=' : conversion from 'double' to 'float', possible loss of data
  MainC.cpp
  Util.cpp
Util.cpp(75): warning C4101: 'fdebug2' : unreferenced local variable
Util.cpp(128): warning C4996: 'sprintf': This function or variable may be unsafe. Consider using sprintf_s instead. To disable deprecation, use _CRT_SECURE_NO_WARNINGS. See online help for details.
          C:\Program Files (x86)\Microsoft Visual Studio 12.0\VC\include\stdio.h(356) : see declaration of 'sprintf'
Util.cpp(132): warning C4996: 'fopen': This function or variable may be unsafe. Consider using fopen_s instead. To disable deprecation, use _CRT_SECURE_NO_WARNINGS. See online help for details.
          C:\Program Files (x86)\Microsoft Visual Studio 12.0\VC\include\stdio.h(211) : see declaration of 'fopen'
Util.cpp(243): warning C4996: 'sprintf': This function or variable may be unsafe. Consider using sprintf_s instead. To disable deprecation, use _CRT_SECURE_NO_WARNINGS. See online help for details.
          C:\Program Files (x86)\Microsoft Visual Studio 12.0\VC\include\stdio.h(356) : see declaration of 'sprintf'
Util.cpp(247): warning C4996: 'fopen': This function or variable may be unsafe. Consider using fopen_s instead. To disable deprecation, use _CRT_SECURE_NO_WARNINGS. See online help for details.
          C:\Program Files (x86)\Microsoft Visual Studio 12.0\VC\include\stdio.h(211) : see declaration of 'fopen'
Util.cpp(279): warning C4305: '=' : truncation from 'double' to 'float'
Util.cpp(292): warning C4996: 'fopen': This function or variable may be unsafe. Consider using fopen_s instead. To disable deprecation, use _CRT_SECURE_NO_WARNINGS. See online help for details.
          C:\Program Files (x86)\Microsoft Visual Studio 12.0\VC\include\stdio.h(211) : see declaration of 'fopen'
Util.cpp(324): warning C4996: 'sprintf': This function or variable may be unsafe. Consider using sprintf_s instead. To disable deprecation, use _CRT_SECURE_NO_WARNINGS. See online help for details.
          C:\Program Files (x86)\Microsoft Visual Studio 12.0\VC\include\stdio.h(356) : see declaration of 'sprintf'
Util.cpp(327): warning C4996: 'fopen': This function or variable may be unsafe. Consider using fopen_s instead. To disable deprecation, use _CRT_SECURE_NO_WARNINGS. See online help for details.
          C:\Program Files (x86)\Microsoft Visual Studio 12.0\VC\include\stdio.h(211) : see declaration of 'fopen'
Util.cpp(337): warning C4244: 'initializing' : conversion from 'float' to 'unsigned short', possible loss of data
Util.cpp(361): warning C4996: 'fopen': This function or variable may be unsafe. Consider using fopen_s instead. To disable deprecation, use _CRT_SECURE_NO_WARNINGS. See online help for details.
          C:\Program Files (x86)\Microsoft Visual Studio 12.0\VC\include\stdio.h(211) : see declaration of 'fopen'
Util.cpp(382): warning C4996: 'fopen': This function or variable may be unsafe. Consider using fopen_s instead. To disable deprecation, use _CRT_SECURE_NO_WARNINGS. See online help for details.
          C:\Program Files (x86)\Microsoft Visual Studio 12.0\VC\include\stdio.h(211) : see declaration of 'fopen'
Util.cpp(395): warning C4996: 'fopen': This function or variable may be unsafe. Consider using fopen_s instead. To disable deprecation, use _CRT_SECURE_NO_WARNINGS. See online help for details.
          C:\Program Files (x86)\Microsoft Visual Studio 12.0\VC\include\stdio.h(211) : see declaration of 'fopen'
Util.cpp(394): warning C4101: 'NP' : unreferenced local variable
Util.cpp(416): warning C4996: 'fopen': This function or variable may be unsafe. Consider using fopen_s instead. To disable deprecation, use _CRT_SECURE_NO_WARNINGS. See online help for details.
          C:\Program Files (x86)\Microsoft Visual Studio 12.0\VC\include\stdio.h(211) : see declaration of 'fopen'
Util.cpp(433): warning C4996: 'fopen': This function or variable may be unsafe. Consider using fopen_s instead. To disable deprecation, use _CRT_SECURE_NO_WARNINGS. See online help for details.
          C:\Program Files (x86)\Microsoft Visual Studio 12.0\VC\include\stdio.h(211) : see declaration of 'fopen'
Util.cpp(450): warning C4996: 'fopen': This function or variable may be unsafe. Consider using fopen_s instead. To disable deprecation, use _CRT_SECURE_NO_WARNINGS. See online help for details.
          C:\Program Files (x86)\Microsoft Visual Studio 12.0\VC\include\stdio.h(211) : see declaration of 'fopen'
  Generating Code...
MSVCRTD.lib(crtexe.obj) : error LNK2019: unresolved external symbol _main referenced in function ___tmainCRTStartup
C:\Users\rben.KECK-CENTER\Documents\GitHub\NeuroGPU\VS\NeuroGPULast7_5Mainen\NeuroGPU6\Debug\NeuroGPU6.exe : fatal error LNK1120: 1 unresolved externals
