C:\USERS\RBEN.KECK-CENTER\DOCUMENTS\NEUROGPU2\VS\NEUROGPULAST_2\NEUROGPU6\X64\DEBUG\ALLMODELS.OBJ
C:\USERS\RBEN.KECK-CENTER\DOCUMENTS\NEUROGPU2\VS\NEUROGPULAST_2\NEUROGPU6\X64\DEBUG\MAINC.OBJ
C:\USERS\RBEN.KECK-CENTER\DOCUMENTS\NEUROGPU2\VS\NEUROGPULAST_2\NEUROGPU6\X64\DEBUG\UTIL.OBJ
C:\USERS\RBEN.KECK-CENTER\DOCUMENTS\NEUROGPU2\VS\NEUROGPULAST_2\NEUROGPU6\X64\DEBUG\VC110.PDB
C:\USERS\RBEN.KECK-CENTER\DOCUMENTS\NEUROGPU2\VS\NEUROGPULAST_2\X64\DEBUG\NEUROGPU6.ILK
C:\USERS\RBEN.KECK-CENTER\DOCUMENTS\NEUROGPU2\VS\NEUROGPULAST_2\X64\DEBUG\NEUROGPU6.EXE
C:\USERS\RBEN.KECK-CENTER\DOCUMENTS\NEUROGPU2\VS\NEUROGPULAST_2\X64\DEBUG\NEUROGPU6.PDB
C:\Users\rben.KECK-CENTER\Documents\neurogpu2\VS\NeuroGPULast_2\NeuroGPU6\x64\Debug\CudaStuff.cu.cache
C:\Users\rben.KECK-CENTER\Documents\neurogpu2\VS\NeuroGPULast_2\NeuroGPU6\x64\Debug\kernel.cu.cache
C:\Users\rben.KECK-CENTER\Documents\neurogpu2\VS\NeuroGPULast_2\NeuroGPU6\x64\Debug\AllModels.obj
C:\Users\rben.KECK-CENTER\Documents\neurogpu2\VS\NeuroGPULast_2\NeuroGPU6\x64\Debug\CudaStuff.cu.obj
C:\Users\rben.KECK-CENTER\Documents\neurogpu2\VS\NeuroGPULast_2\NeuroGPU6\x64\Debug\kernel.cu.obj
C:\Users\rben.KECK-CENTER\Documents\neurogpu2\VS\NeuroGPULast_2\NeuroGPU6\x64\Debug\MainC.obj
C:\Users\rben.KECK-CENTER\Documents\neurogpu2\VS\NeuroGPULast_2\NeuroGPU6\x64\Debug\Util.obj
C:\Users\rben.KECK-CENTER\Documents\neurogpu2\VS\NeuroGPULast_2\NeuroGPU6\x64\Debug\cl.command.1.tlog
C:\Users\rben.KECK-CENTER\Documents\neurogpu2\VS\NeuroGPULast_2\NeuroGPU6\x64\Debug\CL.read.1.tlog
C:\Users\rben.KECK-CENTER\Documents\neurogpu2\VS\NeuroGPULast_2\NeuroGPU6\x64\Debug\CL.write.1.tlog
C:\Users\rben.KECK-CENTER\Documents\neurogpu2\VS\NeuroGPULast_2\NeuroGPU6\x64\Debug\link-cvtres.read.1.tlog
C:\Users\rben.KECK-CENTER\Documents\neurogpu2\VS\NeuroGPULast_2\NeuroGPU6\x64\Debug\link-cvtres.write.1.tlog
C:\Users\rben.KECK-CENTER\Documents\neurogpu2\VS\NeuroGPULast_2\NeuroGPU6\x64\Debug\link-rc.read.1.tlog
C:\Users\rben.KECK-CENTER\Documents\neurogpu2\VS\NeuroGPULast_2\NeuroGPU6\x64\Debug\link-rc.write.1.tlog
C:\Users\rben.KECK-CENTER\Documents\neurogpu2\VS\NeuroGPULast_2\NeuroGPU6\x64\Debug\link.command.1.tlog
C:\Users\rben.KECK-CENTER\Documents\neurogpu2\VS\NeuroGPULast_2\NeuroGPU6\x64\Debug\link.read.1.tlog
C:\Users\rben.KECK-CENTER\Documents\neurogpu2\VS\NeuroGPULast_2\NeuroGPU6\x64\Debug\link.write.1.tlog
C:\Users\rben.KECK-CENTER\Documents\neurogpu2\VS\NeuroGPULast_2\NeuroGPU6\x64\Debug\vc110.idb
C:\Users\rben.KECK-CENTER\Documents\neurogpu2\VS\NeuroGPULast_2\NeuroGPU6\x64\Debug\vc110.pdb
C:\Users\rben.KECK-CENTER\Documents\neurogpu2\VS\NeuroGPULast_2\x64\Debug\NeuroGPU6.pdb
C:\Users\rben.KECK-CENTER\Documents\neurogpu2\VS\NeuroGPULast_2\x64\Debug\NeuroGPU6.exe
C:\Users\rben.KECK-CENTER\Documents\neurogpu2\VS\NeuroGPULast_2\x64\Debug\NeuroGPU6.ilk
