Build started 4/7/2014 4:11:59 PM.
     1>Project "C:\Users\rben.KECK-CENTER\Documents\neurogpu2\VS\NeuroGPU6\NeuroGPU6\NeuroGPU6.vcxproj" on node 2 (Build target(s)).
     1>CudaBuild:
         Compiling CUDA source file CudaStuff.cu...
         cmd.exe /C "C:\Users\rben.KECK-CENTER\AppData\Local\Temp\tmp50a0f8665d554485bf5163f2ffb7ab21.cmd"
         "C:\Program Files\NVIDIA GPU Computing Toolkit\CUDA\v6.0\bin\nvcc.exe" -gencode=arch=compute_10,code=\"sm_10,compute_10\" --use-local-env --cl-version 2012 -ccbin "C:\Program Files (x86)\Microsoft Visual Studio 11.0\VC\bin"  -I"C:\Program Files\NVIDIA GPU Computing Toolkit\CUDA\v6.0\include" -I"C:\Program Files\NVIDIA GPU Computing Toolkit\CUDA\v6.0\include"  -G   --keep-dir Debug -maxrregcount=0  --machine 32 --compile -cudart static  -g   -DWIN32 -D_DEBUG -D_CONSOLE -D_MBCS -Xcompiler "/EHsc /W3 /nologo /Ox /Zi  /MDd  " -o Debug\CudaStuff.cu.obj "C:\Users\rben.KECK-CENTER\Documents\neurogpu2\VS\NeuroGPU6\NeuroGPU6\CudaStuff.cu"
         
         C:\Users\rben.KECK-CENTER\Documents\neurogpu2\VS\NeuroGPU6\NeuroGPU6>"C:\Program Files\NVIDIA GPU Computing Toolkit\CUDA\v6.0\bin\nvcc.exe" -gencode=arch=compute_10,code=\"sm_10,compute_10\" --use-local-env --cl-version 2012 -ccbin "C:\Program Files (x86)\Microsoft Visual Studio 11.0\VC\bin"  -I"C:\Program Files\NVIDIA GPU Computing Toolkit\CUDA\v6.0\include" -I"C:\Program Files\NVIDIA GPU Computing Toolkit\CUDA\v6.0\include"  -G   --keep-dir Debug -maxrregcount=0  --machine 32 --compile -cudart static  -g   -DWIN32 -D_DEBUG -D_CONSOLE -D_MBCS -Xcompiler "/EHsc /W3 /nologo /Ox /Zi  /MDd  " -o Debug\CudaStuff.cu.obj "C:\Users\rben.KECK-CENTER\Documents\neurogpu2\VS\NeuroGPU6\NeuroGPU6\CudaStuff.cu" 
     1>nvcc : warning : The 'compute_10' and 'sm_10' architectures are deprecated, and may be removed in a future release.
     1>c:\users\rben.keck-center\documents\neurogpu2\vs\neurogpu6\neurogpu6\AllModels.cu(16): warning C4005: 'celsius' : macro redefinition
     1>c:\users\rben.keck-center\documents\neurogpu2\vs\neurogpu6\neurogpu6\AllModels.cu(17): warning C4005: 'stoprun' : macro redefinition
     1>c:\users\rben.keck-center\documents\neurogpu2\vs\neurogpu6\neurogpu6\AllModels.cu(18): warning C4005: 'clamp_resist' : macro redefinition
     1>c:\users\rben.keck-center\documents\neurogpu2\vs\neurogpu6\neurogpu6\AllModels.cu(19): warning C4005: 'secondorder' : macro redefinition
     1>c:\users\rben.keck-center\documents\neurogpu2\vs\neurogpu6\neurogpu6\AllModels.cu(355): warning : variable "i" was declared but never referenced
     1>c:\users\rben.keck-center\documents\neurogpu2\vs\neurogpu6\neurogpu6\AllModels.cu(360): warning : expression has no effect
     1>c:\users\rben.keck-center\documents\neurogpu2\vs\neurogpu6\neurogpu6\AllModels.cu(362): warning : variable "hinf" was declared but never referenced
     1>c:\users\rben.keck-center\documents\neurogpu2\vs\neurogpu6\neurogpu6\AllModels.cu(362): warning : variable "htau" was declared but never referenced
     1>c:\users\rben.keck-center\documents\neurogpu2\vs\neurogpu6\neurogpu6\AllModels.cu(362): warning : variable "minf" was declared but never referenced
     1>c:\users\rben.keck-center\documents\neurogpu2\vs\neurogpu6\neurogpu6\AllModels.cu(362): warning : variable "mtau" was declared but never referenced
     1>c:\users\rben.keck-center\documents\neurogpu2\vs\neurogpu6\neurogpu6\AllModels.cu(369): warning : variable "gca" was declared but never referenced
     1>c:\users\rben.keck-center\documents\neurogpu2\vs\neurogpu6\neurogpu6\AllModels.cu(372): warning : variable "gca" was declared but never referenced
     1>c:\users\rben.keck-center\documents\neurogpu2\vs\neurogpu6\neurogpu6\AllModels.cu(372): warning : variable "ninf" was declared but never referenced
     1>c:\users\rben.keck-center\documents\neurogpu2\vs\neurogpu6\neurogpu6\AllModels.cu(372): warning : variable "ntau" was declared but never referenced
     1>c:\users\rben.keck-center\documents\neurogpu2\vs\neurogpu6\neurogpu6\AllModels.cu(380): warning : variable "ninf" was declared but never referenced
     1>c:\users\rben.keck-center\documents\neurogpu2\vs\neurogpu6\neurogpu6\AllModels.cu(380): warning : variable "ntau" was declared but never referenced
     1>c:\users\rben.keck-center\documents\neurogpu2\vs\neurogpu6\neurogpu6\AllModels.cu(388): warning : variable "ninf" was declared but never referenced
     1>c:\users\rben.keck-center\documents\neurogpu2\vs\neurogpu6\neurogpu6\AllModels.cu(388): warning : variable "ntau" was declared but never referenced
     1>c:\users\rben.keck-center\documents\neurogpu2\vs\neurogpu6\neurogpu6\AllModels.cu(396): warning : variable "hinf" was declared but never referenced
     1>c:\users\rben.keck-center\documents\neurogpu2\vs\neurogpu6\neurogpu6\AllModels.cu(396): warning : variable "htau" was declared but never referenced
     1>c:\users\rben.keck-center\documents\neurogpu2\vs\neurogpu6\neurogpu6\AllModels.cu(396): warning : variable "minf" was declared but never referenced
     1>c:\users\rben.keck-center\documents\neurogpu2\vs\neurogpu6\neurogpu6\AllModels.cu(396): warning : variable "mtau" was declared but never referenced
     1>c:\users\rben.keck-center\documents\neurogpu2\vs\neurogpu6\neurogpu6\AllModels.cu(404): warning : variable "hinf" was declared but never referenced
     1>c:\users\rben.keck-center\documents\neurogpu2\vs\neurogpu6\neurogpu6\AllModels.cu(404): warning : variable "htau" was declared but never referenced
     1>c:\users\rben.keck-center\documents\neurogpu2\vs\neurogpu6\neurogpu6\AllModels.cu(404): warning : variable "minf" was declared but never referenced
     1>c:\users\rben.keck-center\documents\neurogpu2\vs\neurogpu6\neurogpu6\AllModels.cu(404): warning : variable "mtau" was declared but never referenced
     1>c:\users\rben.keck-center\documents\neurogpu2\vs\neurogpu6\neurogpu6\AllModels.cu(412): warning : variable "hinf" was declared but never referenced
     1>c:\users\rben.keck-center\documents\neurogpu2\vs\neurogpu6\neurogpu6\AllModels.cu(412): warning : variable "htau" was declared but never referenced
     1>c:\users\rben.keck-center\documents\neurogpu2\vs\neurogpu6\neurogpu6\AllModels.cu(412): warning : variable "minf" was declared but never referenced
     1>c:\users\rben.keck-center\documents\neurogpu2\vs\neurogpu6\neurogpu6\AllModels.cu(412): warning : variable "mtau" was declared but never referenced
     1>c:\users\rben.keck-center\documents\neurogpu2\vs\neurogpu6\neurogpu6\AllModels.cu(420): warning : variable "gpas" was declared but never referenced
     1>C:/Users/rben.KECK-CENTER/Documents/neurogpu2/VS/NeuroGPU6/NeuroGPU6/CudaStuff.cu(164): warning : variable "CurLevel" is used before its value is set
     1>C:/Users/rben.KECK-CENTER/Documents/neurogpu2/VS/NeuroGPU6/NeuroGPU6/CudaStuff.cu(290): warning : variable "StimID" was declared but never referenced
     1>C:/Users/rben.KECK-CENTER/Documents/neurogpu2/VS/NeuroGPU6/NeuroGPU6/CudaStuff.cu(297): warning : variable "cudaStatus" was declared but never referenced
     1>C:/Users/rben.KECK-CENTER/Documents/neurogpu2/VS/NeuroGPU6/NeuroGPU6/CudaStuff.cu(303): warning : variable "isModel_1" was declared but never referenced
     1>C:/Users/rben.KECK-CENTER/Documents/neurogpu2/VS/NeuroGPU6/NeuroGPU6/CudaStuff.cu(303): warning : variable "dVec_1" was declared but never referenced
     1>C:/Users/rben.KECK-CENTER/Documents/neurogpu2/VS/NeuroGPU6/NeuroGPU6/CudaStuff.cu(303): warning : variable "isModel_2" was declared but never referenced
     1>C:/Users/rben.KECK-CENTER/Documents/neurogpu2/VS/NeuroGPU6/NeuroGPU6/CudaStuff.cu(303): warning : variable "dVec_2" was declared but never referenced
     1>C:/Users/rben.KECK-CENTER/Documents/neurogpu2/VS/NeuroGPU6/NeuroGPU6/CudaStuff.cu(303): warning : variable "isModel_3" was declared but never referenced
     1>C:/Users/rben.KECK-CENTER/Documents/neurogpu2/VS/NeuroGPU6/NeuroGPU6/CudaStuff.cu(303): warning : variable "dVec_3" was declared but never referenced
     1>C:/Users/rben.KECK-CENTER/Documents/neurogpu2/VS/NeuroGPU6/NeuroGPU6/CudaStuff.cu(303): warning : variable "isModel_4" was declared but never referenced
     1>C:/Users/rben.KECK-CENTER/Documents/neurogpu2/VS/NeuroGPU6/NeuroGPU6/CudaStuff.cu(303): warning : variable "dVec_4" was declared but never referenced
     1>C:/Users/rben.KECK-CENTER/Documents/neurogpu2/VS/NeuroGPU6/NeuroGPU6/CudaStuff.cu(303): warning : variable "isModel_5" was declared but never referenced
     1>C:/Users/rben.KECK-CENTER/Documents/neurogpu2/VS/NeuroGPU6/NeuroGPU6/CudaStuff.cu(303): warning : variable "dVec_5" was declared but never referenced
     1>C:/Users/rben.KECK-CENTER/Documents/neurogpu2/VS/NeuroGPU6/NeuroGPU6/CudaStuff.cu(303): warning : variable "isModel_6" was declared but never referenced
     1>C:/Users/rben.KECK-CENTER/Documents/neurogpu2/VS/NeuroGPU6/NeuroGPU6/CudaStuff.cu(303): warning : variable "dVec_6" was declared but never referenced
     1>C:/Users/rben.KECK-CENTER/Documents/neurogpu2/VS/NeuroGPU6/NeuroGPU6/CudaStuff.cu(433): warning : variable "ConstantMemSize" was declared but never referenced
     1>C:/Users/rben.KECK-CENTER/Documents/neurogpu2/VS/NeuroGPU6/NeuroGPU6/CudaStuff.cu(694): warning : variable "FileName" was declared but never referenced
     1>C:/Users/rben.KECK-CENTER/Documents/neurogpu2/VS/NeuroGPU6/NeuroGPU6/CudaStuff.cu(1000): warning : expression has no effect
     1>C:/Users/rben.KECK-CENTER/Documents/neurogpu2/VS/NeuroGPU6/NeuroGPU6/CudaStuff.cu(740): warning : variable "i" was declared but never referenced
     1>C:/Users/rben.KECK-CENTER/Documents/neurogpu2/VS/NeuroGPU6/NeuroGPU6/CudaStuff.cu(740): warning : variable "j" was declared but never referenced
     1>C:/Users/rben.KECK-CENTER/Documents/neurogpu2/VS/NeuroGPU6/NeuroGPU6/CudaStuff.cu(740): warning : variable "t" was declared but never referenced
     1>C:/Users/rben.KECK-CENTER/Documents/neurogpu2/VS/NeuroGPU6/NeuroGPU6/CudaStuff.cu(743): warning : variable "uHPOut_d" was declared but never referenced
     1>C:/Users/rben.KECK-CENTER/Documents/neurogpu2/VS/NeuroGPU6/NeuroGPU6/CudaStuff.cu(743): warning : variable "bHPOut_d" was declared but never referenced
     1>c:\users\rben.keck-center\documents\neurogpu2\vs\neurogpu6\neurogpu6\AllModels.cu(16): warning C4005: 'celsius' : macro redefinition
     1>c:\users\rben.keck-center\documents\neurogpu2\vs\neurogpu6\neurogpu6\AllModels.cu(17): warning C4005: 'stoprun' : macro redefinition
     1>c:\users\rben.keck-center\documents\neurogpu2\vs\neurogpu6\neurogpu6\AllModels.cu(18): warning C4005: 'clamp_resist' : macro redefinition
     1>c:\users\rben.keck-center\documents\neurogpu2\vs\neurogpu6\neurogpu6\AllModels.cu(19): warning C4005: 'secondorder' : macro redefinition
     1>c:\users\rben.keck-center\documents\neurogpu2\vs\neurogpu6\neurogpu6\AllModels.cu(355): warning : variable "i" was declared but never referenced
     1>c:\users\rben.keck-center\documents\neurogpu2\vs\neurogpu6\neurogpu6\AllModels.cu(360): warning : expression has no effect
     1>c:\users\rben.keck-center\documents\neurogpu2\vs\neurogpu6\neurogpu6\AllModels.cu(362): warning : variable "hinf" was declared but never referenced
     1>c:\users\rben.keck-center\documents\neurogpu2\vs\neurogpu6\neurogpu6\AllModels.cu(362): warning : variable "htau" was declared but never referenced
     1>c:\users\rben.keck-center\documents\neurogpu2\vs\neurogpu6\neurogpu6\AllModels.cu(362): warning : variable "minf" was declared but never referenced
     1>c:\users\rben.keck-center\documents\neurogpu2\vs\neurogpu6\neurogpu6\AllModels.cu(362): warning : variable "mtau" was declared but never referenced
     1>c:\users\rben.keck-center\documents\neurogpu2\vs\neurogpu6\neurogpu6\AllModels.cu(369): warning : variable "gca" was declared but never referenced
     1>c:\users\rben.keck-center\documents\neurogpu2\vs\neurogpu6\neurogpu6\AllModels.cu(372): warning : variable "gca" was declared but never referenced
     1>c:\users\rben.keck-center\documents\neurogpu2\vs\neurogpu6\neurogpu6\AllModels.cu(372): warning : variable "ninf" was declared but never referenced
     1>c:\users\rben.keck-center\documents\neurogpu2\vs\neurogpu6\neurogpu6\AllModels.cu(372): warning : variable "ntau" was declared but never referenced
     1>c:\users\rben.keck-center\documents\neurogpu2\vs\neurogpu6\neurogpu6\AllModels.cu(380): warning : variable "ninf" was declared but never referenced
     1>c:\users\rben.keck-center\documents\neurogpu2\vs\neurogpu6\neurogpu6\AllModels.cu(380): warning : variable "ntau" was declared but never referenced
     1>c:\users\rben.keck-center\documents\neurogpu2\vs\neurogpu6\neurogpu6\AllModels.cu(388): warning : variable "ninf" was declared but never referenced
     1>c:\users\rben.keck-center\documents\neurogpu2\vs\neurogpu6\neurogpu6\AllModels.cu(388): warning : variable "ntau" was declared but never referenced
     1>c:\users\rben.keck-center\documents\neurogpu2\vs\neurogpu6\neurogpu6\AllModels.cu(396): warning : variable "hinf" was declared but never referenced
     1>c:\users\rben.keck-center\documents\neurogpu2\vs\neurogpu6\neurogpu6\AllModels.cu(396): warning : variable "htau" was declared but never referenced
     1>c:\users\rben.keck-center\documents\neurogpu2\vs\neurogpu6\neurogpu6\AllModels.cu(396): warning : variable "minf" was declared but never referenced
     1>c:\users\rben.keck-center\documents\neurogpu2\vs\neurogpu6\neurogpu6\AllModels.cu(396): warning : variable "mtau" was declared but never referenced
     1>c:\users\rben.keck-center\documents\neurogpu2\vs\neurogpu6\neurogpu6\AllModels.cu(404): warning : variable "hinf" was declared but never referenced
     1>c:\users\rben.keck-center\documents\neurogpu2\vs\neurogpu6\neurogpu6\AllModels.cu(404): warning : variable "htau" was declared but never referenced
     1>c:\users\rben.keck-center\documents\neurogpu2\vs\neurogpu6\neurogpu6\AllModels.cu(404): warning : variable "minf" was declared but never referenced
     1>c:\users\rben.keck-center\documents\neurogpu2\vs\neurogpu6\neurogpu6\AllModels.cu(404): warning : variable "mtau" was declared but never referenced
     1>c:\users\rben.keck-center\documents\neurogpu2\vs\neurogpu6\neurogpu6\AllModels.cu(412): warning : variable "hinf" was declared but never referenced
     1>c:\users\rben.keck-center\documents\neurogpu2\vs\neurogpu6\neurogpu6\AllModels.cu(412): warning : variable "htau" was declared but never referenced
     1>c:\users\rben.keck-center\documents\neurogpu2\vs\neurogpu6\neurogpu6\AllModels.cu(412): warning : variable "minf" was declared but never referenced
     1>c:\users\rben.keck-center\documents\neurogpu2\vs\neurogpu6\neurogpu6\AllModels.cu(412): warning : variable "mtau" was declared but never referenced
     1>c:\users\rben.keck-center\documents\neurogpu2\vs\neurogpu6\neurogpu6\AllModels.cu(420): warning : variable "gpas" was declared but never referenced
     1>C:/Users/rben.KECK-CENTER/Documents/neurogpu2/VS/NeuroGPU6/NeuroGPU6/CudaStuff.cu(164): warning : variable "CurLevel" is used before its value is set
     1>C:/Users/rben.KECK-CENTER/Documents/neurogpu2/VS/NeuroGPU6/NeuroGPU6/CudaStuff.cu(290): warning : variable "StimID" was declared but never referenced
     1>C:/Users/rben.KECK-CENTER/Documents/neurogpu2/VS/NeuroGPU6/NeuroGPU6/CudaStuff.cu(297): warning : variable "cudaStatus" was declared but never referenced
     1>C:/Users/rben.KECK-CENTER/Documents/neurogpu2/VS/NeuroGPU6/NeuroGPU6/CudaStuff.cu(303): warning : variable "isModel_1" was declared but never referenced
     1>C:/Users/rben.KECK-CENTER/Documents/neurogpu2/VS/NeuroGPU6/NeuroGPU6/CudaStuff.cu(303): warning : variable "dVec_1" was declared but never referenced
     1>C:/Users/rben.KECK-CENTER/Documents/neurogpu2/VS/NeuroGPU6/NeuroGPU6/CudaStuff.cu(303): warning : variable "isModel_2" was declared but never referenced
     1>C:/Users/rben.KECK-CENTER/Documents/neurogpu2/VS/NeuroGPU6/NeuroGPU6/CudaStuff.cu(303): warning : variable "dVec_2" was declared but never referenced
     1>C:/Users/rben.KECK-CENTER/Documents/neurogpu2/VS/NeuroGPU6/NeuroGPU6/CudaStuff.cu(303): warning : variable "isModel_3" was declared but never referenced
     1>C:/Users/rben.KECK-CENTER/Documents/neurogpu2/VS/NeuroGPU6/NeuroGPU6/CudaStuff.cu(303): warning : variable "dVec_3" was declared but never referenced
     1>C:/Users/rben.KECK-CENTER/Documents/neurogpu2/VS/NeuroGPU6/NeuroGPU6/CudaStuff.cu(303): warning : variable "isModel_4" was declared but never referenced
     1>C:/Users/rben.KECK-CENTER/Documents/neurogpu2/VS/NeuroGPU6/NeuroGPU6/CudaStuff.cu(303): warning : variable "dVec_4" was declared but never referenced
     1>C:/Users/rben.KECK-CENTER/Documents/neurogpu2/VS/NeuroGPU6/NeuroGPU6/CudaStuff.cu(303): warning : variable "isModel_5" was declared but never referenced
     1>C:/Users/rben.KECK-CENTER/Documents/neurogpu2/VS/NeuroGPU6/NeuroGPU6/CudaStuff.cu(303): warning : variable "dVec_5" was declared but never referenced
     1>C:/Users/rben.KECK-CENTER/Documents/neurogpu2/VS/NeuroGPU6/NeuroGPU6/CudaStuff.cu(303): warning : variable "isModel_6" was declared but never referenced
     1>C:/Users/rben.KECK-CENTER/Documents/neurogpu2/VS/NeuroGPU6/NeuroGPU6/CudaStuff.cu(303): warning : variable "dVec_6" was declared but never referenced
     1>C:/Users/rben.KECK-CENTER/Documents/neurogpu2/VS/NeuroGPU6/NeuroGPU6/CudaStuff.cu(433): warning : variable "ConstantMemSize" was declared but never referenced
     1>C:/Users/rben.KECK-CENTER/Documents/neurogpu2/VS/NeuroGPU6/NeuroGPU6/CudaStuff.cu(694): warning : variable "FileName" was declared but never referenced
     1>C:/Users/rben.KECK-CENTER/Documents/neurogpu2/VS/NeuroGPU6/NeuroGPU6/CudaStuff.cu(1000): warning : expression has no effect
     1>C:/Users/rben.KECK-CENTER/Documents/neurogpu2/VS/NeuroGPU6/NeuroGPU6/CudaStuff.cu(740): warning : variable "i" was declared but never referenced
     1>C:/Users/rben.KECK-CENTER/Documents/neurogpu2/VS/NeuroGPU6/NeuroGPU6/CudaStuff.cu(740): warning : variable "j" was declared but never referenced
     1>C:/Users/rben.KECK-CENTER/Documents/neurogpu2/VS/NeuroGPU6/NeuroGPU6/CudaStuff.cu(740): warning : variable "t" was declared but never referenced
     1>C:/Users/rben.KECK-CENTER/Documents/neurogpu2/VS/NeuroGPU6/NeuroGPU6/CudaStuff.cu(743): warning : variable "uHPOut_d" was declared but never referenced
     1>C:/Users/rben.KECK-CENTER/Documents/neurogpu2/VS/NeuroGPU6/NeuroGPU6/CudaStuff.cu(743): warning : variable "bHPOut_d" was declared but never referenced
     1>C:/Users/rben.KECK-CENTER/Documents/neurogpu2/VS/NeuroGPU6/NeuroGPU6/CudaStuff.cu(345): warning : Cannot tell what pointer points to, assuming global memory space
     1>C:/Users/rben.KECK-CENTER/Documents/neurogpu2/VS/NeuroGPU6/NeuroGPU6/CudaStuff.cu(345): warning : Cannot tell what pointer points to, assuming global memory space
     1>C:/Users/rben.KECK-CENTER/Documents/neurogpu2/VS/NeuroGPU6/NeuroGPU6/CudaStuff.cu(345): warning : Cannot tell what pointer points to, assuming global memory space
     1>C:/Users/rben.KECK-CENTER/Documents/neurogpu2/VS/NeuroGPU6/NeuroGPU6/CudaStuff.cu(345): warning : Cannot tell what pointer points to, assuming global memory space
     1>C:/Users/rben.KECK-CENTER/Documents/neurogpu2/VS/NeuroGPU6/NeuroGPU6/CudaStuff.cu(345): warning : Cannot tell what pointer points to, assuming global memory space
     1>C:/Users/rben.KECK-CENTER/Documents/neurogpu2/VS/NeuroGPU6/NeuroGPU6/CudaStuff.cu(345): warning : Cannot tell what pointer points to, assuming global memory space
     1>C:/Users/rben.KECK-CENTER/Documents/neurogpu2/VS/NeuroGPU6/NeuroGPU6/CudaStuff.cu(345): warning : Cannot tell what pointer points to, assuming global memory space
     1>C:/Users/rben.KECK-CENTER/Documents/neurogpu2/VS/NeuroGPU6/NeuroGPU6/CudaStuff.cu(345): warning : Cannot tell what pointer points to, assuming global memory space
     1>C:/Users/rben.KECK-CENTER/Documents/neurogpu2/VS/NeuroGPU6/NeuroGPU6/CudaStuff.cu(345): warning : Cannot tell what pointer points to, assuming global memory space
     1>C:/Users/rben.KECK-CENTER/Documents/neurogpu2/VS/NeuroGPU6/NeuroGPU6/CudaStuff.cu(345): warning : Cannot tell what pointer points to, assuming global memory space
     1>C:/Users/rben.KECK-CENTER/Documents/neurogpu2/VS/NeuroGPU6/NeuroGPU6/CudaStuff.cu(345): warning : Cannot tell what pointer points to, assuming global memory space
     1>C:/Users/rben.KECK-CENTER/Documents/neurogpu2/VS/NeuroGPU6/NeuroGPU6/CudaStuff.cu(345): warning : Cannot tell what pointer points to, assuming global memory space
     1>C:/Users/rben.KECK-CENTER/Documents/neurogpu2/VS/NeuroGPU6/NeuroGPU6/CudaStuff.cu(354): warning : Cannot tell what pointer points to, assuming global memory space
     1>C:/Users/rben.KECK-CENTER/Documents/neurogpu2/VS/NeuroGPU6/NeuroGPU6/CudaStuff.cu(354): warning : Cannot tell what pointer points to, assuming global memory space
     1>C:/Users/rben.KECK-CENTER/Documents/neurogpu2/VS/NeuroGPU6/NeuroGPU6/CudaStuff.cu(354): warning : Cannot tell what pointer points to, assuming global memory space
     1>C:/Users/rben.KECK-CENTER/Documents/neurogpu2/VS/NeuroGPU6/NeuroGPU6/CudaStuff.cu(354): warning : Cannot tell what pointer points to, assuming global memory space
     1>C:/Users/rben.KECK-CENTER/Documents/neurogpu2/VS/NeuroGPU6/NeuroGPU6/CudaStuff.cu(354): warning : Cannot tell what pointer points to, assuming global memory space
     1>C:/Users/rben.KECK-CENTER/Documents/neurogpu2/VS/NeuroGPU6/NeuroGPU6/CudaStuff.cu(354): warning : Cannot tell what pointer points to, assuming global memory space
     1>C:/Users/rben.KECK-CENTER/Documents/neurogpu2/VS/NeuroGPU6/NeuroGPU6/CudaStuff.cu(365): warning : Cannot tell what pointer points to, assuming global memory space
     1>C:/Users/rben.KECK-CENTER/Documents/neurogpu2/VS/NeuroGPU6/NeuroGPU6/CudaStuff.cu(365): warning : Cannot tell what pointer points to, assuming global memory space
     1>C:/Users/rben.KECK-CENTER/Documents/neurogpu2/VS/NeuroGPU6/NeuroGPU6/CudaStuff.cu(365): warning : Cannot tell what pointer points to, assuming global memory space
     1>C:/Users/rben.KECK-CENTER/Documents/neurogpu2/VS/NeuroGPU6/NeuroGPU6/CudaStuff.cu(365): warning : Cannot tell what pointer points to, assuming global memory space
     1>C:/Users/rben.KECK-CENTER/Documents/neurogpu2/VS/NeuroGPU6/NeuroGPU6/CudaStuff.cu(365): warning : Cannot tell what pointer points to, assuming global memory space
     1>C:/Users/rben.KECK-CENTER/Documents/neurogpu2/VS/NeuroGPU6/NeuroGPU6/CudaStuff.cu(365): warning : Cannot tell what pointer points to, assuming global memory space
     1>C:/Users/rben.KECK-CENTER/Documents/neurogpu2/VS/NeuroGPU6/NeuroGPU6/CudaStuff.cu(383): warning : Cannot tell what pointer points to, assuming global memory space
     1>C:/Users/rben.KECK-CENTER/Documents/neurogpu2/VS/NeuroGPU6/NeuroGPU6/CudaStuff.cu(383): warning : Cannot tell what pointer points to, assuming global memory space
     1>C:/Users/rben.KECK-CENTER/Documents/neurogpu2/VS/NeuroGPU6/NeuroGPU6/CudaStuff.cu(383): warning : Cannot tell what pointer points to, assuming global memory space
     1>C:/Users/rben.KECK-CENTER/Documents/neurogpu2/VS/NeuroGPU6/NeuroGPU6/CudaStuff.cu(383): warning : Cannot tell what pointer points to, assuming global memory space
     1>C:/Users/rben.KECK-CENTER/Documents/neurogpu2/VS/NeuroGPU6/NeuroGPU6/CudaStuff.cu(383): warning : Cannot tell what pointer points to, assuming global memory space
     1>C:/Users/rben.KECK-CENTER/Documents/neurogpu2/VS/NeuroGPU6/NeuroGPU6/CudaStuff.cu(383): warning : Cannot tell what pointer points to, assuming global memory space
     1>C:/Users/rben.KECK-CENTER/Documents/neurogpu2/VS/NeuroGPU6/NeuroGPU6/CudaStuff.cu(390): warning : Cannot tell what pointer points to, assuming global memory space
     1>C:/Users/rben.KECK-CENTER/Documents/neurogpu2/VS/NeuroGPU6/NeuroGPU6/CudaStuff.cu(390): warning : Cannot tell what pointer points to, assuming global memory space
     1>C:/Users/rben.KECK-CENTER/Documents/neurogpu2/VS/NeuroGPU6/NeuroGPU6/CudaStuff.cu(390): warning : Cannot tell what pointer points to, assuming global memory space
     1>C:/Users/rben.KECK-CENTER/Documents/neurogpu2/VS/NeuroGPU6/NeuroGPU6/CudaStuff.cu(390): warning : Cannot tell what pointer points to, assuming global memory space
     1>C:/Users/rben.KECK-CENTER/Documents/neurogpu2/VS/NeuroGPU6/NeuroGPU6/CudaStuff.cu(390): warning : Cannot tell what pointer points to, assuming global memory space
     1>C:/Users/rben.KECK-CENTER/Documents/neurogpu2/VS/NeuroGPU6/NeuroGPU6/CudaStuff.cu(390): warning : Cannot tell what pointer points to, assuming global memory space
     1>C:/Users/rben.KECK-CENTER/Documents/neurogpu2/VS/NeuroGPU6/NeuroGPU6/CudaStuff.cu(397): warning : Cannot tell what pointer points to, assuming global memory space
     1>C:/Users/rben.KECK-CENTER/Documents/neurogpu2/VS/NeuroGPU6/NeuroGPU6/CudaStuff.cu(397): warning : Cannot tell what pointer points to, assuming global memory space
     1>C:/Users/rben.KECK-CENTER/Documents/neurogpu2/VS/NeuroGPU6/NeuroGPU6/CudaStuff.cu(397): warning : Cannot tell what pointer points to, assuming global memory space
     1>C:/Users/rben.KECK-CENTER/Documents/neurogpu2/VS/NeuroGPU6/NeuroGPU6/CudaStuff.cu(397): warning : Cannot tell what pointer points to, assuming global memory space
     1>C:/Users/rben.KECK-CENTER/Documents/neurogpu2/VS/NeuroGPU6/NeuroGPU6/CudaStuff.cu(397): warning : Cannot tell what pointer points to, assuming global memory space
     1>C:/Users/rben.KECK-CENTER/Documents/neurogpu2/VS/NeuroGPU6/NeuroGPU6/CudaStuff.cu(397): warning : Cannot tell what pointer points to, assuming global memory space
     1>C:/Users/rben.KECK-CENTER/Documents/neurogpu2/VS/NeuroGPU6/NeuroGPU6/CudaStuff.cu(402): warning : Cannot tell what pointer points to, assuming global memory space
     1>C:/Users/rben.KECK-CENTER/Documents/neurogpu2/VS/NeuroGPU6/NeuroGPU6/CudaStuff.cu(402): warning : Cannot tell what pointer points to, assuming global memory space
     1>C:/Users/rben.KECK-CENTER/Documents/neurogpu2/VS/NeuroGPU6/NeuroGPU6/CudaStuff.cu(402): warning : Cannot tell what pointer points to, assuming global memory space
     1>C:/Users/rben.KECK-CENTER/Documents/neurogpu2/VS/NeuroGPU6/NeuroGPU6/CudaStuff.cu(402): warning : Cannot tell what pointer points to, assuming global memory space
     1>C:/Users/rben.KECK-CENTER/Documents/neurogpu2/VS/NeuroGPU6/NeuroGPU6/CudaStuff.cu(402): warning : Cannot tell what pointer points to, assuming global memory space
     1>C:/Users/rben.KECK-CENTER/Documents/neurogpu2/VS/NeuroGPU6/NeuroGPU6/CudaStuff.cu(402): warning : Cannot tell what pointer points to, assuming global memory space
     1>C:/Users/rben.KECK-CENTER/Documents/neurogpu2/VS/NeuroGPU6/NeuroGPU6/CudaStuff.cu(436): warning : Cannot tell what pointer points to, assuming global memory space
     1>C:/Users/rben.KECK-CENTER/Documents/neurogpu2/VS/NeuroGPU6/NeuroGPU6/CudaStuff.cu(436): warning : Cannot tell what pointer points to, assuming global memory space
     1>C:/Users/rben.KECK-CENTER/Documents/neurogpu2/VS/NeuroGPU6/NeuroGPU6/CudaStuff.cu(436): warning : Cannot tell what pointer points to, assuming global memory space
     1>C:/Users/rben.KECK-CENTER/Documents/neurogpu2/VS/NeuroGPU6/NeuroGPU6/CudaStuff.cu(436): warning : Cannot tell what pointer points to, assuming global memory space
     1>C:/Users/rben.KECK-CENTER/Documents/neurogpu2/VS/NeuroGPU6/NeuroGPU6/CudaStuff.cu(436): warning : Cannot tell what pointer points to, assuming global memory space
     1>C:/Users/rben.KECK-CENTER/Documents/neurogpu2/VS/NeuroGPU6/NeuroGPU6/CudaStuff.cu(436): warning : Cannot tell what pointer points to, assuming global memory space
     1>C:/Users/rben.KECK-CENTER/Documents/neurogpu2/VS/NeuroGPU6/NeuroGPU6/CudaStuff.cu(436): warning : Cannot tell what pointer points to, assuming global memory space
     1>C:/Users/rben.KECK-CENTER/Documents/neurogpu2/VS/NeuroGPU6/NeuroGPU6/CudaStuff.cu(436): warning : Cannot tell what pointer points to, assuming global memory space
     1>C:/Users/rben.KECK-CENTER/Documents/neurogpu2/VS/NeuroGPU6/NeuroGPU6/CudaStuff.cu(436): warning : Cannot tell what pointer points to, assuming global memory space
     1>C:/Users/rben.KECK-CENTER/Documents/neurogpu2/VS/NeuroGPU6/NeuroGPU6/CudaStuff.cu(436): warning : Cannot tell what pointer points to, assuming global memory space
     1>C:/Users/rben.KECK-CENTER/Documents/neurogpu2/VS/NeuroGPU6/NeuroGPU6/CudaStuff.cu(436): warning : Cannot tell what pointer points to, assuming global memory space
     1>C:/Users/rben.KECK-CENTER/Documents/neurogpu2/VS/NeuroGPU6/NeuroGPU6/CudaStuff.cu(436): warning : Cannot tell what pointer points to, assuming global memory space
     1>C:/Users/rben.KECK-CENTER/Documents/neurogpu2/VS/NeuroGPU6/NeuroGPU6/CudaStuff.cu(436): warning : Cannot tell what pointer points to, assuming global memory space
     1>C:/Users/rben.KECK-CENTER/Documents/neurogpu2/VS/NeuroGPU6/NeuroGPU6/CudaStuff.cu(436): warning : Cannot tell what pointer points to, assuming global memory space
     1>C:/Users/rben.KECK-CENTER/Documents/neurogpu2/VS/NeuroGPU6/NeuroGPU6/CudaStuff.cu(436): warning : Cannot tell what pointer points to, assuming global memory space
     1>C:/Users/rben.KECK-CENTER/Documents/neurogpu2/VS/NeuroGPU6/NeuroGPU6/CudaStuff.cu(436): warning : Cannot tell what pointer points to, assuming global memory space
     1>C:/Users/rben.KECK-CENTER/Documents/neurogpu2/VS/NeuroGPU6/NeuroGPU6/CudaStuff.cu(436): warning : Cannot tell what pointer points to, assuming global memory space
     1>C:/Users/rben.KECK-CENTER/Documents/neurogpu2/VS/NeuroGPU6/NeuroGPU6/CudaStuff.cu(436): warning : Cannot tell what pointer points to, assuming global memory space
     1>C:/Users/rben.KECK-CENTER/Documents/neurogpu2/VS/NeuroGPU6/NeuroGPU6/CudaStuff.cu(439): warning : Cannot tell what pointer points to, assuming global memory space
     1>C:/Users/rben.KECK-CENTER/Documents/neurogpu2/VS/NeuroGPU6/NeuroGPU6/CudaStuff.cu(439): warning : Cannot tell what pointer points to, assuming global memory space
     1>C:/Users/rben.KECK-CENTER/Documents/neurogpu2/VS/NeuroGPU6/NeuroGPU6/CudaStuff.cu(439): warning : Cannot tell what pointer points to, assuming global memory space
     1>C:/Users/rben.KECK-CENTER/Documents/neurogpu2/VS/NeuroGPU6/NeuroGPU6/CudaStuff.cu(439): warning : Cannot tell what pointer points to, assuming global memory space
     1>C:/Users/rben.KECK-CENTER/Documents/neurogpu2/VS/NeuroGPU6/NeuroGPU6/CudaStuff.cu(439): warning : Cannot tell what pointer points to, assuming global memory space
     1>C:/Users/rben.KECK-CENTER/Documents/neurogpu2/VS/NeuroGPU6/NeuroGPU6/CudaStuff.cu(439): warning : Cannot tell what pointer points to, assuming global memory space
     1>C:/Users/rben.KECK-CENTER/Documents/neurogpu2/VS/NeuroGPU6/NeuroGPU6/CudaStuff.cu(442): warning : Cannot tell what pointer points to, assuming global memory space
     1>C:/Users/rben.KECK-CENTER/Documents/neurogpu2/VS/NeuroGPU6/NeuroGPU6/CudaStuff.cu(442): warning : Cannot tell what pointer points to, assuming global memory space
     1>C:/Users/rben.KECK-CENTER/Documents/neurogpu2/VS/NeuroGPU6/NeuroGPU6/CudaStuff.cu(442): warning : Cannot tell what pointer points to, assuming global memory space
     1>C:/Users/rben.KECK-CENTER/Documents/neurogpu2/VS/NeuroGPU6/NeuroGPU6/CudaStuff.cu(442): warning : Cannot tell what pointer points to, assuming global memory space
     1>C:/Users/rben.KECK-CENTER/Documents/neurogpu2/VS/NeuroGPU6/NeuroGPU6/CudaStuff.cu(442): warning : Cannot tell what pointer points to, assuming global memory space
     1>C:/Users/rben.KECK-CENTER/Documents/neurogpu2/VS/NeuroGPU6/NeuroGPU6/CudaStuff.cu(442): warning : Cannot tell what pointer points to, assuming global memory space
     1>C:/Users/rben.KECK-CENTER/Documents/neurogpu2/VS/NeuroGPU6/NeuroGPU6/CudaStuff.cu(442): warning : Cannot tell what pointer points to, assuming global memory space
     1>C:/Users/rben.KECK-CENTER/Documents/neurogpu2/VS/NeuroGPU6/NeuroGPU6/CudaStuff.cu(442): warning : Cannot tell what pointer points to, assuming global memory space
     1>C:/Users/rben.KECK-CENTER/Documents/neurogpu2/VS/NeuroGPU6/NeuroGPU6/CudaStuff.cu(442): warning : Cannot tell what pointer points to, assuming global memory space
     1>C:/Users/rben.KECK-CENTER/Documents/neurogpu2/VS/NeuroGPU6/NeuroGPU6/CudaStuff.cu(442): warning : Cannot tell what pointer points to, assuming global memory space
     1>C:/Users/rben.KECK-CENTER/Documents/neurogpu2/VS/NeuroGPU6/NeuroGPU6/CudaStuff.cu(442): warning : Cannot tell what pointer points to, assuming global memory space
     1>C:/Users/rben.KECK-CENTER/Documents/neurogpu2/VS/NeuroGPU6/NeuroGPU6/CudaStuff.cu(442): warning : Cannot tell what pointer points to, assuming global memory space
     1>C:/Users/rben.KECK-CENTER/Documents/neurogpu2/VS/NeuroGPU6/NeuroGPU6/CudaStuff.cu(444): warning : Cannot tell what pointer points to, assuming global memory space
     1>C:/Users/rben.KECK-CENTER/Documents/neurogpu2/VS/NeuroGPU6/NeuroGPU6/CudaStuff.cu(447): warning : Cannot tell what pointer points to, assuming global memory space
     1>C:/Users/rben.KECK-CENTER/Documents/neurogpu2/VS/NeuroGPU6/NeuroGPU6/CudaStuff.cu(452): warning : Cannot tell what pointer points to, assuming global memory space
     1>C:/Users/rben.KECK-CENTER/Documents/neurogpu2/VS/NeuroGPU6/NeuroGPU6/CudaStuff.cu(452): warning : Cannot tell what pointer points to, assuming global memory space
     1>C:/Users/rben.KECK-CENTER/Documents/neurogpu2/VS/NeuroGPU6/NeuroGPU6/CudaStuff.cu(452): warning : Cannot tell what pointer points to, assuming global memory space
     1>C:/Users/rben.KECK-CENTER/Documents/neurogpu2/VS/NeuroGPU6/NeuroGPU6/CudaStuff.cu(452): warning : Cannot tell what pointer points to, assuming global memory space
     1>C:/Users/rben.KECK-CENTER/Documents/neurogpu2/VS/NeuroGPU6/NeuroGPU6/CudaStuff.cu(452): warning : Cannot tell what pointer points to, assuming global memory space
     1>C:/Users/rben.KECK-CENTER/Documents/neurogpu2/VS/NeuroGPU6/NeuroGPU6/CudaStuff.cu(452): warning : Cannot tell what pointer points to, assuming global memory space
     1>C:/Users/rben.KECK-CENTER/Documents/neurogpu2/VS/NeuroGPU6/NeuroGPU6/CudaStuff.cu(452): warning : Cannot tell what pointer points to, assuming global memory space
     1>C:/Users/rben.KECK-CENTER/Documents/neurogpu2/VS/NeuroGPU6/NeuroGPU6/CudaStuff.cu(452): warning : Cannot tell what pointer points to, assuming global memory space
     1>C:/Users/rben.KECK-CENTER/Documents/neurogpu2/VS/NeuroGPU6/NeuroGPU6/CudaStuff.cu(452): warning : Cannot tell what pointer points to, assuming global memory space
     1>C:/Users/rben.KECK-CENTER/Documents/neurogpu2/VS/NeuroGPU6/NeuroGPU6/CudaStuff.cu(452): warning : Cannot tell what pointer points to, assuming global memory space
     1>C:/Users/rben.KECK-CENTER/Documents/neurogpu2/VS/NeuroGPU6/NeuroGPU6/CudaStuff.cu(452): warning : Cannot tell what pointer points to, assuming global memory space
     1>C:/Users/rben.KECK-CENTER/Documents/neurogpu2/VS/NeuroGPU6/NeuroGPU6/CudaStuff.cu(452): warning : Cannot tell what pointer points to, assuming global memory space
     1>C:/Users/rben.KECK-CENTER/Documents/neurogpu2/VS/NeuroGPU6/NeuroGPU6/CudaStuff.cu(456): warning : Cannot tell what pointer points to, assuming global memory space
     1>C:/Users/rben.KECK-CENTER/Documents/neurogpu2/VS/NeuroGPU6/NeuroGPU6/CudaStuff.cu(456): warning : Cannot tell what pointer points to, assuming global memory space
     1>C:/Users/rben.KECK-CENTER/Documents/neurogpu2/VS/NeuroGPU6/NeuroGPU6/CudaStuff.cu(456): warning : Cannot tell what pointer points to, assuming global memory space
     1>C:/Users/rben.KECK-CENTER/Documents/neurogpu2/VS/NeuroGPU6/NeuroGPU6/CudaStuff.cu(456): warning : Cannot tell what pointer points to, assuming global memory space
     1>C:/Users/rben.KECK-CENTER/Documents/neurogpu2/VS/NeuroGPU6/NeuroGPU6/CudaStuff.cu(456): warning : Cannot tell what pointer points to, assuming global memory space
     1>C:/Users/rben.KECK-CENTER/Documents/neurogpu2/VS/NeuroGPU6/NeuroGPU6/CudaStuff.cu(456): warning : Cannot tell what pointer points to, assuming global memory space
     1>C:/Users/rben.KECK-CENTER/Documents/neurogpu2/VS/NeuroGPU6/NeuroGPU6/CudaStuff.cu(456): warning : Cannot tell what pointer points to, assuming global memory space
     1>C:/Users/rben.KECK-CENTER/Documents/neurogpu2/VS/NeuroGPU6/NeuroGPU6/CudaStuff.cu(456): warning : Cannot tell what pointer points to, assuming global memory space
     1>C:/Users/rben.KECK-CENTER/Documents/neurogpu2/VS/NeuroGPU6/NeuroGPU6/CudaStuff.cu(456): warning : Cannot tell what pointer points to, assuming global memory space
     1>C:/Users/rben.KECK-CENTER/Documents/neurogpu2/VS/NeuroGPU6/NeuroGPU6/CudaStuff.cu(456): warning : Cannot tell what pointer points to, assuming global memory space
     1>C:/Users/rben.KECK-CENTER/Documents/neurogpu2/VS/NeuroGPU6/NeuroGPU6/CudaStuff.cu(456): warning : Cannot tell what pointer points to, assuming global memory space
     1>C:/Users/rben.KECK-CENTER/Documents/neurogpu2/VS/NeuroGPU6/NeuroGPU6/CudaStuff.cu(456): warning : Cannot tell what pointer points to, assuming global memory space
     1>C:/Users/rben.KECK-CENTER/Documents/neurogpu2/VS/NeuroGPU6/NeuroGPU6/CudaStuff.cu(163): warning : Cannot tell what pointer points to, assuming global memory space
     1>C:/Users/rben.KECK-CENTER/Documents/neurogpu2/VS/NeuroGPU6/NeuroGPU6/CudaStuff.cu(164): warning : Cannot tell what pointer points to, assuming global memory space
     1>C:/Users/rben.KECK-CENTER/Documents/neurogpu2/VS/NeuroGPU6/NeuroGPU6/CudaStuff.cu(165): warning : Cannot tell what pointer points to, assuming global memory space
     1>C:/Users/rben.KECK-CENTER/Documents/neurogpu2/VS/NeuroGPU6/NeuroGPU6/CudaStuff.cu(168): warning : Cannot tell what pointer points to, assuming global memory space
     1>C:/Users/rben.KECK-CENTER/Documents/neurogpu2/VS/NeuroGPU6/NeuroGPU6/CudaStuff.cu(168): warning : Cannot tell what pointer points to, assuming global memory space
     1>C:/Users/rben.KECK-CENTER/Documents/neurogpu2/VS/NeuroGPU6/NeuroGPU6/CudaStuff.cu(170): warning : Cannot tell what pointer points to, assuming global memory space
     1>C:/Users/rben.KECK-CENTER/Documents/neurogpu2/VS/NeuroGPU6/NeuroGPU6/CudaStuff.cu(171): warning : Cannot tell what pointer points to, assuming global memory space
     1>C:/Users/rben.KECK-CENTER/Documents/neurogpu2/VS/NeuroGPU6/NeuroGPU6/CudaStuff.cu(171): warning : Cannot tell what pointer points to, assuming global memory space
     1>C:/Users/rben.KECK-CENTER/Documents/neurogpu2/VS/NeuroGPU6/NeuroGPU6/CudaStuff.cu(174): warning : Cannot tell what pointer points to, assuming global memory space
     1>C:/Users/rben.KECK-CENTER/Documents/neurogpu2/VS/NeuroGPU6/NeuroGPU6/CudaStuff.cu(174): warning : Cannot tell what pointer points to, assuming global memory space
     1>C:/Users/rben.KECK-CENTER/Documents/neurogpu2/VS/NeuroGPU6/NeuroGPU6/CudaStuff.cu(177): warning : Cannot tell what pointer points to, assuming global memory space
     1>C:/Users/rben.KECK-CENTER/Documents/neurogpu2/VS/NeuroGPU6/NeuroGPU6/CudaStuff.cu(171): warning : Cannot tell what pointer points to, assuming global memory space
     1>C:/Users/rben.KECK-CENTER/Documents/neurogpu2/VS/NeuroGPU6/NeuroGPU6/CudaStuff.cu(168): warning : Cannot tell what pointer points to, assuming global memory space
     1>C:/Users/rben.KECK-CENTER/Documents/neurogpu2/VS/NeuroGPU6/NeuroGPU6/CudaStuff.cu(181): warning : Cannot tell what pointer points to, assuming global memory space
     1>C:/Users/rben.KECK-CENTER/Documents/neurogpu2/VS/NeuroGPU6/NeuroGPU6/CudaStuff.cu(181): warning : Cannot tell what pointer points to, assuming global memory space
     1>C:/Users/rben.KECK-CENTER/Documents/neurogpu2/VS/NeuroGPU6/NeuroGPU6/CudaStuff.cu(182): warning : Cannot tell what pointer points to, assuming global memory space
     1>C:/Users/rben.KECK-CENTER/Documents/neurogpu2/VS/NeuroGPU6/NeuroGPU6/CudaStuff.cu(183): warning : Cannot tell what pointer points to, assuming global memory space
     1>C:/Users/rben.KECK-CENTER/Documents/neurogpu2/VS/NeuroGPU6/NeuroGPU6/CudaStuff.cu(184): warning : Cannot tell what pointer points to, assuming global memory space
     1>C:/Users/rben.KECK-CENTER/Documents/neurogpu2/VS/NeuroGPU6/NeuroGPU6/CudaStuff.cu(185): warning : Cannot tell what pointer points to, assuming global memory space
     1>C:/Users/rben.KECK-CENTER/Documents/neurogpu2/VS/NeuroGPU6/NeuroGPU6/CudaStuff.cu(187): warning : Cannot tell what pointer points to, assuming global memory space
     1>C:/Users/rben.KECK-CENTER/Documents/neurogpu2/VS/NeuroGPU6/NeuroGPU6/CudaStuff.cu(189): warning : Cannot tell what pointer points to, assuming global memory space
     1>C:/Users/rben.KECK-CENTER/Documents/neurogpu2/VS/NeuroGPU6/NeuroGPU6/CudaStuff.cu(189): warning : Cannot tell what pointer points to, assuming global memory space
     1>C:/Users/rben.KECK-CENTER/Documents/neurogpu2/VS/NeuroGPU6/NeuroGPU6/CudaStuff.cu(192): warning : Cannot tell what pointer points to, assuming global memory space
     1>C:/Users/rben.KECK-CENTER/Documents/neurogpu2/VS/NeuroGPU6/NeuroGPU6/CudaStuff.cu(181): warning : Cannot tell what pointer points to, assuming global memory space
     1>C:/Users/rben.KECK-CENTER/Documents/neurogpu2/VS/NeuroGPU6/NeuroGPU6/CudaStuff.cu(211): warning : Cannot tell what pointer points to, assuming global memory space
     1>C:/Users/rben.KECK-CENTER/Documents/neurogpu2/VS/NeuroGPU6/NeuroGPU6/CudaStuff.cu(211): warning : Cannot tell what pointer points to, assuming global memory space
     1>C:/Users/rben.KECK-CENTER/Documents/neurogpu2/VS/NeuroGPU6/NeuroGPU6/CudaStuff.cu(211): warning : Cannot tell what pointer points to, assuming global memory space
     1>C:/Users/rben.KECK-CENTER/Documents/neurogpu2/VS/NeuroGPU6/NeuroGPU6/CudaStuff.cu(211): warning : Cannot tell what pointer points to, assuming global memory space
     1>C:/Users/rben.KECK-CENTER/Documents/neurogpu2/VS/NeuroGPU6/NeuroGPU6/CudaStuff.cu(211): warning : Cannot tell what pointer points to, assuming global memory space
     1>C:/Users/rben.KECK-CENTER/Documents/neurogpu2/VS/NeuroGPU6/NeuroGPU6/CudaStuff.cu(211): warning : Cannot tell what pointer points to, assuming global memory space
     1>C:/Users/rben.KECK-CENTER/Documents/neurogpu2/VS/NeuroGPU6/NeuroGPU6/CudaStuff.cu(218): warning : Cannot tell what pointer points to, assuming global memory space
     1>C:/Users/rben.KECK-CENTER/Documents/neurogpu2/VS/NeuroGPU6/NeuroGPU6/CudaStuff.cu(218): warning : Cannot tell what pointer points to, assuming global memory space
     1>C:/Users/rben.KECK-CENTER/Documents/neurogpu2/VS/NeuroGPU6/NeuroGPU6/CudaStuff.cu(218): warning : Cannot tell what pointer points to, assuming global memory space
     1>C:/Users/rben.KECK-CENTER/Documents/neurogpu2/VS/NeuroGPU6/NeuroGPU6/CudaStuff.cu(218): warning : Cannot tell what pointer points to, assuming global memory space
     1>C:/Users/rben.KECK-CENTER/Documents/neurogpu2/VS/NeuroGPU6/NeuroGPU6/CudaStuff.cu(218): warning : Cannot tell what pointer points to, assuming global memory space
     1>C:/Users/rben.KECK-CENTER/Documents/neurogpu2/VS/NeuroGPU6/NeuroGPU6/CudaStuff.cu(218): warning : Cannot tell what pointer points to, assuming global memory space
         CudaStuff.cu
     1>c:\users\rben.keck-center\documents\neurogpu2\vs\neurogpu6\neurogpu6\AllModels.cu(89): warning C4244: 'return' : conversion from 'double' to 'float', possible loss of data
     1>C:/Users/rben.KECK-CENTER/Documents/neurogpu2/VS/NeuroGPU6/NeuroGPU6/CudaStuff.cu(694): warning C4101: 'FileName' : unreferenced local variable
     1>C:/Users/rben.KECK-CENTER/Documents/neurogpu2/VS/NeuroGPU6/NeuroGPU6/CudaStuff.cu(737): warning C4244: 'initializing' : conversion from 'float' to 'unsigned short', possible loss of data
     1>C:/Users/rben.KECK-CENTER/Documents/neurogpu2/VS/NeuroGPU6/NeuroGPU6/CudaStuff.cu(769): warning C4244: 'argument' : conversion from 'float' to 'size_t', possible loss of data
     1>C:/Users/rben.KECK-CENTER/Documents/neurogpu2/VS/NeuroGPU6/NeuroGPU6/CudaStuff.cu(822): warning C4244: 'argument' : conversion from 'float' to 'size_t', possible loss of data
     1>C:/Users/rben.KECK-CENTER/Documents/neurogpu2/VS/NeuroGPU6/NeuroGPU6/CudaStuff.cu(940): warning C4244: 'argument' : conversion from 'double' to 'float', possible loss of data
     1>C:/Users/rben.KECK-CENTER/Documents/neurogpu2/VS/NeuroGPU6/NeuroGPU6/CudaStuff.cu(940): warning C4244: '=' : conversion from 'float' to 'unsigned short', possible loss of data
     1>C:/Users/rben.KECK-CENTER/Documents/neurogpu2/VS/NeuroGPU6/NeuroGPU6/CudaStuff.cu(946): warning C4244: 'argument' : conversion from 'double' to 'float', possible loss of data
     1>C:/Users/rben.KECK-CENTER/Documents/neurogpu2/VS/NeuroGPU6/NeuroGPU6/CudaStuff.cu(946): warning C4244: '=' : conversion from 'float' to 'unsigned short', possible loss of data
     1>C:/Users/rben.KECK-CENTER/Documents/neurogpu2/VS/NeuroGPU6/NeuroGPU6/CudaStuff.cu(1000): warning C4553: '==' : operator has no effect; did you intend '='?
     1>C:/Users/rben.KECK-CENTER/Documents/neurogpu2/VS/NeuroGPU6/NeuroGPU6/CudaStuff.cu(743): warning C4101: 'bHPOut_d' : unreferenced local variable
     1>C:/Users/rben.KECK-CENTER/Documents/neurogpu2/VS/NeuroGPU6/NeuroGPU6/CudaStuff.cu(743): warning C4101: 'uHPOut_d' : unreferenced local variable
     1>C:/Users/rben.KECK-CENTER/Documents/neurogpu2/VS/NeuroGPU6/NeuroGPU6/CudaStuff.cu(740): warning C4101: 'i' : unreferenced local variable
     1>C:/Users/rben.KECK-CENTER/Documents/neurogpu2/VS/NeuroGPU6/NeuroGPU6/CudaStuff.cu(740): warning C4101: 't' : unreferenced local variable
     1>C:/Users/rben.KECK-CENTER/Documents/neurogpu2/VS/NeuroGPU6/NeuroGPU6/CudaStuff.cu(740): warning C4101: 'j' : unreferenced local variable
       CudaBuild:
         Compiling CUDA source file kernel.cu...
         cmd.exe /C "C:\Users\rben.KECK-CENTER\AppData\Local\Temp\tmp726cdbf2ff374d6893b7602fa7bbf5b8.cmd"
         "C:\Program Files\NVIDIA GPU Computing Toolkit\CUDA\v6.0\bin\nvcc.exe" -gencode=arch=compute_10,code=\"sm_10,compute_10\" --use-local-env --cl-version 2012 -ccbin "C:\Program Files (x86)\Microsoft Visual Studio 11.0\VC\bin"  -I"C:\Program Files\NVIDIA GPU Computing Toolkit\CUDA\v6.0\include" -I"C:\Program Files\NVIDIA GPU Computing Toolkit\CUDA\v6.0\include"  -G   --keep-dir Debug -maxrregcount=0  --machine 32 --compile -cudart static  -g   -DWIN32 -D_DEBUG -D_CONSOLE -D_MBCS -Xcompiler "/EHsc /W3 /nologo /Ox /Zi  /MDd  " -o Debug\kernel.cu.obj "C:\Users\rben.KECK-CENTER\Documents\neurogpu2\VS\NeuroGPU6\NeuroGPU6\kernel.cu"
         
         C:\Users\rben.KECK-CENTER\Documents\neurogpu2\VS\NeuroGPU6\NeuroGPU6>"C:\Program Files\NVIDIA GPU Computing Toolkit\CUDA\v6.0\bin\nvcc.exe" -gencode=arch=compute_10,code=\"sm_10,compute_10\" --use-local-env --cl-version 2012 -ccbin "C:\Program Files (x86)\Microsoft Visual Studio 11.0\VC\bin"  -I"C:\Program Files\NVIDIA GPU Computing Toolkit\CUDA\v6.0\include" -I"C:\Program Files\NVIDIA GPU Computing Toolkit\CUDA\v6.0\include"  -G   --keep-dir Debug -maxrregcount=0  --machine 32 --compile -cudart static  -g   -DWIN32 -D_DEBUG -D_CONSOLE -D_MBCS -Xcompiler "/EHsc /W3 /nologo /Ox /Zi  /MDd  " -o Debug\kernel.cu.obj "C:\Users\rben.KECK-CENTER\Documents\neurogpu2\VS\NeuroGPU6\NeuroGPU6\kernel.cu" 
     1>nvcc : warning : The 'compute_10' and 'sm_10' architectures are deprecated, and may be removed in a future release.
         kernel.cu
       ClCompile:
         C:\Program Files (x86)\Microsoft Visual Studio 11.0\VC\bin\CL.exe /c /I"C:\Program Files\NVIDIA GPU Computing Toolkit\CUDA\v6.0\include" /ZI /nologo /W3 /WX- /Ox /Oy- /D WIN32 /D _DEBUG /D _CONSOLE /D _MBCS /Gm /EHsc /MDd /GS /fp:precise /Zc:wchar_t /Zc:forScope /Fo"Debug\\" /Fd"Debug\vc110.pdb" /Gd /TP /analyze- /errorReport:prompt AllModels.cpp MainC.cpp Util.cpp
     1>cl : Command line error D8016: '/ZI' and '/Ox' command-line options are incompatible
     1>Done Building Project "C:\Users\rben.KECK-CENTER\Documents\neurogpu2\VS\NeuroGPU6\NeuroGPU6\NeuroGPU6.vcxproj" (Build target(s)) -- FAILED.

Build FAILED.

Time Elapsed 00:00:54.14
