Build started 10/3/2016 4:41:43 PM.
     1>Project "C:\Users\rben.KECK-CENTER\Documents\GitHub\NeuroGPU\VS\NeuroGPULast7_5NoMech\NeuroGPU6\NeuroGPU6.vcxproj" on node 2 (Rebuild target(s)).
     1>CudaClean:
         cmd.exe /C "C:\Users\rben.KECK-CENTER\AppData\Local\Temp\tmpeabba21e28bd47ecb4c32b7c2ca448f4.cmd"
         "C:\Program Files\NVIDIA GPU Computing Toolkit\CUDA\v7.5\bin\nvcc.exe" -ccbin "C:\Program Files (x86)\Microsoft Visual Studio 12.0\VC\bin\x86_amd64"   -I"C:\Program Files\NVIDIA GPU Computing Toolkit\CUDA\v7.5\include"  -G   --keep-dir x64\Debug -maxrregcount=0  --machine 64 --compile   -g  -use_fast_math -DWIN32 -DWIN64 -D_DEBUG -D_CONSOLE -D_MBCS -Xcompiler "/EHsc /W3 /nologo /O2 /Zi  /MDd " -o x64\Debug\CudaStuff.cu.obj "C:\Users\rben.KECK-CENTER\Documents\GitHub\NeuroGPU\VS\NeuroGPULast7_5NoMech\NeuroGPU6\CudaStuff.cu" -clean
         
         C:\Users\rben.KECK-CENTER\Documents\GitHub\NeuroGPU\VS\NeuroGPULast7_5NoMech\NeuroGPU6>"C:\Program Files\NVIDIA GPU Computing Toolkit\CUDA\v7.5\bin\nvcc.exe" -ccbin "C:\Program Files (x86)\Microsoft Visual Studio 12.0\VC\bin\x86_amd64"   -I"C:\Program Files\NVIDIA GPU Computing Toolkit\CUDA\v7.5\include"  -G   --keep-dir x64\Debug -maxrregcount=0  --machine 64 --compile   -g  -use_fast_math -DWIN32 -DWIN64 -D_DEBUG -D_CONSOLE -D_MBCS -Xcompiler "/EHsc /W3 /nologo /O2 /Zi  /MDd " -o x64\Debug\CudaStuff.cu.obj "C:\Users\rben.KECK-CENTER\Documents\GitHub\NeuroGPU\VS\NeuroGPULast7_5NoMech\NeuroGPU6\CudaStuff.cu" -clean 
         CudaStuff.cu
       CudaClean:
         cmd.exe /C "C:\Users\rben.KECK-CENTER\AppData\Local\Temp\tmp9a7c1c83cef24b75a8f33b161e157e12.cmd"
         "C:\Program Files\NVIDIA GPU Computing Toolkit\CUDA\v7.5\bin\nvcc.exe" -ccbin "C:\Program Files (x86)\Microsoft Visual Studio 12.0\VC\bin\x86_amd64"   -I"C:\Program Files\NVIDIA GPU Computing Toolkit\CUDA\v7.5\include"  -G   --keep-dir x64\Debug -maxrregcount=0  --machine 64 --compile   -g  -use_fast_math -DWIN32 -DWIN64 -D_DEBUG -D_CONSOLE -D_MBCS -Xcompiler "/EHsc /W3 /nologo /O2 /Zi  /MDd " -o x64\Debug\kernel.cu.obj "C:\Users\rben.KECK-CENTER\Documents\GitHub\NeuroGPU\VS\NeuroGPULast7_5NoMech\NeuroGPU6\kernel.cu" -clean
         
         C:\Users\rben.KECK-CENTER\Documents\GitHub\NeuroGPU\VS\NeuroGPULast7_5NoMech\NeuroGPU6>"C:\Program Files\NVIDIA GPU Computing Toolkit\CUDA\v7.5\bin\nvcc.exe" -ccbin "C:\Program Files (x86)\Microsoft Visual Studio 12.0\VC\bin\x86_amd64"   -I"C:\Program Files\NVIDIA GPU Computing Toolkit\CUDA\v7.5\include"  -G   --keep-dir x64\Debug -maxrregcount=0  --machine 64 --compile   -g  -use_fast_math -DWIN32 -DWIN64 -D_DEBUG -D_CONSOLE -D_MBCS -Xcompiler "/EHsc /W3 /nologo /O2 /Zi  /MDd " -o x64\Debug\kernel.cu.obj "C:\Users\rben.KECK-CENTER\Documents\GitHub\NeuroGPU\VS\NeuroGPULast7_5NoMech\NeuroGPU6\kernel.cu" -clean 
         kernel.cu
       AddCudaCompileDeps:
         C:\Program Files (x86)\Microsoft Visual Studio 12.0\VC\bin\x86_amd64\cl.exe /E /nologo /showIncludes /TP /D__CUDACC__ /DWIN32 /DWIN64 /D_DEBUG /D_CONSOLE /D_MBCS /I"C:\Program Files\NVIDIA GPU Computing Toolkit\CUDA\v7.5\bin" /I"C:\Program Files\NVIDIA GPU Computing Toolkit\CUDA\v7.5\include" /I. /FIcuda_runtime.h /c C:\Users\rben.KECK-CENTER\Documents\GitHub\NeuroGPU\VS\NeuroGPULast7_5NoMech\NeuroGPU6\CudaStuff.cu 
       AddCudaCompileDeps:
         C:\Program Files (x86)\Microsoft Visual Studio 12.0\VC\bin\x86_amd64\cl.exe /E /nologo /showIncludes /TP /D__CUDACC__ /DWIN32 /DWIN64 /D_DEBUG /D_CONSOLE /D_MBCS /I"C:\Program Files\NVIDIA GPU Computing Toolkit\CUDA\v7.5\bin" /I"C:\Program Files\NVIDIA GPU Computing Toolkit\CUDA\v7.5\include" /I. /FIcuda_runtime.h /c C:\Users\rben.KECK-CENTER\Documents\GitHub\NeuroGPU\VS\NeuroGPULast7_5NoMech\NeuroGPU6\kernel.cu 
       CudaBuild:
         Compiling CUDA source file CudaStuff.cu...
         cmd.exe /C "C:\Users\rben.KECK-CENTER\AppData\Local\Temp\tmp2286514a83e84056879706795b2a15cd.cmd"
         "C:\Program Files\NVIDIA GPU Computing Toolkit\CUDA\v7.5\bin\nvcc.exe" -gencode=arch=compute_35,code=\"sm_35,compute_35\" --use-local-env --cl-version 2013 -ccbin "C:\Program Files (x86)\Microsoft Visual Studio 12.0\VC\bin\x86_amd64"   -I"C:\Program Files\NVIDIA GPU Computing Toolkit\CUDA\v7.5\include"  -G   --keep-dir x64\Debug -maxrregcount=0  --machine 64 --compile -cudart static  -g  -use_fast_math -DWIN32 -DWIN64 -D_DEBUG -D_CONSOLE -D_MBCS -Xcompiler "/EHsc /W3 /nologo /O2 /Zi  /MDd " -o x64\Debug\CudaStuff.cu.obj "C:\Users\rben.KECK-CENTER\Documents\GitHub\NeuroGPU\VS\NeuroGPULast7_5NoMech\NeuroGPU6\CudaStuff.cu"
         
         C:\Users\rben.KECK-CENTER\Documents\GitHub\NeuroGPU\VS\NeuroGPULast7_5NoMech\NeuroGPU6>"C:\Program Files\NVIDIA GPU Computing Toolkit\CUDA\v7.5\bin\nvcc.exe" -gencode=arch=compute_35,code=\"sm_35,compute_35\" --use-local-env --cl-version 2013 -ccbin "C:\Program Files (x86)\Microsoft Visual Studio 12.0\VC\bin\x86_amd64"   -I"C:\Program Files\NVIDIA GPU Computing Toolkit\CUDA\v7.5\include"  -G   --keep-dir x64\Debug -maxrregcount=0  --machine 64 --compile -cudart static  -g  -use_fast_math -DWIN32 -DWIN64 -D_DEBUG -D_CONSOLE -D_MBCS -Xcompiler "/EHsc /W3 /nologo /O2 /Zi  /MDd " -o x64\Debug\CudaStuff.cu.obj "C:\Users\rben.KECK-CENTER\Documents\GitHub\NeuroGPU\VS\NeuroGPULast7_5NoMech\NeuroGPU6\CudaStuff.cu" 
     1>c:\users\rben.keck-center\documents\github\neurogpu\vs\neurogpulast7_5nomech\neurogpu6\AllModels.cu(16): warning C4005: 'celsius' : macro redefinition
     1>c:\users\rben.keck-center\documents\github\neurogpu\vs\neurogpulast7_5nomech\neurogpu6\AllModels.cu(17): warning C4005: 'stoprun' : macro redefinition
     1>c:\users\rben.keck-center\documents\github\neurogpu\vs\neurogpulast7_5nomech\neurogpu6\AllModels.cu(18): warning C4005: 'clamp_resist' : macro redefinition
     1>c:\users\rben.keck-center\documents\github\neurogpu\vs\neurogpulast7_5nomech\neurogpu6\AllModels.cu(19): warning C4005: 'secondorder' : macro redefinition
     1>c:\users\rben.keck-center\documents\github\neurogpu\vs\neurogpulast7_5nomech\neurogpu6\AllModels.cu(59): warning : variable "sum" was set but never used
     1>c:\users\rben.keck-center\documents\github\neurogpu\vs\neurogpulast7_5nomech\neurogpu6\AllModels.cu(59): warning : variable "q10" was set but never used
     1>c:\users\rben.keck-center\documents\github\neurogpu\vs\neurogpulast7_5nomech\neurogpu6\AllModels.cu(84): warning : declaration does not declare anything
     1>c:\users\rben.keck-center\documents\github\neurogpu\vs\neurogpulast7_5nomech\neurogpu6\AllModels.cu(94): warning : declaration does not declare anything
     1>c:\users\rben.keck-center\documents\github\neurogpu\vs\neurogpulast7_5nomech\neurogpu6\AllModels.cu(104): warning : variable "il" was set but never used
     1>c:\users\rben.keck-center\documents\github\neurogpu\vs\neurogpulast7_5nomech\neurogpu6\AllModels.cu(104): warning : variable "ina" was set but never used
     1>C:/Users/rben.KECK-CENTER/Documents/GitHub/NeuroGPU/VS/NeuroGPULast7_5NoMech/NeuroGPU6/CudaStuff.cu(184): warning : variable "CurLevel" is used before its value is set
     1>C:/Users/rben.KECK-CENTER/Documents/GitHub/NeuroGPU/VS/NeuroGPULast7_5NoMech/NeuroGPU6/CudaStuff.cu(290): warning : variable "StimID" was declared but never referenced
     1>C:/Users/rben.KECK-CENTER/Documents/GitHub/NeuroGPU/VS/NeuroGPULast7_5NoMech/NeuroGPU6/CudaStuff.cu(328): warning : variable "isModel_1" was declared but never referenced
     1>C:/Users/rben.KECK-CENTER/Documents/GitHub/NeuroGPU/VS/NeuroGPULast7_5NoMech/NeuroGPU6/CudaStuff.cu(328): warning : variable "dVec_1" was declared but never referenced
     1>C:/Users/rben.KECK-CENTER/Documents/GitHub/NeuroGPU/VS/NeuroGPULast7_5NoMech/NeuroGPU6/CudaStuff.cu(328): warning : variable "isModel_2" was declared but never referenced
     1>C:/Users/rben.KECK-CENTER/Documents/GitHub/NeuroGPU/VS/NeuroGPULast7_5NoMech/NeuroGPU6/CudaStuff.cu(328): warning : variable "dVec_2" was declared but never referenced
     1>C:/Users/rben.KECK-CENTER/Documents/GitHub/NeuroGPU/VS/NeuroGPULast7_5NoMech/NeuroGPU6/CudaStuff.cu(328): warning : variable "isModel_3" was declared but never referenced
     1>C:/Users/rben.KECK-CENTER/Documents/GitHub/NeuroGPU/VS/NeuroGPULast7_5NoMech/NeuroGPU6/CudaStuff.cu(328): warning : variable "dVec_3" was declared but never referenced
     1>C:/Users/rben.KECK-CENTER/Documents/GitHub/NeuroGPU/VS/NeuroGPULast7_5NoMech/NeuroGPU6/CudaStuff.cu(328): warning : variable "isModel_4" was declared but never referenced
     1>C:/Users/rben.KECK-CENTER/Documents/GitHub/NeuroGPU/VS/NeuroGPULast7_5NoMech/NeuroGPU6/CudaStuff.cu(328): warning : variable "dVec_4" was declared but never referenced
     1>C:/Users/rben.KECK-CENTER/Documents/GitHub/NeuroGPU/VS/NeuroGPULast7_5NoMech/NeuroGPU6/CudaStuff.cu(328): warning : variable "isModel_5" was declared but never referenced
     1>C:/Users/rben.KECK-CENTER/Documents/GitHub/NeuroGPU/VS/NeuroGPULast7_5NoMech/NeuroGPU6/CudaStuff.cu(328): warning : variable "dVec_5" was declared but never referenced
     1>C:/Users/rben.KECK-CENTER/Documents/GitHub/NeuroGPU/VS/NeuroGPULast7_5NoMech/NeuroGPU6/CudaStuff.cu(328): warning : variable "isModel_6" was declared but never referenced
     1>C:/Users/rben.KECK-CENTER/Documents/GitHub/NeuroGPU/VS/NeuroGPULast7_5NoMech/NeuroGPU6/CudaStuff.cu(328): warning : variable "dVec_6" was declared but never referenced
     1>C:/Users/rben.KECK-CENTER/Documents/GitHub/NeuroGPU/VS/NeuroGPULast7_5NoMech/NeuroGPU6/CudaStuff.cu(328): warning : variable "isModel_7" was declared but never referenced
     1>C:/Users/rben.KECK-CENTER/Documents/GitHub/NeuroGPU/VS/NeuroGPULast7_5NoMech/NeuroGPU6/CudaStuff.cu(328): warning : variable "dVec_7" was declared but never referenced
     1>C:/Users/rben.KECK-CENTER/Documents/GitHub/NeuroGPU/VS/NeuroGPULast7_5NoMech/NeuroGPU6/CudaStuff.cu(328): warning : variable "isModel_8" was declared but never referenced
     1>C:/Users/rben.KECK-CENTER/Documents/GitHub/NeuroGPU/VS/NeuroGPULast7_5NoMech/NeuroGPU6/CudaStuff.cu(328): warning : variable "dVec_8" was declared but never referenced
     1>C:/Users/rben.KECK-CENTER/Documents/GitHub/NeuroGPU/VS/NeuroGPULast7_5NoMech/NeuroGPU6/CudaStuff.cu(328): warning : variable "isModel_9" was declared but never referenced
     1>C:/Users/rben.KECK-CENTER/Documents/GitHub/NeuroGPU/VS/NeuroGPULast7_5NoMech/NeuroGPU6/CudaStuff.cu(328): warning : variable "dVec_9" was declared but never referenced
     1>C:/Users/rben.KECK-CENTER/Documents/GitHub/NeuroGPU/VS/NeuroGPULast7_5NoMech/NeuroGPU6/CudaStuff.cu(328): warning : variable "isModel_10" was declared but never referenced
     1>C:/Users/rben.KECK-CENTER/Documents/GitHub/NeuroGPU/VS/NeuroGPULast7_5NoMech/NeuroGPU6/CudaStuff.cu(328): warning : variable "dVec_10" was declared but never referenced
     1>C:/Users/rben.KECK-CENTER/Documents/GitHub/NeuroGPU/VS/NeuroGPULast7_5NoMech/NeuroGPU6/CudaStuff.cu(328): warning : variable "isModel_11" was declared but never referenced
     1>C:/Users/rben.KECK-CENTER/Documents/GitHub/NeuroGPU/VS/NeuroGPULast7_5NoMech/NeuroGPU6/CudaStuff.cu(328): warning : variable "dVec_11" was declared but never referenced
     1>C:/Users/rben.KECK-CENTER/Documents/GitHub/NeuroGPU/VS/NeuroGPULast7_5NoMech/NeuroGPU6/CudaStuff.cu(328): warning : variable "isModel_12" was declared but never referenced
     1>C:/Users/rben.KECK-CENTER/Documents/GitHub/NeuroGPU/VS/NeuroGPULast7_5NoMech/NeuroGPU6/CudaStuff.cu(328): warning : variable "dVec_12" was declared but never referenced
     1>C:/Users/rben.KECK-CENTER/Documents/GitHub/NeuroGPU/VS/NeuroGPULast7_5NoMech/NeuroGPU6/CudaStuff.cu(335): warning : variable "SonNo_1" was declared but never referenced
     1>C:/Users/rben.KECK-CENTER/Documents/GitHub/NeuroGPU/VS/NeuroGPULast7_5NoMech/NeuroGPU6/CudaStuff.cu(335): warning : variable "SonNo_2" was declared but never referenced
     1>C:/Users/rben.KECK-CENTER/Documents/GitHub/NeuroGPU/VS/NeuroGPULast7_5NoMech/NeuroGPU6/CudaStuff.cu(335): warning : variable "SonNo_3" was declared but never referenced
     1>C:/Users/rben.KECK-CENTER/Documents/GitHub/NeuroGPU/VS/NeuroGPULast7_5NoMech/NeuroGPU6/CudaStuff.cu(335): warning : variable "SonNo_4" was declared but never referenced
     1>C:/Users/rben.KECK-CENTER/Documents/GitHub/NeuroGPU/VS/NeuroGPULast7_5NoMech/NeuroGPU6/CudaStuff.cu(335): warning : variable "SonNo_5" was declared but never referenced
     1>C:/Users/rben.KECK-CENTER/Documents/GitHub/NeuroGPU/VS/NeuroGPULast7_5NoMech/NeuroGPU6/CudaStuff.cu(335): warning : variable "SonNo_6" was declared but never referenced
     1>C:/Users/rben.KECK-CENTER/Documents/GitHub/NeuroGPU/VS/NeuroGPULast7_5NoMech/NeuroGPU6/CudaStuff.cu(335): warning : variable "SonNo_7" was declared but never referenced
     1>C:/Users/rben.KECK-CENTER/Documents/GitHub/NeuroGPU/VS/NeuroGPULast7_5NoMech/NeuroGPU6/CudaStuff.cu(335): warning : variable "SonNo_8" was declared but never referenced
     1>C:/Users/rben.KECK-CENTER/Documents/GitHub/NeuroGPU/VS/NeuroGPULast7_5NoMech/NeuroGPU6/CudaStuff.cu(335): warning : variable "SonNo_9" was declared but never referenced
     1>C:/Users/rben.KECK-CENTER/Documents/GitHub/NeuroGPU/VS/NeuroGPULast7_5NoMech/NeuroGPU6/CudaStuff.cu(335): warning : variable "SonNo_10" was declared but never referenced
     1>C:/Users/rben.KECK-CENTER/Documents/GitHub/NeuroGPU/VS/NeuroGPULast7_5NoMech/NeuroGPU6/CudaStuff.cu(335): warning : variable "SonNo_11" was declared but never referenced
     1>C:/Users/rben.KECK-CENTER/Documents/GitHub/NeuroGPU/VS/NeuroGPULast7_5NoMech/NeuroGPU6/CudaStuff.cu(335): warning : variable "SonNo_12" was declared but never referenced
     1>C:/Users/rben.KECK-CENTER/Documents/GitHub/NeuroGPU/VS/NeuroGPULast7_5NoMech/NeuroGPU6/CudaStuff.cu(484): warning : variable "SMemVHot" is used before its value is set
     1>C:/Users/rben.KECK-CENTER/Documents/GitHub/NeuroGPU/VS/NeuroGPULast7_5NoMech/NeuroGPU6/CudaStuff.cu(484): warning : variable "amps" is used before its value is set
     1>C:/Users/rben.KECK-CENTER/Documents/GitHub/NeuroGPU/VS/NeuroGPULast7_5NoMech/NeuroGPU6/CudaStuff.cu(500): warning : variable "FileName" was declared but never referenced
     1>C:/Users/rben.KECK-CENTER/Documents/GitHub/NeuroGPU/VS/NeuroGPULast7_5NoMech/NeuroGPU6/CudaStuff.cu(834): warning : expression has no effect
     1>C:/Users/rben.KECK-CENTER/Documents/GitHub/NeuroGPU/VS/NeuroGPULast7_5NoMech/NeuroGPU6/CudaStuff.cu(544): warning : variable "i" was declared but never referenced
     1>C:/Users/rben.KECK-CENTER/Documents/GitHub/NeuroGPU/VS/NeuroGPULast7_5NoMech/NeuroGPU6/CudaStuff.cu(544): warning : variable "j" was declared but never referenced
     1>C:/Users/rben.KECK-CENTER/Documents/GitHub/NeuroGPU/VS/NeuroGPULast7_5NoMech/NeuroGPU6/CudaStuff.cu(544): warning : variable "t" was declared but never referenced
     1>C:/Users/rben.KECK-CENTER/Documents/GitHub/NeuroGPU/VS/NeuroGPULast7_5NoMech/NeuroGPU6/CudaStuff.cu(547): warning : variable "uHPOut_d" was declared but never referenced
     1>C:/Users/rben.KECK-CENTER/Documents/GitHub/NeuroGPU/VS/NeuroGPULast7_5NoMech/NeuroGPU6/CudaStuff.cu(547): warning : variable "bHPOut_d" was declared but never referenced
     1>c:\users\rben.keck-center\documents\github\neurogpu\vs\neurogpulast7_5nomech\neurogpu6\AllModels.cu(16): warning C4005: 'celsius' : macro redefinition
     1>c:\users\rben.keck-center\documents\github\neurogpu\vs\neurogpulast7_5nomech\neurogpu6\AllModels.cu(17): warning C4005: 'stoprun' : macro redefinition
     1>c:\users\rben.keck-center\documents\github\neurogpu\vs\neurogpulast7_5nomech\neurogpu6\AllModels.cu(18): warning C4005: 'clamp_resist' : macro redefinition
     1>c:\users\rben.keck-center\documents\github\neurogpu\vs\neurogpulast7_5nomech\neurogpu6\AllModels.cu(19): warning C4005: 'secondorder' : macro redefinition
     1>c:\users\rben.keck-center\documents\github\neurogpu\vs\neurogpulast7_5nomech\neurogpu6\AllModels.cu(59): warning : variable "sum" was set but never used
     1>c:\users\rben.keck-center\documents\github\neurogpu\vs\neurogpulast7_5nomech\neurogpu6\AllModels.cu(59): warning : variable "q10" was set but never used
     1>c:\users\rben.keck-center\documents\github\neurogpu\vs\neurogpulast7_5nomech\neurogpu6\AllModels.cu(84): warning : declaration does not declare anything
     1>c:\users\rben.keck-center\documents\github\neurogpu\vs\neurogpulast7_5nomech\neurogpu6\AllModels.cu(94): warning : declaration does not declare anything
     1>c:\users\rben.keck-center\documents\github\neurogpu\vs\neurogpulast7_5nomech\neurogpu6\AllModels.cu(104): warning : variable "il" was set but never used
     1>c:\users\rben.keck-center\documents\github\neurogpu\vs\neurogpulast7_5nomech\neurogpu6\AllModels.cu(104): warning : variable "ina" was set but never used
     1>C:/Users/rben.KECK-CENTER/Documents/GitHub/NeuroGPU/VS/NeuroGPULast7_5NoMech/NeuroGPU6/CudaStuff.cu(184): warning : variable "CurLevel" is used before its value is set
     1>C:/Users/rben.KECK-CENTER/Documents/GitHub/NeuroGPU/VS/NeuroGPULast7_5NoMech/NeuroGPU6/CudaStuff.cu(290): warning : variable "StimID" was declared but never referenced
     1>C:/Users/rben.KECK-CENTER/Documents/GitHub/NeuroGPU/VS/NeuroGPULast7_5NoMech/NeuroGPU6/CudaStuff.cu(328): warning : variable "isModel_1" was declared but never referenced
     1>C:/Users/rben.KECK-CENTER/Documents/GitHub/NeuroGPU/VS/NeuroGPULast7_5NoMech/NeuroGPU6/CudaStuff.cu(328): warning : variable "dVec_1" was declared but never referenced
     1>C:/Users/rben.KECK-CENTER/Documents/GitHub/NeuroGPU/VS/NeuroGPULast7_5NoMech/NeuroGPU6/CudaStuff.cu(328): warning : variable "isModel_2" was declared but never referenced
     1>C:/Users/rben.KECK-CENTER/Documents/GitHub/NeuroGPU/VS/NeuroGPULast7_5NoMech/NeuroGPU6/CudaStuff.cu(328): warning : variable "dVec_2" was declared but never referenced
     1>C:/Users/rben.KECK-CENTER/Documents/GitHub/NeuroGPU/VS/NeuroGPULast7_5NoMech/NeuroGPU6/CudaStuff.cu(328): warning : variable "isModel_3" was declared but never referenced
     1>C:/Users/rben.KECK-CENTER/Documents/GitHub/NeuroGPU/VS/NeuroGPULast7_5NoMech/NeuroGPU6/CudaStuff.cu(328): warning : variable "dVec_3" was declared but never referenced
     1>C:/Users/rben.KECK-CENTER/Documents/GitHub/NeuroGPU/VS/NeuroGPULast7_5NoMech/NeuroGPU6/CudaStuff.cu(328): warning : variable "isModel_4" was declared but never referenced
     1>C:/Users/rben.KECK-CENTER/Documents/GitHub/NeuroGPU/VS/NeuroGPULast7_5NoMech/NeuroGPU6/CudaStuff.cu(328): warning : variable "dVec_4" was declared but never referenced
     1>C:/Users/rben.KECK-CENTER/Documents/GitHub/NeuroGPU/VS/NeuroGPULast7_5NoMech/NeuroGPU6/CudaStuff.cu(328): warning : variable "isModel_5" was declared but never referenced
     1>C:/Users/rben.KECK-CENTER/Documents/GitHub/NeuroGPU/VS/NeuroGPULast7_5NoMech/NeuroGPU6/CudaStuff.cu(328): warning : variable "dVec_5" was declared but never referenced
     1>C:/Users/rben.KECK-CENTER/Documents/GitHub/NeuroGPU/VS/NeuroGPULast7_5NoMech/NeuroGPU6/CudaStuff.cu(328): warning : variable "isModel_6" was declared but never referenced
     1>C:/Users/rben.KECK-CENTER/Documents/GitHub/NeuroGPU/VS/NeuroGPULast7_5NoMech/NeuroGPU6/CudaStuff.cu(328): warning : variable "dVec_6" was declared but never referenced
     1>C:/Users/rben.KECK-CENTER/Documents/GitHub/NeuroGPU/VS/NeuroGPULast7_5NoMech/NeuroGPU6/CudaStuff.cu(328): warning : variable "isModel_7" was declared but never referenced
     1>C:/Users/rben.KECK-CENTER/Documents/GitHub/NeuroGPU/VS/NeuroGPULast7_5NoMech/NeuroGPU6/CudaStuff.cu(328): warning : variable "dVec_7" was declared but never referenced
     1>C:/Users/rben.KECK-CENTER/Documents/GitHub/NeuroGPU/VS/NeuroGPULast7_5NoMech/NeuroGPU6/CudaStuff.cu(328): warning : variable "isModel_8" was declared but never referenced
     1>C:/Users/rben.KECK-CENTER/Documents/GitHub/NeuroGPU/VS/NeuroGPULast7_5NoMech/NeuroGPU6/CudaStuff.cu(328): warning : variable "dVec_8" was declared but never referenced
     1>C:/Users/rben.KECK-CENTER/Documents/GitHub/NeuroGPU/VS/NeuroGPULast7_5NoMech/NeuroGPU6/CudaStuff.cu(328): warning : variable "isModel_9" was declared but never referenced
     1>C:/Users/rben.KECK-CENTER/Documents/GitHub/NeuroGPU/VS/NeuroGPULast7_5NoMech/NeuroGPU6/CudaStuff.cu(328): warning : variable "dVec_9" was declared but never referenced
     1>C:/Users/rben.KECK-CENTER/Documents/GitHub/NeuroGPU/VS/NeuroGPULast7_5NoMech/NeuroGPU6/CudaStuff.cu(328): warning : variable "isModel_10" was declared but never referenced
     1>C:/Users/rben.KECK-CENTER/Documents/GitHub/NeuroGPU/VS/NeuroGPULast7_5NoMech/NeuroGPU6/CudaStuff.cu(328): warning : variable "dVec_10" was declared but never referenced
     1>C:/Users/rben.KECK-CENTER/Documents/GitHub/NeuroGPU/VS/NeuroGPULast7_5NoMech/NeuroGPU6/CudaStuff.cu(328): warning : variable "isModel_11" was declared but never referenced
     1>C:/Users/rben.KECK-CENTER/Documents/GitHub/NeuroGPU/VS/NeuroGPULast7_5NoMech/NeuroGPU6/CudaStuff.cu(328): warning : variable "dVec_11" was declared but never referenced
     1>C:/Users/rben.KECK-CENTER/Documents/GitHub/NeuroGPU/VS/NeuroGPULast7_5NoMech/NeuroGPU6/CudaStuff.cu(328): warning : variable "isModel_12" was declared but never referenced
     1>C:/Users/rben.KECK-CENTER/Documents/GitHub/NeuroGPU/VS/NeuroGPULast7_5NoMech/NeuroGPU6/CudaStuff.cu(328): warning : variable "dVec_12" was declared but never referenced
     1>C:/Users/rben.KECK-CENTER/Documents/GitHub/NeuroGPU/VS/NeuroGPULast7_5NoMech/NeuroGPU6/CudaStuff.cu(335): warning : variable "SonNo_1" was declared but never referenced
     1>C:/Users/rben.KECK-CENTER/Documents/GitHub/NeuroGPU/VS/NeuroGPULast7_5NoMech/NeuroGPU6/CudaStuff.cu(335): warning : variable "SonNo_2" was declared but never referenced
     1>C:/Users/rben.KECK-CENTER/Documents/GitHub/NeuroGPU/VS/NeuroGPULast7_5NoMech/NeuroGPU6/CudaStuff.cu(335): warning : variable "SonNo_3" was declared but never referenced
     1>C:/Users/rben.KECK-CENTER/Documents/GitHub/NeuroGPU/VS/NeuroGPULast7_5NoMech/NeuroGPU6/CudaStuff.cu(335): warning : variable "SonNo_4" was declared but never referenced
     1>C:/Users/rben.KECK-CENTER/Documents/GitHub/NeuroGPU/VS/NeuroGPULast7_5NoMech/NeuroGPU6/CudaStuff.cu(335): warning : variable "SonNo_5" was declared but never referenced
     1>C:/Users/rben.KECK-CENTER/Documents/GitHub/NeuroGPU/VS/NeuroGPULast7_5NoMech/NeuroGPU6/CudaStuff.cu(335): warning : variable "SonNo_6" was declared but never referenced
     1>C:/Users/rben.KECK-CENTER/Documents/GitHub/NeuroGPU/VS/NeuroGPULast7_5NoMech/NeuroGPU6/CudaStuff.cu(335): warning : variable "SonNo_7" was declared but never referenced
     1>C:/Users/rben.KECK-CENTER/Documents/GitHub/NeuroGPU/VS/NeuroGPULast7_5NoMech/NeuroGPU6/CudaStuff.cu(335): warning : variable "SonNo_8" was declared but never referenced
     1>C:/Users/rben.KECK-CENTER/Documents/GitHub/NeuroGPU/VS/NeuroGPULast7_5NoMech/NeuroGPU6/CudaStuff.cu(335): warning : variable "SonNo_9" was declared but never referenced
     1>C:/Users/rben.KECK-CENTER/Documents/GitHub/NeuroGPU/VS/NeuroGPULast7_5NoMech/NeuroGPU6/CudaStuff.cu(335): warning : variable "SonNo_10" was declared but never referenced
     1>C:/Users/rben.KECK-CENTER/Documents/GitHub/NeuroGPU/VS/NeuroGPULast7_5NoMech/NeuroGPU6/CudaStuff.cu(335): warning : variable "SonNo_11" was declared but never referenced
     1>C:/Users/rben.KECK-CENTER/Documents/GitHub/NeuroGPU/VS/NeuroGPULast7_5NoMech/NeuroGPU6/CudaStuff.cu(335): warning : variable "SonNo_12" was declared but never referenced
     1>C:/Users/rben.KECK-CENTER/Documents/GitHub/NeuroGPU/VS/NeuroGPULast7_5NoMech/NeuroGPU6/CudaStuff.cu(484): warning : variable "SMemVHot" is used before its value is set
     1>C:/Users/rben.KECK-CENTER/Documents/GitHub/NeuroGPU/VS/NeuroGPULast7_5NoMech/NeuroGPU6/CudaStuff.cu(484): warning : variable "amps" is used before its value is set
     1>C:/Users/rben.KECK-CENTER/Documents/GitHub/NeuroGPU/VS/NeuroGPULast7_5NoMech/NeuroGPU6/CudaStuff.cu(500): warning : variable "FileName" was declared but never referenced
     1>C:/Users/rben.KECK-CENTER/Documents/GitHub/NeuroGPU/VS/NeuroGPULast7_5NoMech/NeuroGPU6/CudaStuff.cu(834): warning : expression has no effect
     1>C:/Users/rben.KECK-CENTER/Documents/GitHub/NeuroGPU/VS/NeuroGPULast7_5NoMech/NeuroGPU6/CudaStuff.cu(544): warning : variable "i" was declared but never referenced
     1>C:/Users/rben.KECK-CENTER/Documents/GitHub/NeuroGPU/VS/NeuroGPULast7_5NoMech/NeuroGPU6/CudaStuff.cu(544): warning : variable "j" was declared but never referenced
     1>C:/Users/rben.KECK-CENTER/Documents/GitHub/NeuroGPU/VS/NeuroGPULast7_5NoMech/NeuroGPU6/CudaStuff.cu(544): warning : variable "t" was declared but never referenced
     1>C:/Users/rben.KECK-CENTER/Documents/GitHub/NeuroGPU/VS/NeuroGPULast7_5NoMech/NeuroGPU6/CudaStuff.cu(547): warning : variable "uHPOut_d" was declared but never referenced
     1>C:/Users/rben.KECK-CENTER/Documents/GitHub/NeuroGPU/VS/NeuroGPULast7_5NoMech/NeuroGPU6/CudaStuff.cu(547): warning : variable "bHPOut_d" was declared but never referenced
         CudaStuff.cu
     1>c:\users\rben.keck-center\documents\github\neurogpu\vs\neurogpulast7_5nomech\neurogpu6\AllModels.cu(44): warning C4244: 'return' : conversion from 'double' to 'float', possible loss of data
     1>C:/Users/rben.KECK-CENTER/Documents/GitHub/NeuroGPU/VS/NeuroGPULast7_5NoMech/NeuroGPU6/CudaStuff.cu(500): warning C4101: 'FileName' : unreferenced local variable
     1>C:/Users/rben.KECK-CENTER/Documents/GitHub/NeuroGPU/VS/NeuroGPULast7_5NoMech/NeuroGPU6/CudaStuff.cu(541): warning C4244: 'initializing' : conversion from 'float' to 'unsigned short', possible loss of data
     1>C:/Users/rben.KECK-CENTER/Documents/GitHub/NeuroGPU/VS/NeuroGPULast7_5NoMech/NeuroGPU6/CudaStuff.cu(579): warning C4244: 'argument' : conversion from 'float' to 'size_t', possible loss of data
     1>C:/Users/rben.KECK-CENTER/Documents/GitHub/NeuroGPU/VS/NeuroGPULast7_5NoMech/NeuroGPU6/CudaStuff.cu(634): warning C4244: 'argument' : conversion from 'float' to 'size_t', possible loss of data
     1>C:/Users/rben.KECK-CENTER/Documents/GitHub/NeuroGPU/VS/NeuroGPULast7_5NoMech/NeuroGPU6/CudaStuff.cu(780): warning C4244: 'argument' : conversion from 'double' to 'float', possible loss of data
     1>C:/Users/rben.KECK-CENTER/Documents/GitHub/NeuroGPU/VS/NeuroGPULast7_5NoMech/NeuroGPU6/CudaStuff.cu(780): warning C4244: '=' : conversion from 'float' to 'unsigned short', possible loss of data
     1>C:/Users/rben.KECK-CENTER/Documents/GitHub/NeuroGPU/VS/NeuroGPULast7_5NoMech/NeuroGPU6/CudaStuff.cu(834): warning C4553: '==' : operator has no effect; did you intend '='?
     1>C:/Users/rben.KECK-CENTER/Documents/GitHub/NeuroGPU/VS/NeuroGPULast7_5NoMech/NeuroGPU6/CudaStuff.cu(547): warning C4101: 'bHPOut_d' : unreferenced local variable
     1>C:/Users/rben.KECK-CENTER/Documents/GitHub/NeuroGPU/VS/NeuroGPULast7_5NoMech/NeuroGPU6/CudaStuff.cu(547): warning C4101: 'uHPOut_d' : unreferenced local variable
     1>C:/Users/rben.KECK-CENTER/Documents/GitHub/NeuroGPU/VS/NeuroGPULast7_5NoMech/NeuroGPU6/CudaStuff.cu(544): warning C4101: 'i' : unreferenced local variable
     1>C:/Users/rben.KECK-CENTER/Documents/GitHub/NeuroGPU/VS/NeuroGPULast7_5NoMech/NeuroGPU6/CudaStuff.cu(544): warning C4101: 't' : unreferenced local variable
     1>C:/Users/rben.KECK-CENTER/Documents/GitHub/NeuroGPU/VS/NeuroGPULast7_5NoMech/NeuroGPU6/CudaStuff.cu(544): warning C4101: 'j' : unreferenced local variable
       CudaBuild:
         Compiling CUDA source file kernel.cu...
         cmd.exe /C "C:\Users\rben.KECK-CENTER\AppData\Local\Temp\tmpbc7a6d73afe14264aaf4c9b629faf82c.cmd"
         "C:\Program Files\NVIDIA GPU Computing Toolkit\CUDA\v7.5\bin\nvcc.exe" -gencode=arch=compute_35,code=\"sm_35,compute_35\" --use-local-env --cl-version 2013 -ccbin "C:\Program Files (x86)\Microsoft Visual Studio 12.0\VC\bin\x86_amd64"   -I"C:\Program Files\NVIDIA GPU Computing Toolkit\CUDA\v7.5\include"  -G   --keep-dir x64\Debug -maxrregcount=0  --machine 64 --compile -cudart static  -g  -use_fast_math -DWIN32 -DWIN64 -D_DEBUG -D_CONSOLE -D_MBCS -Xcompiler "/EHsc /W3 /nologo /O2 /Zi  /MDd " -o x64\Debug\kernel.cu.obj "C:\Users\rben.KECK-CENTER\Documents\GitHub\NeuroGPU\VS\NeuroGPULast7_5NoMech\NeuroGPU6\kernel.cu"
         
         C:\Users\rben.KECK-CENTER\Documents\GitHub\NeuroGPU\VS\NeuroGPULast7_5NoMech\NeuroGPU6>"C:\Program Files\NVIDIA GPU Computing Toolkit\CUDA\v7.5\bin\nvcc.exe" -gencode=arch=compute_35,code=\"sm_35,compute_35\" --use-local-env --cl-version 2013 -ccbin "C:\Program Files (x86)\Microsoft Visual Studio 12.0\VC\bin\x86_amd64"   -I"C:\Program Files\NVIDIA GPU Computing Toolkit\CUDA\v7.5\include"  -G   --keep-dir x64\Debug -maxrregcount=0  --machine 64 --compile -cudart static  -g  -use_fast_math -DWIN32 -DWIN64 -D_DEBUG -D_CONSOLE -D_MBCS -Xcompiler "/EHsc /W3 /nologo /O2 /Zi  /MDd " -o x64\Debug\kernel.cu.obj "C:\Users\rben.KECK-CENTER\Documents\GitHub\NeuroGPU\VS\NeuroGPULast7_5NoMech\NeuroGPU6\kernel.cu" 
         kernel.cu
       ClCompile:
         C:\Program Files (x86)\Microsoft Visual Studio 12.0\VC\bin\x86_amd64\CL.exe /c /I"C:\Program Files\NVIDIA GPU Computing Toolkit\CUDA\v7.5\include" /Zi /nologo /W3 /WX- /Ox /D WIN32 /D WIN64 /D _DEBUG /D _CONSOLE /D _MBCS /Gm /EHsc /MDd /GS /fp:precise /Zc:wchar_t /Zc:forScope /Fo"x64\Debug\\" /Fd"x64\Debug\vc120.pdb" /Gd /TP /errorReport:prompt AllModels.cpp MainC.cpp Util.cpp
         Util.cpp
     1>Util.cpp(75): warning C4101: 'fdebug2' : unreferenced local variable
     1>Util.cpp(128): warning C4996: 'sprintf': This function or variable may be unsafe. Consider using sprintf_s instead. To disable deprecation, use _CRT_SECURE_NO_WARNINGS. See online help for details.
                 C:\Program Files (x86)\Microsoft Visual Studio 12.0\VC\include\stdio.h(356) : see declaration of 'sprintf'
     1>Util.cpp(132): warning C4996: 'fopen': This function or variable may be unsafe. Consider using fopen_s instead. To disable deprecation, use _CRT_SECURE_NO_WARNINGS. See online help for details.
                 C:\Program Files (x86)\Microsoft Visual Studio 12.0\VC\include\stdio.h(211) : see declaration of 'fopen'
     1>Util.cpp(247): warning C4996: 'sprintf': This function or variable may be unsafe. Consider using sprintf_s instead. To disable deprecation, use _CRT_SECURE_NO_WARNINGS. See online help for details.
                 C:\Program Files (x86)\Microsoft Visual Studio 12.0\VC\include\stdio.h(356) : see declaration of 'sprintf'
     1>Util.cpp(251): warning C4996: 'fopen': This function or variable may be unsafe. Consider using fopen_s instead. To disable deprecation, use _CRT_SECURE_NO_WARNINGS. See online help for details.
                 C:\Program Files (x86)\Microsoft Visual Studio 12.0\VC\include\stdio.h(211) : see declaration of 'fopen'
     1>Util.cpp(282): warning C4305: '=' : truncation from 'double' to 'float'
     1>Util.cpp(295): warning C4996: 'fopen': This function or variable may be unsafe. Consider using fopen_s instead. To disable deprecation, use _CRT_SECURE_NO_WARNINGS. See online help for details.
                 C:\Program Files (x86)\Microsoft Visual Studio 12.0\VC\include\stdio.h(211) : see declaration of 'fopen'
     1>Util.cpp(326): warning C4996: 'sprintf': This function or variable may be unsafe. Consider using sprintf_s instead. To disable deprecation, use _CRT_SECURE_NO_WARNINGS. See online help for details.
                 C:\Program Files (x86)\Microsoft Visual Studio 12.0\VC\include\stdio.h(356) : see declaration of 'sprintf'
     1>Util.cpp(329): warning C4996: 'fopen': This function or variable may be unsafe. Consider using fopen_s instead. To disable deprecation, use _CRT_SECURE_NO_WARNINGS. See online help for details.
                 C:\Program Files (x86)\Microsoft Visual Studio 12.0\VC\include\stdio.h(211) : see declaration of 'fopen'
     1>Util.cpp(339): warning C4244: 'initializing' : conversion from 'float' to 'unsigned short', possible loss of data
     1>Util.cpp(363): warning C4996: 'fopen': This function or variable may be unsafe. Consider using fopen_s instead. To disable deprecation, use _CRT_SECURE_NO_WARNINGS. See online help for details.
                 C:\Program Files (x86)\Microsoft Visual Studio 12.0\VC\include\stdio.h(211) : see declaration of 'fopen'
     1>Util.cpp(384): warning C4996: 'fopen': This function or variable may be unsafe. Consider using fopen_s instead. To disable deprecation, use _CRT_SECURE_NO_WARNINGS. See online help for details.
                 C:\Program Files (x86)\Microsoft Visual Studio 12.0\VC\include\stdio.h(211) : see declaration of 'fopen'
     1>Util.cpp(390): warning C4313: 'printf'  : '%d' in format string conflicts with argument 2 of type 'const char *'
     1>Util.cpp(397): warning C4996: 'fopen': This function or variable may be unsafe. Consider using fopen_s instead. To disable deprecation, use _CRT_SECURE_NO_WARNINGS. See online help for details.
                 C:\Program Files (x86)\Microsoft Visual Studio 12.0\VC\include\stdio.h(211) : see declaration of 'fopen'
     1>Util.cpp(396): warning C4101: 'NP' : unreferenced local variable
     1>Util.cpp(418): warning C4996: 'fopen': This function or variable may be unsafe. Consider using fopen_s instead. To disable deprecation, use _CRT_SECURE_NO_WARNINGS. See online help for details.
                 C:\Program Files (x86)\Microsoft Visual Studio 12.0\VC\include\stdio.h(211) : see declaration of 'fopen'
     1>Util.cpp(435): warning C4996: 'fopen': This function or variable may be unsafe. Consider using fopen_s instead. To disable deprecation, use _CRT_SECURE_NO_WARNINGS. See online help for details.
                 C:\Program Files (x86)\Microsoft Visual Studio 12.0\VC\include\stdio.h(211) : see declaration of 'fopen'
     1>Util.cpp(452): warning C4996: 'fopen': This function or variable may be unsafe. Consider using fopen_s instead. To disable deprecation, use _CRT_SECURE_NO_WARNINGS. See online help for details.
                 C:\Program Files (x86)\Microsoft Visual Studio 12.0\VC\include\stdio.h(211) : see declaration of 'fopen'
         MainC.cpp
         AllModels.cpp
     1>AllModels.cpp(42): warning C4244: 'return' : conversion from 'double' to 'float', possible loss of data
     1>AllModels.cpp(58): warning C4305: '=' : truncation from 'double' to 'float'
     1>AllModels.cpp(59): warning C4305: '=' : truncation from 'double' to 'float'
     1>AllModels.cpp(60): warning C4305: '=' : truncation from 'double' to 'float'
     1>AllModels.cpp(69): warning C4244: '=' : conversion from 'double' to 'float', possible loss of data
     1>AllModels.cpp(75): warning C4244: '=' : conversion from 'double' to 'float', possible loss of data
     1>AllModels.cpp(81): warning C4244: '=' : conversion from 'double' to 'float', possible loss of data
     1>AllModels.cpp(82): warning C4244: '=' : conversion from 'double' to 'float', possible loss of data
     1>AllModels.cpp(93): warning C4244: '=' : conversion from 'double' to 'float', possible loss of data
     1>AllModels.cpp(94): warning C4244: '=' : conversion from 'double' to 'float', possible loss of data
     1>AllModels.cpp(95): warning C4244: '=' : conversion from 'double' to 'float', possible loss of data
         Generating Code...
       Link:
         C:\Program Files (x86)\Microsoft Visual Studio 12.0\VC\bin\x86_amd64\link.exe /ERRORREPORT:PROMPT /OUT:"C:\Users\rben.KECK-CENTER\Documents\GitHub\NeuroGPU\VS\NeuroGPULast7_5NoMech\x64\Debug\NeuroGPU6.exe" /INCREMENTAL /NOLOGO /LIBPATH:"C:\Program Files\NVIDIA GPU Computing Toolkit\CUDA\v7.5\lib\x64" cudart.lib kernel32.lib user32.lib gdi32.lib winspool.lib comdlg32.lib advapi32.lib shell32.lib ole32.lib oleaut32.lib uuid.lib odbc32.lib odbccp32.lib kernel32.lib user32.lib gdi32.lib winspool.lib comdlg32.lib advapi32.lib shell32.lib ole32.lib oleaut32.lib uuid.lib odbc32.lib odbccp32.lib /MANIFEST /MANIFESTUAC:"level='asInvoker' uiAccess='false'" /manifest:embed /DEBUG /PDB:"C:\Users\rben.KECK-CENTER\Documents\GitHub\NeuroGPU\VS\NeuroGPULast7_5NoMech\x64\Debug\NeuroGPU6.pdb" /SUBSYSTEM:CONSOLE /TLBID:1 /DYNAMICBASE /NXCOMPAT /IMPLIB:"C:\Users\rben.KECK-CENTER\Documents\GitHub\NeuroGPU\VS\NeuroGPULast7_5NoMech\x64\Debug\NeuroGPU6.lib" /MACHINE:X64 x64\Debug\CudaStuff.cu.obj
         x64\Debug\kernel.cu.obj
         x64\Debug\AllModels.obj
         x64\Debug\MainC.obj
         x64\Debug\Util.obj
         NeuroGPU6.vcxproj -> C:\Users\rben.KECK-CENTER\Documents\GitHub\NeuroGPU\VS\NeuroGPULast7_5NoMech\x64\Debug\NeuroGPU6.exe
       PostBuildEvent:
         echo copy "C:\Program Files\NVIDIA GPU Computing Toolkit\CUDA\v7.5\bin\cudart*.dll" "C:\Users\rben.KECK-CENTER\Documents\GitHub\NeuroGPU\VS\NeuroGPULast7_5NoMech\x64\Debug\"
         copy "C:\Program Files\NVIDIA GPU Computing Toolkit\CUDA\v7.5\bin\cudart*.dll" "C:\Users\rben.KECK-CENTER\Documents\GitHub\NeuroGPU\VS\NeuroGPULast7_5NoMech\x64\Debug\"
         :VCEnd
         copy "C:\Program Files\NVIDIA GPU Computing Toolkit\CUDA\v7.5\bin\cudart*.dll" "C:\Users\rben.KECK-CENTER\Documents\GitHub\NeuroGPU\VS\NeuroGPULast7_5NoMech\x64\Debug\"
         C:\Program Files\NVIDIA GPU Computing Toolkit\CUDA\v7.5\bin\cudart32_75.dll
         C:\Program Files\NVIDIA GPU Computing Toolkit\CUDA\v7.5\bin\cudart64_75.dll
                 2 file(s) copied.
     1>Done Building Project "C:\Users\rben.KECK-CENTER\Documents\GitHub\NeuroGPU\VS\NeuroGPULast7_5NoMech\NeuroGPU6\NeuroGPU6.vcxproj" (Rebuild target(s)).

Build succeeded.

Time Elapsed 00:00:35.22
