  Compiling CUDA source file CudaStuff.cu...
  
  C:\Users\rben.KECK-CENTER\Documents\neurogpu2\VS\NeuroGPULast\NeuroGPU6>"C:\Program Files\NVIDIA GPU Computing Toolkit\CUDA\v7.0\bin\nvcc.exe" -gencode=arch=compute_35,code=\"sm_35,compute_35\" --use-local-env --cl-version 2012 -ccbin "C:\Program Files (x86)\Microsoft Visual Studio 11.0\VC\bin\x86_amd64" -rdc=true -I"C:\Program Files\NVIDIA GPU Computing Toolkit\CUDA\v7.0\include" -I"C:\Program Files\NVIDIA GPU Computing Toolkit\CUDA\v7.0\include" -I"C:\Program Files\NVIDIA GPU Computing Toolkit\CUDA\v7.0\include"  -G -lineinfo --keep --keep-dir x64\Release -maxrregcount=0  --machine 64 --compile -cudart static  -g  -use_fast_math -DWIN32 -DWIN64 -DNDEBUG -D_CONSOLE -D_MBCS -Xcompiler "/EHsc /W3 /nologo /Ox /Zi  /MD  " -o x64\Release\CudaStuff.cu.obj "C:\Users\rben.KECK-CENTER\Documents\neurogpu2\VS\NeuroGPULast\NeuroGPU6\CudaStuff.cu" 
c:\users\rben.keck-center\documents\neurogpu2\vs\neurogpulast\neurogpu6\AllModels.cu(16): warning C4005: 'celsius' : macro redefinition
c:\users\rben.keck-center\documents\neurogpu2\vs\neurogpulast\neurogpu6\AllModels.cu(17): warning C4005: 'stoprun' : macro redefinition
c:\users\rben.keck-center\documents\neurogpu2\vs\neurogpulast\neurogpu6\AllModels.cu(18): warning C4005: 'clamp_resist' : macro redefinition
c:\users\rben.keck-center\documents\neurogpu2\vs\neurogpulast\neurogpu6\AllModels.cu(19): warning C4005: 'secondorder' : macro redefinition
C:/Users/rben.KECK-CENTER/Documents/neurogpu2/VS/NeuroGPULast/NeuroGPU6/CudaStuff.cu(288): warning C4005: 'THISCOMMANDHERE1' : macro redefinition
c:\users\rben.keck-center\documents\neurogpu2\vs\neurogpulast\neurogpu6\AllModels.cu(263): warning : variable "i" was declared but never referenced
c:\users\rben.keck-center\documents\neurogpu2\vs\neurogpulast\neurogpu6\AllModels.cu(269): warning : variable "hinf" was declared but never referenced
c:\users\rben.keck-center\documents\neurogpu2\vs\neurogpulast\neurogpu6\AllModels.cu(269): warning : variable "htau" was declared but never referenced
c:\users\rben.keck-center\documents\neurogpu2\vs\neurogpulast\neurogpu6\AllModels.cu(269): warning : variable "minf" was declared but never referenced
c:\users\rben.keck-center\documents\neurogpu2\vs\neurogpulast\neurogpu6\AllModels.cu(269): warning : variable "mtau" was declared but never referenced
c:\users\rben.keck-center\documents\neurogpu2\vs\neurogpulast\neurogpu6\AllModels.cu(276): warning : variable "gca" was declared but never referenced
c:\users\rben.keck-center\documents\neurogpu2\vs\neurogpulast\neurogpu6\AllModels.cu(279): warning : variable "gca" was declared but never referenced
c:\users\rben.keck-center\documents\neurogpu2\vs\neurogpulast\neurogpu6\AllModels.cu(279): warning : variable "ninf" was declared but never referenced
c:\users\rben.keck-center\documents\neurogpu2\vs\neurogpulast\neurogpu6\AllModels.cu(279): warning : variable "ntau" was declared but never referenced
c:\users\rben.keck-center\documents\neurogpu2\vs\neurogpulast\neurogpu6\AllModels.cu(287): warning : variable "ninf" was declared but never referenced
c:\users\rben.keck-center\documents\neurogpu2\vs\neurogpulast\neurogpu6\AllModels.cu(287): warning : variable "ntau" was declared but never referenced
c:\users\rben.keck-center\documents\neurogpu2\vs\neurogpulast\neurogpu6\AllModels.cu(295): warning : variable "ninf" was declared but never referenced
c:\users\rben.keck-center\documents\neurogpu2\vs\neurogpulast\neurogpu6\AllModels.cu(295): warning : variable "ntau" was declared but never referenced
c:\users\rben.keck-center\documents\neurogpu2\vs\neurogpulast\neurogpu6\AllModels.cu(303): warning : variable "hinf" was declared but never referenced
c:\users\rben.keck-center\documents\neurogpu2\vs\neurogpulast\neurogpu6\AllModels.cu(303): warning : variable "htau" was declared but never referenced
c:\users\rben.keck-center\documents\neurogpu2\vs\neurogpulast\neurogpu6\AllModels.cu(303): warning : variable "minf" was declared but never referenced
c:\users\rben.keck-center\documents\neurogpu2\vs\neurogpulast\neurogpu6\AllModels.cu(303): warning : variable "mtau" was declared but never referenced
c:\users\rben.keck-center\documents\neurogpu2\vs\neurogpulast\neurogpu6\AllModels.cu(311): warning : variable "gpas" was declared but never referenced
C:/Users/rben.KECK-CENTER/Documents/neurogpu2/VS/NeuroGPULast/NeuroGPU6/CudaStuff.cu(185): warning : variable "CurLevel" is used before its value is set
C:/Users/rben.KECK-CENTER/Documents/neurogpu2/VS/NeuroGPULast/NeuroGPU6/CudaStuff.cu(327): error : "PIdx_1" has already been declared in the current scope
C:/Users/rben.KECK-CENTER/Documents/neurogpu2/VS/NeuroGPULast/NeuroGPU6/CudaStuff.cu(327): error : "PIdx_2" has already been declared in the current scope
C:/Users/rben.KECK-CENTER/Documents/neurogpu2/VS/NeuroGPULast/NeuroGPU6/CudaStuff.cu(327): error : "PIdx_3" has already been declared in the current scope
C:/Users/rben.KECK-CENTER/Documents/neurogpu2/VS/NeuroGPULast/NeuroGPU6/CudaStuff.cu(327): error : "PIdx_4" has already been declared in the current scope
C:/Users/rben.KECK-CENTER/Documents/neurogpu2/VS/NeuroGPULast/NeuroGPU6/CudaStuff.cu(327): error : "PIdx_5" has already been declared in the current scope
C:/Users/rben.KECK-CENTER/Documents/neurogpu2/VS/NeuroGPULast/NeuroGPU6/CudaStuff.cu(327): error : "PIdx_6" has already been declared in the current scope
C:/Users/rben.KECK-CENTER/Documents/neurogpu2/VS/NeuroGPULast/NeuroGPU6/CudaStuff.cu(327): error : "PIdx_7" has already been declared in the current scope
C:/Users/rben.KECK-CENTER/Documents/neurogpu2/VS/NeuroGPULast/NeuroGPU6/CudaStuff.cu(327): error : "PIdx_8" has already been declared in the current scope
C:/Users/rben.KECK-CENTER/Documents/neurogpu2/VS/NeuroGPULast/NeuroGPU6/CudaStuff.cu(327): error : "PIdx_9" has already been declared in the current scope
C:/Users/rben.KECK-CENTER/Documents/neurogpu2/VS/NeuroGPULast/NeuroGPU6/CudaStuff.cu(327): error : "PIdx_10" has already been declared in the current scope
C:/Users/rben.KECK-CENTER/Documents/neurogpu2/VS/NeuroGPULast/NeuroGPU6/CudaStuff.cu(327): error : "PIdx_11" has already been declared in the current scope
C:/Users/rben.KECK-CENTER/Documents/neurogpu2/VS/NeuroGPULast/NeuroGPU6/CudaStuff.cu(327): error : "PIdx_12" has already been declared in the current scope
C:/Users/rben.KECK-CENTER/Documents/neurogpu2/VS/NeuroGPULast/NeuroGPU6/CudaStuff.cu(327): error : "PIdx_13" has already been declared in the current scope
C:/Users/rben.KECK-CENTER/Documents/neurogpu2/VS/NeuroGPULast/NeuroGPU6/CudaStuff.cu(352): error : identifier "PIdx1" is undefined
C:/Users/rben.KECK-CENTER/Documents/neurogpu2/VS/NeuroGPULast/NeuroGPU6/CudaStuff.cu(352): error : identifier "PIdx1" is undefined
C:/Users/rben.KECK-CENTER/Documents/neurogpu2/VS/NeuroGPULast/NeuroGPU6/CudaStuff.cu(352): error : identifier "PIdx1" is undefined
C:/Users/rben.KECK-CENTER/Documents/neurogpu2/VS/NeuroGPULast/NeuroGPU6/CudaStuff.cu(352): error : identifier "PIdx1" is undefined
C:/Users/rben.KECK-CENTER/Documents/neurogpu2/VS/NeuroGPULast/NeuroGPU6/CudaStuff.cu(352): error : identifier "PIdx1" is undefined
C:/Users/rben.KECK-CENTER/Documents/neurogpu2/VS/NeuroGPULast/NeuroGPU6/CudaStuff.cu(352): error : identifier "PIdx1" is undefined
C:/Users/rben.KECK-CENTER/Documents/neurogpu2/VS/NeuroGPULast/NeuroGPU6/CudaStuff.cu(352): error : identifier "PIdx2" is undefined
C:/Users/rben.KECK-CENTER/Documents/neurogpu2/VS/NeuroGPULast/NeuroGPU6/CudaStuff.cu(352): error : identifier "PIdx2" is undefined
C:/Users/rben.KECK-CENTER/Documents/neurogpu2/VS/NeuroGPULast/NeuroGPU6/CudaStuff.cu(352): error : identifier "PIdx2" is undefined
C:/Users/rben.KECK-CENTER/Documents/neurogpu2/VS/NeuroGPULast/NeuroGPU6/CudaStuff.cu(352): error : identifier "PIdx2" is undefined
C:/Users/rben.KECK-CENTER/Documents/neurogpu2/VS/NeuroGPULast/NeuroGPU6/CudaStuff.cu(352): error : identifier "PIdx2" is undefined
C:/Users/rben.KECK-CENTER/Documents/neurogpu2/VS/NeuroGPULast/NeuroGPU6/CudaStuff.cu(352): error : identifier "PIdx2" is undefined
C:/Users/rben.KECK-CENTER/Documents/neurogpu2/VS/NeuroGPULast/NeuroGPU6/CudaStuff.cu(352): error : identifier "PIdx3" is undefined
C:/Users/rben.KECK-CENTER/Documents/neurogpu2/VS/NeuroGPULast/NeuroGPU6/CudaStuff.cu(352): error : identifier "PIdx3" is undefined
C:/Users/rben.KECK-CENTER/Documents/neurogpu2/VS/NeuroGPULast/NeuroGPU6/CudaStuff.cu(352): error : identifier "PIdx3" is undefined
C:/Users/rben.KECK-CENTER/Documents/neurogpu2/VS/NeuroGPULast/NeuroGPU6/CudaStuff.cu(352): error : identifier "PIdx3" is undefined
C:/Users/rben.KECK-CENTER/Documents/neurogpu2/VS/NeuroGPULast/NeuroGPU6/CudaStuff.cu(352): error : identifier "PIdx3" is undefined
C:/Users/rben.KECK-CENTER/Documents/neurogpu2/VS/NeuroGPULast/NeuroGPU6/CudaStuff.cu(352): error : identifier "PIdx3" is undefined
C:/Users/rben.KECK-CENTER/Documents/neurogpu2/VS/NeuroGPULast/NeuroGPU6/CudaStuff.cu(352): error : identifier "PIdx4" is undefined
C:/Users/rben.KECK-CENTER/Documents/neurogpu2/VS/NeuroGPULast/NeuroGPU6/CudaStuff.cu(352): error : identifier "PIdx4" is undefined
C:/Users/rben.KECK-CENTER/Documents/neurogpu2/VS/NeuroGPULast/NeuroGPU6/CudaStuff.cu(352): error : identifier "PIdx4" is undefined
C:/Users/rben.KECK-CENTER/Documents/neurogpu2/VS/NeuroGPULast/NeuroGPU6/CudaStuff.cu(352): error : identifier "PIdx4" is undefined
C:/Users/rben.KECK-CENTER/Documents/neurogpu2/VS/NeuroGPULast/NeuroGPU6/CudaStuff.cu(352): error : identifier "PIdx4" is undefined
C:/Users/rben.KECK-CENTER/Documents/neurogpu2/VS/NeuroGPULast/NeuroGPU6/CudaStuff.cu(352): error : identifier "PIdx4" is undefined
C:/Users/rben.KECK-CENTER/Documents/neurogpu2/VS/NeuroGPULast/NeuroGPU6/CudaStuff.cu(352): error : identifier "PIdx5" is undefined
C:/Users/rben.KECK-CENTER/Documents/neurogpu2/VS/NeuroGPULast/NeuroGPU6/CudaStuff.cu(352): error : identifier "PIdx5" is undefined
C:/Users/rben.KECK-CENTER/Documents/neurogpu2/VS/NeuroGPULast/NeuroGPU6/CudaStuff.cu(352): error : identifier "PIdx5" is undefined
C:/Users/rben.KECK-CENTER/Documents/neurogpu2/VS/NeuroGPULast/NeuroGPU6/CudaStuff.cu(352): error : identifier "PIdx5" is undefined
C:/Users/rben.KECK-CENTER/Documents/neurogpu2/VS/NeuroGPULast/NeuroGPU6/CudaStuff.cu(352): error : identifier "PIdx5" is undefined
C:/Users/rben.KECK-CENTER/Documents/neurogpu2/VS/NeuroGPULast/NeuroGPU6/CudaStuff.cu(352): error : identifier "PIdx5" is undefined
C:/Users/rben.KECK-CENTER/Documents/neurogpu2/VS/NeuroGPULast/NeuroGPU6/CudaStuff.cu(352): error : identifier "PIdx6" is undefined
C:/Users/rben.KECK-CENTER/Documents/neurogpu2/VS/NeuroGPULast/NeuroGPU6/CudaStuff.cu(352): error : identifier "PIdx6" is undefined
C:/Users/rben.KECK-CENTER/Documents/neurogpu2/VS/NeuroGPULast/NeuroGPU6/CudaStuff.cu(352): error : identifier "PIdx6" is undefined
C:/Users/rben.KECK-CENTER/Documents/neurogpu2/VS/NeuroGPULast/NeuroGPU6/CudaStuff.cu(352): error : identifier "PIdx6" is undefined
C:/Users/rben.KECK-CENTER/Documents/neurogpu2/VS/NeuroGPULast/NeuroGPU6/CudaStuff.cu(352): error : identifier "PIdx6" is undefined
C:/Users/rben.KECK-CENTER/Documents/neurogpu2/VS/NeuroGPULast/NeuroGPU6/CudaStuff.cu(352): error : identifier "PIdx6" is undefined
C:/Users/rben.KECK-CENTER/Documents/neurogpu2/VS/NeuroGPULast/NeuroGPU6/CudaStuff.cu(352): error : identifier "PIdx7" is undefined
C:/Users/rben.KECK-CENTER/Documents/neurogpu2/VS/NeuroGPULast/NeuroGPU6/CudaStuff.cu(352): error : identifier "PIdx7" is undefined
C:/Users/rben.KECK-CENTER/Documents/neurogpu2/VS/NeuroGPULast/NeuroGPU6/CudaStuff.cu(352): error : identifier "PIdx7" is undefined
C:/Users/rben.KECK-CENTER/Documents/neurogpu2/VS/NeuroGPULast/NeuroGPU6/CudaStuff.cu(352): error : identifier "PIdx7" is undefined
C:/Users/rben.KECK-CENTER/Documents/neurogpu2/VS/NeuroGPULast/NeuroGPU6/CudaStuff.cu(352): error : identifier "PIdx7" is undefined
C:/Users/rben.KECK-CENTER/Documents/neurogpu2/VS/NeuroGPULast/NeuroGPU6/CudaStuff.cu(352): error : identifier "PIdx7" is undefined
C:/Users/rben.KECK-CENTER/Documents/neurogpu2/VS/NeuroGPULast/NeuroGPU6/CudaStuff.cu(352): error : identifier "PIdx8" is undefined
C:/Users/rben.KECK-CENTER/Documents/neurogpu2/VS/NeuroGPULast/NeuroGPU6/CudaStuff.cu(352): error : identifier "PIdx8" is undefined
C:/Users/rben.KECK-CENTER/Documents/neurogpu2/VS/NeuroGPULast/NeuroGPU6/CudaStuff.cu(352): error : identifier "PIdx8" is undefined
C:/Users/rben.KECK-CENTER/Documents/neurogpu2/VS/NeuroGPULast/NeuroGPU6/CudaStuff.cu(352): error : identifier "PIdx8" is undefined
C:/Users/rben.KECK-CENTER/Documents/neurogpu2/VS/NeuroGPULast/NeuroGPU6/CudaStuff.cu(352): error : identifier "PIdx8" is undefined
C:/Users/rben.KECK-CENTER/Documents/neurogpu2/VS/NeuroGPULast/NeuroGPU6/CudaStuff.cu(352): error : identifier "PIdx8" is undefined
C:/Users/rben.KECK-CENTER/Documents/neurogpu2/VS/NeuroGPULast/NeuroGPU6/CudaStuff.cu(352): error : identifier "PIdx9" is undefined
C:/Users/rben.KECK-CENTER/Documents/neurogpu2/VS/NeuroGPULast/NeuroGPU6/CudaStuff.cu(352): error : identifier "PIdx9" is undefined
C:/Users/rben.KECK-CENTER/Documents/neurogpu2/VS/NeuroGPULast/NeuroGPU6/CudaStuff.cu(352): error : identifier "PIdx9" is undefined
C:/Users/rben.KECK-CENTER/Documents/neurogpu2/VS/NeuroGPULast/NeuroGPU6/CudaStuff.cu(352): error : identifier "PIdx9" is undefined
C:/Users/rben.KECK-CENTER/Documents/neurogpu2/VS/NeuroGPULast/NeuroGPU6/CudaStuff.cu(352): error : identifier "PIdx9" is undefined
C:/Users/rben.KECK-CENTER/Documents/neurogpu2/VS/NeuroGPULast/NeuroGPU6/CudaStuff.cu(352): error : identifier "PIdx9" is undefined
C:/Users/rben.KECK-CENTER/Documents/neurogpu2/VS/NeuroGPULast/NeuroGPU6/CudaStuff.cu(352): error : identifier "PIdx10" is undefined
C:/Users/rben.KECK-CENTER/Documents/neurogpu2/VS/NeuroGPULast/NeuroGPU6/CudaStuff.cu(352): error : identifier "PIdx10" is undefined
C:/Users/rben.KECK-CENTER/Documents/neurogpu2/VS/NeuroGPULast/NeuroGPU6/CudaStuff.cu(352): error : identifier "PIdx10" is undefined
C:/Users/rben.KECK-CENTER/Documents/neurogpu2/VS/NeuroGPULast/NeuroGPU6/CudaStuff.cu(352): error : identifier "PIdx10" is undefined
C:/Users/rben.KECK-CENTER/Documents/neurogpu2/VS/NeuroGPULast/NeuroGPU6/CudaStuff.cu(352): error : identifier "PIdx10" is undefined
C:/Users/rben.KECK-CENTER/Documents/neurogpu2/VS/NeuroGPULast/NeuroGPU6/CudaStuff.cu(352): error : identifier "PIdx10" is undefined
C:/Users/rben.KECK-CENTER/Documents/neurogpu2/VS/NeuroGPULast/NeuroGPU6/CudaStuff.cu(352): error : identifier "PIdx11" is undefined
C:/Users/rben.KECK-CENTER/Documents/neurogpu2/VS/NeuroGPULast/NeuroGPU6/CudaStuff.cu(352): error : identifier "PIdx11" is undefined
C:/Users/rben.KECK-CENTER/Documents/neurogpu2/VS/NeuroGPULast/NeuroGPU6/CudaStuff.cu(352): error : identifier "PIdx11" is undefined
C:/Users/rben.KECK-CENTER/Documents/neurogpu2/VS/NeuroGPULast/NeuroGPU6/CudaStuff.cu(352): error : identifier "PIdx11" is undefined
C:/Users/rben.KECK-CENTER/Documents/neurogpu2/VS/NeuroGPULast/NeuroGPU6/CudaStuff.cu(352): error : identifier "PIdx11" is undefined
C:/Users/rben.KECK-CENTER/Documents/neurogpu2/VS/NeuroGPULast/NeuroGPU6/CudaStuff.cu(352): error : identifier "PIdx11" is undefined
C:/Users/rben.KECK-CENTER/Documents/neurogpu2/VS/NeuroGPULast/NeuroGPU6/CudaStuff.cu(352): error : identifier "PIdx12" is undefined
C:/Users/rben.KECK-CENTER/Documents/neurogpu2/VS/NeuroGPULast/NeuroGPU6/CudaStuff.cu(352): error : identifier "PIdx12" is undefined
C:/Users/rben.KECK-CENTER/Documents/neurogpu2/VS/NeuroGPULast/NeuroGPU6/CudaStuff.cu(352): error : identifier "PIdx12" is undefined
C:/Users/rben.KECK-CENTER/Documents/neurogpu2/VS/NeuroGPULast/NeuroGPU6/CudaStuff.cu(352): error : identifier "PIdx12" is undefined
C:/Users/rben.KECK-CENTER/Documents/neurogpu2/VS/NeuroGPULast/NeuroGPU6/CudaStuff.cu(352): error : identifier "PIdx12" is undefined
C:/Users/rben.KECK-CENTER/Documents/neurogpu2/VS/NeuroGPULast/NeuroGPU6/CudaStuff.cu(352): error : identifier "PIdx12" is undefined
C:/Users/rben.KECK-CENTER/Documents/neurogpu2/VS/NeuroGPULast/NeuroGPU6/CudaStuff.cu(352): error : identifier "PIdx13" is undefined
C:/Users/rben.KECK-CENTER/Documents/neurogpu2/VS/NeuroGPULast/NeuroGPU6/CudaStuff.cu(352): error : identifier "PIdx13" is undefined
C:/Users/rben.KECK-CENTER/Documents/neurogpu2/VS/NeuroGPULast/NeuroGPU6/CudaStuff.cu(352): error : identifier "PIdx13" is undefined
C:/Users/rben.KECK-CENTER/Documents/neurogpu2/VS/NeuroGPULast/NeuroGPU6/CudaStuff.cu(352): error : identifier "PIdx13" is undefined
C:/Users/rben.KECK-CENTER/Documents/neurogpu2/VS/NeuroGPULast/NeuroGPU6/CudaStuff.cu(352): error : identifier "PIdx13" is undefined
C:/Users/rben.KECK-CENTER/Documents/neurogpu2/VS/NeuroGPULast/NeuroGPU6/CudaStuff.cu(352): error : identifier "PIdx13" is undefined
C:/Users/rben.KECK-CENTER/Documents/neurogpu2/VS/NeuroGPULast/NeuroGPU6/CudaStuff.cu(408): error : identifier "PIdx1" is undefined
C:/Users/rben.KECK-CENTER/Documents/neurogpu2/VS/NeuroGPULast/NeuroGPU6/CudaStuff.cu(408): error : identifier "PIdx1" is undefined
C:/Users/rben.KECK-CENTER/Documents/neurogpu2/VS/NeuroGPULast/NeuroGPU6/CudaStuff.cu(408): error : identifier "PIdx1" is undefined
C:/Users/rben.KECK-CENTER/Documents/neurogpu2/VS/NeuroGPULast/NeuroGPU6/CudaStuff.cu(408): error : identifier "PIdx1" is undefined
C:/Users/rben.KECK-CENTER/Documents/neurogpu2/VS/NeuroGPULast/NeuroGPU6/CudaStuff.cu(408): error : identifier "PIdx1" is undefined
C:/Users/rben.KECK-CENTER/Documents/neurogpu2/VS/NeuroGPULast/NeuroGPU6/CudaStuff.cu(408): error : identifier "PIdx1" is undefined
C:/Users/rben.KECK-CENTER/Documents/neurogpu2/VS/NeuroGPULast/NeuroGPU6/CudaStuff.cu(408): error : identifier "PIdx2" is undefined
C:/Users/rben.KECK-CENTER/Documents/neurogpu2/VS/NeuroGPULast/NeuroGPU6/CudaStuff.cu(408): error : identifier "PIdx2" is undefined
C:/Users/rben.KECK-CENTER/Documents/neurogpu2/VS/NeuroGPULast/NeuroGPU6/CudaStuff.cu(408): error : identifier "PIdx2" is undefined
  CudaStuff.cu
C:\Program Files (x86)\MSBuild\Microsoft.Cpp\v4.0\V110\BuildCustomizations\CUDA 7.0.targets(593,9): error MSB3721: The command ""C:\Program Files\NVIDIA GPU Computing Toolkit\CUDA\v7.0\bin\nvcc.exe" -gencode=arch=compute_35,code=\"sm_35,compute_35\" --use-local-env --cl-version 2012 -ccbin "C:\Program Files (x86)\Microsoft Visual Studio 11.0\VC\bin\x86_amd64" -rdc=true -I"C:\Program Files\NVIDIA GPU Computing Toolkit\CUDA\v7.0\include" -I"C:\Program Files\NVIDIA GPU Computing Toolkit\CUDA\v7.0\include" -I"C:\Program Files\NVIDIA GPU Computing Toolkit\CUDA\v7.0\include"  -G -lineinfo --keep --keep-dir x64\Release -maxrregcount=0  --machine 64 --compile -cudart static  -g  -use_fast_math -DWIN32 -DWIN64 -DNDEBUG -D_CONSOLE -D_MBCS -Xcompiler "/EHsc /W3 /nologo /Ox /Zi  /MD  " -o x64\Release\CudaStuff.cu.obj "C:\Users\rben.KECK-CENTER\Documents\neurogpu2\VS\NeuroGPULast\NeuroGPU6\CudaStuff.cu"" exited with code 4.
